[0.106s] DEBUG:colcon:Command line arguments: ['/usr/bin/colcon', 'build']
[0.106s] DEBUG:colcon:Parsed command line arguments: Namespace(log_base=None, log_level=None, verb_name='build', build_base='build', install_base='install', merge_install=False, symlink_install=False, test_result_base=None, continue_on_error=False, executor='parallel', parallel_workers=4, event_handlers=None, ignore_user_meta=False, metas=['./colcon.meta'], base_paths=['.'], packages_ignore=None, packages_ignore_regex=None, paths=None, packages_up_to=None, packages_up_to_regex=None, packages_above=None, packages_above_and_dependencies=None, packages_above_depth=None, packages_select_by_dep=None, packages_skip_by_dep=None, packages_skip_up_to=None, packages_select_build_failed=False, packages_skip_build_finished=False, packages_select_test_failures=False, packages_skip_test_passed=False, packages_select=None, packages_skip=None, packages_select_regex=None, packages_skip_regex=None, packages_start=None, packages_end=None, allow_overriding=[], cmake_args=None, cmake_target=None, cmake_target_skip_unavailable=False, cmake_clean_cache=False, cmake_clean_first=False, cmake_force_configure=False, ament_cmake_args=None, catkin_cmake_args=None, catkin_skip_building_tests=False, mixin_files=None, mixin=None, verb_parser=<colcon_mixin.mixin.mixin_argument.MixinArgumentDecorator object at 0x71d22eeaa2d0>, verb_extension=<colcon_core.verb.build.BuildVerb object at 0x71d22efcaab0>, main=<bound method BuildVerb.main of <colcon_core.verb.build.BuildVerb object at 0x71d22efcaab0>>, mixin_verb=('build',))
[0.142s] Level 1:colcon.colcon_core.package_discovery:discover_packages(colcon_meta) check parameters
[0.142s] Level 1:colcon.colcon_core.package_discovery:discover_packages(recursive) check parameters
[0.142s] Level 1:colcon.colcon_core.package_discovery:discover_packages(ignore) check parameters
[0.142s] Level 1:colcon.colcon_core.package_discovery:discover_packages(path) check parameters
[0.142s] Level 1:colcon.colcon_core.package_discovery:discover_packages(colcon_meta) discover
[0.142s] Level 1:colcon.colcon_core.package_discovery:discover_packages(recursive) discover
[0.142s] INFO:colcon.colcon_core.package_discovery:Crawling recursively for packages in '/home/jandro/ros2_gen2_ws'
[0.142s] Level 1:colcon.colcon_core.package_identification:_identify(.) by extensions ['ignore', 'ignore_ament_install']
[0.142s] Level 1:colcon.colcon_core.package_identification:_identify(.) by extension 'ignore'
[0.142s] Level 1:colcon.colcon_core.package_identification:_identify(.) by extension 'ignore_ament_install'
[0.142s] Level 1:colcon.colcon_core.package_identification:_identify(.) by extensions ['colcon_pkg']
[0.142s] Level 1:colcon.colcon_core.package_identification:_identify(.) by extension 'colcon_pkg'
[0.142s] Level 1:colcon.colcon_core.package_identification:_identify(.) by extensions ['colcon_meta']
[0.142s] Level 1:colcon.colcon_core.package_identification:_identify(.) by extension 'colcon_meta'
[0.143s] Level 1:colcon.colcon_core.package_identification:_identify(.) by extensions ['ros']
[0.143s] Level 1:colcon.colcon_core.package_identification:_identify(.) by extension 'ros'
[0.166s] Level 1:colcon.colcon_core.package_identification:_identify(.) by extensions ['cmake', 'python']
[0.166s] Level 1:colcon.colcon_core.package_identification:_identify(.) by extension 'cmake'
[0.166s] Level 1:colcon.colcon_core.package_identification:_identify(.) by extension 'python'
[0.166s] Level 1:colcon.colcon_core.package_identification:_identify(.) by extensions ['python_setup_py']
[0.166s] Level 1:colcon.colcon_core.package_identification:_identify(.) by extension 'python_setup_py'
[0.166s] Level 1:colcon.colcon_core.package_identification:_identify(build) by extensions ['ignore', 'ignore_ament_install']
[0.166s] Level 1:colcon.colcon_core.package_identification:_identify(build) by extension 'ignore'
[0.166s] Level 1:colcon.colcon_core.package_identification:_identify(build) ignored
[0.166s] Level 1:colcon.colcon_core.package_identification:_identify(install) by extensions ['ignore', 'ignore_ament_install']
[0.166s] Level 1:colcon.colcon_core.package_identification:_identify(install) by extension 'ignore'
[0.166s] Level 1:colcon.colcon_core.package_identification:_identify(install) ignored
[0.166s] Level 1:colcon.colcon_core.package_identification:_identify(log) by extensions ['ignore', 'ignore_ament_install']
[0.166s] Level 1:colcon.colcon_core.package_identification:_identify(log) by extension 'ignore'
[0.167s] Level 1:colcon.colcon_core.package_identification:_identify(log) ignored
[0.167s] Level 1:colcon.colcon_core.package_identification:_identify(src) by extensions ['ignore', 'ignore_ament_install']
[0.167s] Level 1:colcon.colcon_core.package_identification:_identify(src) by extension 'ignore'
[0.167s] Level 1:colcon.colcon_core.package_identification:_identify(src) by extension 'ignore_ament_install'
[0.167s] Level 1:colcon.colcon_core.package_identification:_identify(src) by extensions ['colcon_pkg']
[0.167s] Level 1:colcon.colcon_core.package_identification:_identify(src) by extension 'colcon_pkg'
[0.167s] Level 1:colcon.colcon_core.package_identification:_identify(src) by extensions ['colcon_meta']
[0.167s] Level 1:colcon.colcon_core.package_identification:_identify(src) by extension 'colcon_meta'
[0.167s] Level 1:colcon.colcon_core.package_identification:_identify(src) by extensions ['ros']
[0.167s] Level 1:colcon.colcon_core.package_identification:_identify(src) by extension 'ros'
[0.167s] Level 1:colcon.colcon_core.package_identification:_identify(src) by extensions ['cmake', 'python']
[0.167s] Level 1:colcon.colcon_core.package_identification:_identify(src) by extension 'cmake'
[0.167s] Level 1:colcon.colcon_core.package_identification:_identify(src) by extension 'python'
[0.167s] Level 1:colcon.colcon_core.package_identification:_identify(src) by extensions ['python_setup_py']
[0.167s] Level 1:colcon.colcon_core.package_identification:_identify(src) by extension 'python_setup_py'
[0.167s] Level 1:colcon.colcon_core.package_identification:_identify(src/collaborative_gen2) by extensions ['ignore', 'ignore_ament_install']
[0.167s] Level 1:colcon.colcon_core.package_identification:_identify(src/collaborative_gen2) by extension 'ignore'
[0.167s] Level 1:colcon.colcon_core.package_identification:_identify(src/collaborative_gen2) by extension 'ignore_ament_install'
[0.167s] Level 1:colcon.colcon_core.package_identification:_identify(src/collaborative_gen2) by extensions ['colcon_pkg']
[0.167s] Level 1:colcon.colcon_core.package_identification:_identify(src/collaborative_gen2) by extension 'colcon_pkg'
[0.167s] Level 1:colcon.colcon_core.package_identification:_identify(src/collaborative_gen2) by extensions ['colcon_meta']
[0.168s] Level 1:colcon.colcon_core.package_identification:_identify(src/collaborative_gen2) by extension 'colcon_meta'
[0.168s] Level 1:colcon.colcon_core.package_identification:_identify(src/collaborative_gen2) by extensions ['ros']
[0.168s] Level 1:colcon.colcon_core.package_identification:_identify(src/collaborative_gen2) by extension 'ros'
[0.170s] DEBUG:colcon.colcon_core.package_identification:Package 'src/collaborative_gen2' with type 'ros.ament_cmake' and name 'collaborative_gen2'
[0.170s] Level 1:colcon.colcon_core.package_identification:_identify(src/gen2_moveit_config) by extensions ['ignore', 'ignore_ament_install']
[0.170s] Level 1:colcon.colcon_core.package_identification:_identify(src/gen2_moveit_config) by extension 'ignore'
[0.170s] Level 1:colcon.colcon_core.package_identification:_identify(src/gen2_moveit_config) by extension 'ignore_ament_install'
[0.170s] Level 1:colcon.colcon_core.package_identification:_identify(src/gen2_moveit_config) by extensions ['colcon_pkg']
[0.170s] Level 1:colcon.colcon_core.package_identification:_identify(src/gen2_moveit_config) by extension 'colcon_pkg'
[0.170s] Level 1:colcon.colcon_core.package_identification:_identify(src/gen2_moveit_config) by extensions ['colcon_meta']
[0.170s] Level 1:colcon.colcon_core.package_identification:_identify(src/gen2_moveit_config) by extension 'colcon_meta'
[0.170s] Level 1:colcon.colcon_core.package_identification:_identify(src/gen2_moveit_config) by extensions ['ros']
[0.170s] Level 1:colcon.colcon_core.package_identification:_identify(src/gen2_moveit_config) by extension 'ros'
[0.171s] DEBUG:colcon.colcon_core.package_identification:Package 'src/gen2_moveit_config' with type 'ros.ament_cmake' and name 'gen2_moveit_config'
[0.171s] Level 1:colcon.colcon_core.package_identification:_identify(src/kinova_description) by extensions ['ignore', 'ignore_ament_install']
[0.171s] Level 1:colcon.colcon_core.package_identification:_identify(src/kinova_description) by extension 'ignore'
[0.171s] Level 1:colcon.colcon_core.package_identification:_identify(src/kinova_description) by extension 'ignore_ament_install'
[0.171s] Level 1:colcon.colcon_core.package_identification:_identify(src/kinova_description) by extensions ['colcon_pkg']
[0.171s] Level 1:colcon.colcon_core.package_identification:_identify(src/kinova_description) by extension 'colcon_pkg'
[0.171s] Level 1:colcon.colcon_core.package_identification:_identify(src/kinova_description) by extensions ['colcon_meta']
[0.171s] Level 1:colcon.colcon_core.package_identification:_identify(src/kinova_description) by extension 'colcon_meta'
[0.171s] Level 1:colcon.colcon_core.package_identification:_identify(src/kinova_description) by extensions ['ros']
[0.171s] Level 1:colcon.colcon_core.package_identification:_identify(src/kinova_description) by extension 'ros'
[0.172s] DEBUG:colcon.colcon_core.package_identification:Package 'src/kinova_description' with type 'ros.ament_cmake' and name 'kinova_description'
[0.172s] Level 1:colcon.colcon_core.package_discovery:discover_packages(recursive) using defaults
[0.172s] Level 1:colcon.colcon_core.package_discovery:discover_packages(ignore) discover
[0.172s] Level 1:colcon.colcon_core.package_discovery:discover_packages(ignore) using defaults
[0.172s] Level 1:colcon.colcon_core.package_discovery:discover_packages(path) discover
[0.172s] Level 1:colcon.colcon_core.package_discovery:discover_packages(path) using defaults
[0.189s] Level 1:colcon.colcon_core.package_discovery:discover_packages(prefix_path) check parameters
[0.189s] Level 1:colcon.colcon_core.package_discovery:discover_packages(prefix_path) discover
[0.194s] DEBUG:colcon.colcon_installed_package_information.package_discovery:Found 3 installed packages in /home/jandro/ros2_gen2_ws/install
[0.196s] DEBUG:colcon.colcon_installed_package_information.package_discovery:Found 73 installed packages in /home/jandro/workspace/ros2_kortex_ws/install
[0.198s] DEBUG:colcon.colcon_installed_package_information.package_discovery:Found 413 installed packages in /opt/ros/jazzy
[0.201s] Level 1:colcon.colcon_core.package_discovery:discover_packages(prefix_path) using defaults
[0.261s] Level 5:colcon.colcon_core.verb:set package 'collaborative_gen2' build argument 'cmake_args' from command line to 'None'
[0.261s] Level 5:colcon.colcon_core.verb:set package 'collaborative_gen2' build argument 'cmake_target' from command line to 'None'
[0.261s] Level 5:colcon.colcon_core.verb:set package 'collaborative_gen2' build argument 'cmake_target_skip_unavailable' from command line to 'False'
[0.261s] Level 5:colcon.colcon_core.verb:set package 'collaborative_gen2' build argument 'cmake_clean_cache' from command line to 'False'
[0.261s] Level 5:colcon.colcon_core.verb:set package 'collaborative_gen2' build argument 'cmake_clean_first' from command line to 'False'
[0.261s] Level 5:colcon.colcon_core.verb:set package 'collaborative_gen2' build argument 'cmake_force_configure' from command line to 'False'
[0.261s] Level 5:colcon.colcon_core.verb:set package 'collaborative_gen2' build argument 'ament_cmake_args' from command line to 'None'
[0.261s] Level 5:colcon.colcon_core.verb:set package 'collaborative_gen2' build argument 'catkin_cmake_args' from command line to 'None'
[0.261s] Level 5:colcon.colcon_core.verb:set package 'collaborative_gen2' build argument 'catkin_skip_building_tests' from command line to 'False'
[0.261s] DEBUG:colcon.colcon_core.verb:Building package 'collaborative_gen2' with the following arguments: {'ament_cmake_args': None, 'build_base': '/home/jandro/ros2_gen2_ws/build/collaborative_gen2', 'catkin_cmake_args': None, 'catkin_skip_building_tests': False, 'cmake_args': None, 'cmake_clean_cache': False, 'cmake_clean_first': False, 'cmake_force_configure': False, 'cmake_target': None, 'cmake_target_skip_unavailable': False, 'install_base': '/home/jandro/ros2_gen2_ws/install/collaborative_gen2', 'merge_install': False, 'path': '/home/jandro/ros2_gen2_ws/src/collaborative_gen2', 'symlink_install': False, 'test_result_base': None}
[0.261s] Level 5:colcon.colcon_core.verb:set package 'kinova_description' build argument 'cmake_args' from command line to 'None'
[0.262s] Level 5:colcon.colcon_core.verb:set package 'kinova_description' build argument 'cmake_target' from command line to 'None'
[0.262s] Level 5:colcon.colcon_core.verb:set package 'kinova_description' build argument 'cmake_target_skip_unavailable' from command line to 'False'
[0.262s] Level 5:colcon.colcon_core.verb:set package 'kinova_description' build argument 'cmake_clean_cache' from command line to 'False'
[0.262s] Level 5:colcon.colcon_core.verb:set package 'kinova_description' build argument 'cmake_clean_first' from command line to 'False'
[0.262s] Level 5:colcon.colcon_core.verb:set package 'kinova_description' build argument 'cmake_force_configure' from command line to 'False'
[0.262s] Level 5:colcon.colcon_core.verb:set package 'kinova_description' build argument 'ament_cmake_args' from command line to 'None'
[0.262s] Level 5:colcon.colcon_core.verb:set package 'kinova_description' build argument 'catkin_cmake_args' from command line to 'None'
[0.262s] Level 5:colcon.colcon_core.verb:set package 'kinova_description' build argument 'catkin_skip_building_tests' from command line to 'False'
[0.262s] DEBUG:colcon.colcon_core.verb:Building package 'kinova_description' with the following arguments: {'ament_cmake_args': None, 'build_base': '/home/jandro/ros2_gen2_ws/build/kinova_description', 'catkin_cmake_args': None, 'catkin_skip_building_tests': False, 'cmake_args': None, 'cmake_clean_cache': False, 'cmake_clean_first': False, 'cmake_force_configure': False, 'cmake_target': None, 'cmake_target_skip_unavailable': False, 'install_base': '/home/jandro/ros2_gen2_ws/install/kinova_description', 'merge_install': False, 'path': '/home/jandro/ros2_gen2_ws/src/kinova_description', 'symlink_install': False, 'test_result_base': None}
[0.262s] Level 5:colcon.colcon_core.verb:set package 'gen2_moveit_config' build argument 'cmake_args' from command line to 'None'
[0.262s] Level 5:colcon.colcon_core.verb:set package 'gen2_moveit_config' build argument 'cmake_target' from command line to 'None'
[0.262s] Level 5:colcon.colcon_core.verb:set package 'gen2_moveit_config' build argument 'cmake_target_skip_unavailable' from command line to 'False'
[0.262s] Level 5:colcon.colcon_core.verb:set package 'gen2_moveit_config' build argument 'cmake_clean_cache' from command line to 'False'
[0.262s] Level 5:colcon.colcon_core.verb:set package 'gen2_moveit_config' build argument 'cmake_clean_first' from command line to 'False'
[0.262s] Level 5:colcon.colcon_core.verb:set package 'gen2_moveit_config' build argument 'cmake_force_configure' from command line to 'False'
[0.262s] Level 5:colcon.colcon_core.verb:set package 'gen2_moveit_config' build argument 'ament_cmake_args' from command line to 'None'
[0.262s] Level 5:colcon.colcon_core.verb:set package 'gen2_moveit_config' build argument 'catkin_cmake_args' from command line to 'None'
[0.262s] Level 5:colcon.colcon_core.verb:set package 'gen2_moveit_config' build argument 'catkin_skip_building_tests' from command line to 'False'
[0.262s] DEBUG:colcon.colcon_core.verb:Building package 'gen2_moveit_config' with the following arguments: {'ament_cmake_args': None, 'build_base': '/home/jandro/ros2_gen2_ws/build/gen2_moveit_config', 'catkin_cmake_args': None, 'catkin_skip_building_tests': False, 'cmake_args': None, 'cmake_clean_cache': False, 'cmake_clean_first': False, 'cmake_force_configure': False, 'cmake_target': None, 'cmake_target_skip_unavailable': False, 'install_base': '/home/jandro/ros2_gen2_ws/install/gen2_moveit_config', 'merge_install': False, 'path': '/home/jandro/ros2_gen2_ws/src/gen2_moveit_config', 'symlink_install': False, 'test_result_base': None}
[0.262s] INFO:colcon.colcon_core.executor:Executing jobs using 'parallel' executor
[0.263s] DEBUG:colcon.colcon_parallel_executor.executor.parallel:run_until_complete
[0.263s] INFO:colcon.colcon_ros.task.ament_cmake.build:Building ROS package in '/home/jandro/ros2_gen2_ws/src/kinova_description' with build type 'ament_cmake'
[0.263s] INFO:colcon.colcon_cmake.task.cmake.build:Building CMake package in '/home/jandro/ros2_gen2_ws/src/kinova_description'
[0.265s] INFO:colcon.colcon_core.plugin_system:Skipping extension 'colcon_core.shell.bat': Not used on non-Windows systems
[0.266s] INFO:colcon.colcon_core.shell:Skip shell extension 'powershell' for command environment: Not usable outside of PowerShell
[0.266s] DEBUG:colcon.colcon_core.shell:Skip shell extension 'dsv' for command environment
[0.274s] INFO:colcon.colcon_ros.task.ament_cmake.build:Building ROS package in '/home/jandro/ros2_gen2_ws/src/collaborative_gen2' with build type 'ament_cmake'
[0.274s] INFO:colcon.colcon_cmake.task.cmake.build:Building CMake package in '/home/jandro/ros2_gen2_ws/src/collaborative_gen2'
[0.274s] INFO:colcon.colcon_core.shell:Skip shell extension 'powershell' for command environment: Not usable outside of PowerShell
[0.274s] DEBUG:colcon.colcon_core.shell:Skip shell extension 'dsv' for command environment
[0.287s] DEBUG:colcon.colcon_core.event_handler.log_command:Invoking command in '/home/jandro/ros2_gen2_ws/build/kinova_description': CMAKE_PREFIX_PATH=${CMAKE_PREFIX_PATH}:/home/jandro/workspace/ros2_kortex_ws/install/rqt_joint_trajectory_controller:/home/jandro/workspace/ros2_kortex_ws/install/rqt_controller_manager:/home/jandro/workspace/ros2_kortex_ws/install/ros2controlcli:/home/jandro/workspace/ros2_kortex_ws/install/ros2_controllers_test_nodes:/home/jandro/workspace/ros2_kortex_ws/install/generate_parameter_module_example:/home/jandro/workspace/ros2_kortex_ws/install/generate_parameter_library_py:/opt/ros/jazzy DEBUGINFOD_URLS=https://debuginfod.ubuntu.com /usr/bin/cmake --build /home/jandro/ros2_gen2_ws/build/kinova_description -- -j4 -l4
[0.304s] DEBUG:colcon.colcon_core.event_handler.log_command:Invoking command in '/home/jandro/ros2_gen2_ws/build/collaborative_gen2': CMAKE_PREFIX_PATH=${CMAKE_PREFIX_PATH}:/home/jandro/workspace/ros2_kortex_ws/install/rqt_joint_trajectory_controller:/home/jandro/workspace/ros2_kortex_ws/install/rqt_controller_manager:/home/jandro/workspace/ros2_kortex_ws/install/ros2controlcli:/home/jandro/workspace/ros2_kortex_ws/install/ros2_controllers_test_nodes:/home/jandro/workspace/ros2_kortex_ws/install/generate_parameter_module_example:/home/jandro/workspace/ros2_kortex_ws/install/generate_parameter_library_py:/opt/ros/jazzy DEBUGINFOD_URLS=https://debuginfod.ubuntu.com /usr/bin/cmake --build /home/jandro/ros2_gen2_ws/build/collaborative_gen2 -- -j4 -l4
[0.347s] DEBUG:colcon.colcon_core.event_handler.log_command:Invoked command in '/home/jandro/ros2_gen2_ws/build/kinova_description' returned '0': CMAKE_PREFIX_PATH=${CMAKE_PREFIX_PATH}:/home/jandro/workspace/ros2_kortex_ws/install/rqt_joint_trajectory_controller:/home/jandro/workspace/ros2_kortex_ws/install/rqt_controller_manager:/home/jandro/workspace/ros2_kortex_ws/install/ros2controlcli:/home/jandro/workspace/ros2_kortex_ws/install/ros2_controllers_test_nodes:/home/jandro/workspace/ros2_kortex_ws/install/generate_parameter_module_example:/home/jandro/workspace/ros2_kortex_ws/install/generate_parameter_library_py:/opt/ros/jazzy DEBUGINFOD_URLS=https://debuginfod.ubuntu.com /usr/bin/cmake --build /home/jandro/ros2_gen2_ws/build/kinova_description -- -j4 -l4
[0.362s] DEBUG:colcon.colcon_core.event_handler.log_command:Invoking command in '/home/jandro/ros2_gen2_ws/build/kinova_description': CMAKE_PREFIX_PATH=${CMAKE_PREFIX_PATH}:/home/jandro/workspace/ros2_kortex_ws/install/rqt_joint_trajectory_controller:/home/jandro/workspace/ros2_kortex_ws/install/rqt_controller_manager:/home/jandro/workspace/ros2_kortex_ws/install/ros2controlcli:/home/jandro/workspace/ros2_kortex_ws/install/ros2_controllers_test_nodes:/home/jandro/workspace/ros2_kortex_ws/install/generate_parameter_module_example:/home/jandro/workspace/ros2_kortex_ws/install/generate_parameter_library_py:/opt/ros/jazzy DEBUGINFOD_URLS=https://debuginfod.ubuntu.com /usr/bin/cmake --install /home/jandro/ros2_gen2_ws/build/kinova_description
[0.381s] Level 1:colcon.colcon_core.environment:create_environment_scripts_only(kinova_description)
[0.384s] Level 1:colcon.colcon_core.environment:checking '/home/jandro/ros2_gen2_ws/install/kinova_description' for CMake module files
[0.388s] Level 1:colcon.colcon_core.environment:checking '/home/jandro/ros2_gen2_ws/install/kinova_description' for CMake config files
[0.389s] Level 1:colcon.colcon_core.shell:create_environment_hook('kinova_description', 'cmake_prefix_path')
[0.389s] INFO:colcon.colcon_core.shell:Creating environment hook '/home/jandro/ros2_gen2_ws/install/kinova_description/share/kinova_description/hook/cmake_prefix_path.ps1'
[0.389s] INFO:colcon.colcon_core.shell:Creating environment descriptor '/home/jandro/ros2_gen2_ws/install/kinova_description/share/kinova_description/hook/cmake_prefix_path.dsv'
[0.392s] DEBUG:colcon.colcon_core.event_handler.log_command:Invoked command in '/home/jandro/ros2_gen2_ws/build/kinova_description' returned '0': CMAKE_PREFIX_PATH=${CMAKE_PREFIX_PATH}:/home/jandro/workspace/ros2_kortex_ws/install/rqt_joint_trajectory_controller:/home/jandro/workspace/ros2_kortex_ws/install/rqt_controller_manager:/home/jandro/workspace/ros2_kortex_ws/install/ros2controlcli:/home/jandro/workspace/ros2_kortex_ws/install/ros2_controllers_test_nodes:/home/jandro/workspace/ros2_kortex_ws/install/generate_parameter_module_example:/home/jandro/workspace/ros2_kortex_ws/install/generate_parameter_library_py:/opt/ros/jazzy DEBUGINFOD_URLS=https://debuginfod.ubuntu.com /usr/bin/cmake --install /home/jandro/ros2_gen2_ws/build/kinova_description
[0.393s] INFO:colcon.colcon_core.shell:Creating environment hook '/home/jandro/ros2_gen2_ws/install/kinova_description/share/kinova_description/hook/cmake_prefix_path.sh'
[0.395s] Level 1:colcon.colcon_core.environment:checking '/home/jandro/ros2_gen2_ws/install/kinova_description/bin'
[0.395s] Level 1:colcon.colcon_core.environment:checking '/home/jandro/ros2_gen2_ws/install/kinova_description/lib/pkgconfig/kinova_description.pc'
[0.395s] Level 1:colcon.colcon_core.environment:checking '/home/jandro/ros2_gen2_ws/install/kinova_description/lib/python3.12/site-packages'
[0.396s] Level 1:colcon.colcon_core.environment:checking '/home/jandro/ros2_gen2_ws/install/kinova_description/bin'
[0.397s] INFO:colcon.colcon_core.shell:Creating package script '/home/jandro/ros2_gen2_ws/install/kinova_description/share/kinova_description/package.ps1'
[0.398s] INFO:colcon.colcon_core.shell:Creating package descriptor '/home/jandro/ros2_gen2_ws/install/kinova_description/share/kinova_description/package.dsv'
[0.398s] INFO:colcon.colcon_core.shell:Creating package script '/home/jandro/ros2_gen2_ws/install/kinova_description/share/kinova_description/package.sh'
[0.399s] INFO:colcon.colcon_core.shell:Creating package script '/home/jandro/ros2_gen2_ws/install/kinova_description/share/kinova_description/package.bash'
[0.399s] INFO:colcon.colcon_core.shell:Creating package script '/home/jandro/ros2_gen2_ws/install/kinova_description/share/kinova_description/package.zsh'
[0.400s] Level 1:colcon.colcon_core.environment:create_file_with_runtime_dependencies(/home/jandro/ros2_gen2_ws/install/kinova_description/share/colcon-core/packages/kinova_description)
[0.400s] Level 1:colcon.colcon_core.environment:create_environment_scripts_only(kinova_description)
[0.400s] Level 1:colcon.colcon_core.environment:checking '/home/jandro/ros2_gen2_ws/install/kinova_description' for CMake module files
[0.401s] Level 1:colcon.colcon_core.environment:checking '/home/jandro/ros2_gen2_ws/install/kinova_description' for CMake config files
[0.401s] Level 1:colcon.colcon_core.shell:create_environment_hook('kinova_description', 'cmake_prefix_path')
[0.401s] INFO:colcon.colcon_core.shell:Creating environment hook '/home/jandro/ros2_gen2_ws/install/kinova_description/share/kinova_description/hook/cmake_prefix_path.ps1'
[0.402s] INFO:colcon.colcon_core.shell:Creating environment descriptor '/home/jandro/ros2_gen2_ws/install/kinova_description/share/kinova_description/hook/cmake_prefix_path.dsv'
[0.402s] INFO:colcon.colcon_core.shell:Creating environment hook '/home/jandro/ros2_gen2_ws/install/kinova_description/share/kinova_description/hook/cmake_prefix_path.sh'
[0.403s] Level 1:colcon.colcon_core.environment:checking '/home/jandro/ros2_gen2_ws/install/kinova_description/bin'
[0.403s] Level 1:colcon.colcon_core.environment:checking '/home/jandro/ros2_gen2_ws/install/kinova_description/lib/pkgconfig/kinova_description.pc'
[0.403s] Level 1:colcon.colcon_core.environment:checking '/home/jandro/ros2_gen2_ws/install/kinova_description/lib/python3.12/site-packages'
[0.404s] Level 1:colcon.colcon_core.environment:checking '/home/jandro/ros2_gen2_ws/install/kinova_description/bin'
[0.404s] INFO:colcon.colcon_core.shell:Creating package script '/home/jandro/ros2_gen2_ws/install/kinova_description/share/kinova_description/package.ps1'
[0.404s] INFO:colcon.colcon_core.shell:Creating package descriptor '/home/jandro/ros2_gen2_ws/install/kinova_description/share/kinova_description/package.dsv'
[0.405s] INFO:colcon.colcon_core.shell:Creating package script '/home/jandro/ros2_gen2_ws/install/kinova_description/share/kinova_description/package.sh'
[0.405s] INFO:colcon.colcon_core.shell:Creating package script '/home/jandro/ros2_gen2_ws/install/kinova_description/share/kinova_description/package.bash'
[0.405s] INFO:colcon.colcon_core.shell:Creating package script '/home/jandro/ros2_gen2_ws/install/kinova_description/share/kinova_description/package.zsh'
[0.406s] Level 1:colcon.colcon_core.environment:create_file_with_runtime_dependencies(/home/jandro/ros2_gen2_ws/install/kinova_description/share/colcon-core/packages/kinova_description)
[0.406s] INFO:colcon.colcon_ros.task.ament_cmake.build:Building ROS package in '/home/jandro/ros2_gen2_ws/src/gen2_moveit_config' with build type 'ament_cmake'
[0.406s] INFO:colcon.colcon_cmake.task.cmake.build:Building CMake package in '/home/jandro/ros2_gen2_ws/src/gen2_moveit_config'
[0.406s] INFO:colcon.colcon_core.shell:Skip shell extension 'powershell' for command environment: Not usable outside of PowerShell
[0.406s] DEBUG:colcon.colcon_core.shell:Skip shell extension 'dsv' for command environment
[0.423s] DEBUG:colcon.colcon_core.event_handler.log_command:Invoking command in '/home/jandro/ros2_gen2_ws/build/gen2_moveit_config': CMAKE_PREFIX_PATH=/home/jandro/ros2_gen2_ws/install/kinova_description:/home/jandro/ros2_gen2_ws/install/gen2_moveit_config:/home/jandro/ros2_gen2_ws/install/collaborative_gen2:/home/jandro/workspace/ros2_kortex_ws/install/kortex_bringup:/home/jandro/workspace/ros2_kortex_ws/install/kinova_gen3_lite_moveit_config:/home/jandro/workspace/ros2_kortex_ws/install/kinova_gen3_7dof_robotiq_2f_85_moveit_config:/home/jandro/workspace/ros2_kortex_ws/install/kinova_gen3_6dof_robotiq_2f_85_moveit_config:/home/jandro/workspace/ros2_kortex_ws/install/kortex_description:/home/jandro/workspace/ros2_kortex_ws/install/robotiq_description:/home/jandro/workspace/ros2_kortex_ws/install/ros2_controllers:/home/jandro/workspace/ros2_kortex_ws/install/gz_ros2_control_demos:/home/jandro/workspace/ros2_kortex_ws/install/velocity_controllers:/home/jandro/workspace/ros2_kortex_ws/install/tricycle_steering_controller:/home/jandro/workspace/ros2_kortex_ws/install/tricycle_controller:/home/jandro/workspace/ros2_kortex_ws/install/ros2_control:/home/jandro/workspace/ros2_kortex_ws/install/transmission_interface:/home/jandro/workspace/ros2_kortex_ws/install/test_ros_gz_bridge:/home/jandro/workspace/ros2_kortex_ws/install/bicycle_steering_controller:/home/jandro/workspace/ros2_kortex_ws/install/ackermann_steering_controller:/home/jandro/workspace/ros2_kortex_ws/install/steering_controllers_library:/home/jandro/workspace/ros2_kortex_ws/install/robotiq_hardware_tests:/home/jandro/workspace/ros2_kortex_ws/install/robotiq_driver:/home/jandro/workspace/ros2_kortex_ws/install/serial:/home/jandro/workspace/ros2_kortex_ws/install/ros_gz:/home/jandro/workspace/ros2_kortex_ws/install/ros_gz_sim_demos:/home/jandro/workspace/ros2_kortex_ws/install/ros_gz_sim:/home/jandro/workspace/ros2_kortex_ws/install/ros_gz_image:/home/jandro/workspace/ros2_kortex_ws/install/ros_gz_bridge:/home/jandro/workspace/ros2_kortex_ws/install/ros_gz_interfaces:/home/jandro/workspace/ros2_kortex_ws/install/hardware_interface_testing:/home/jandro/workspace/ros2_kortex_ws/install/ros2_control_test_assets:/home/jandro/workspace/ros2_kortex_ws/install/gz_ros2_control:/home/jandro/workspace/ros2_kortex_ws/install/ros2_control_cmake:/home/jandro/workspace/ros2_kortex_ws/install/robotiq_controllers:/home/jandro/workspace/ros2_kortex_ws/install/range_sensor_broadcaster:/home/jandro/workspace/ros2_kortex_ws/install/position_controllers:/home/jandro/workspace/ros2_kortex_ws/install/pose_broadcaster:/home/jandro/workspace/ros2_kortex_ws/install/pid_controller:/home/jandro/workspace/ros2_kortex_ws/install/picknik_twist_controller:/home/jandro/workspace/ros2_kortex_ws/install/picknik_reset_fault_controller:/home/jandro/workspace/ros2_kortex_ws/install/parallel_gripper_controller:/home/jandro/workspace/ros2_kortex_ws/install/omni_wheel_drive_controller:/home/jandro/workspace/ros2_kortex_ws/install/joint_trajectory_controller:/home/jandro/workspace/ros2_kortex_ws/install/joint_state_broadcaster:/home/jandro/workspace/ros2_kortex_ws/install/imu_sensor_broadcaster:/home/jandro/workspace/ros2_kortex_ws/install/gripper_controllers:/home/jandro/workspace/ros2_kortex_ws/install/gps_sensor_broadcaster:/home/jandro/workspace/ros2_kortex_ws/install/gpio_controllers:/home/jandro/workspace/ros2_kortex_ws/install/generate_parameter_library_example_external:/home/jandro/workspace/ros2_kortex_ws/install/generate_parameter_library_example:/home/jandro/workspace/ros2_kortex_ws/install/effort_controllers:/home/jandro/workspace/ros2_kortex_ws/install/forward_command_controller:/home/jandro/workspace/ros2_kortex_ws/install/force_torque_sensor_broadcaster:/home/jandro/workspace/ros2_kortex_ws/install/diff_drive_controller:/home/jandro/workspace/ros2_kortex_ws/install/controller_manager:/home/jandro/workspace/ros2_kortex_ws/install/admittance_controller:/home/jandro/workspace/ros2_kortex_ws/install/control_toolbox:/home/jandro/workspace/ros2_kortex_ws/install/cmake_generate_parameter_module_example:/home/jandro/workspace/ros2_kortex_ws/install/generate_parameter_library:/home/jandro/workspace/ros2_kortex_ws/install/parameter_traits:/home/jandro/workspace/ros2_kortex_ws/install/mecanum_drive_controller:/home/jandro/workspace/ros2_kortex_ws/install/kortex_driver:/home/jandro/workspace/ros2_kortex_ws/install/kortex_api:/home/jandro/workspace/ros2_kortex_ws/install/chained_filter_controller:/home/jandro/workspace/ros2_kortex_ws/install/controller_interface:/home/jandro/workspace/ros2_kortex_ws/install/hardware_interface:/home/jandro/workspace/ros2_kortex_ws/install/joint_limits:/home/jandro/workspace/ros2_kortex_ws/install/gz_ros2_control_tests:/home/jandro/workspace/ros2_kortex_ws/install/controller_manager_msgs:/home/jandro/workspace/ros2_kortex_ws/install/control_msgs:/opt/ros/jazzy/opt/gz_sim_vendor:/opt/ros/jazzy/opt/gz_sensors_vendor:/opt/ros/jazzy/opt/gz_physics_vendor:/opt/ros/jazzy/opt/sdformat_vendor:/opt/ros/jazzy/opt/gz_gui_vendor:/opt/ros/jazzy/opt/gz_transport_vendor:/opt/ros/jazzy/opt/gz_rendering_vendor:/opt/ros/jazzy/opt/gz_plugin_vendor:/opt/ros/jazzy/opt/gz_fuel_tools_vendor:/opt/ros/jazzy/opt/gz_msgs_vendor:/opt/ros/jazzy/opt/gz_common_vendor:/opt/ros/jazzy/opt/gz_math_vendor:/opt/ros/jazzy/opt/gz_utils_vendor:/opt/ros/jazzy/opt/gz_tools_vendor:/opt/ros/jazzy/opt/gz_ogre_next_vendor:/opt/ros/jazzy/opt/gz_dartsim_vendor:/opt/ros/jazzy/opt/gz_cmake_vendor:/home/jandro/workspace/ros2_kortex_ws/install/rqt_joint_trajectory_controller:/home/jandro/workspace/ros2_kortex_ws/install/rqt_controller_manager:/home/jandro/workspace/ros2_kortex_ws/install/ros2controlcli:/home/jandro/workspace/ros2_kortex_ws/install/ros2_controllers_test_nodes:/home/jandro/workspace/ros2_kortex_ws/install/generate_parameter_module_example:/home/jandro/workspace/ros2_kortex_ws/install/generate_parameter_library_py:/opt/ros/jazzy DEBUGINFOD_URLS=https://debuginfod.ubuntu.com /usr/bin/cmake --build /home/jandro/ros2_gen2_ws/build/gen2_moveit_config -- -j4 -l4
[0.481s] DEBUG:colcon.colcon_core.event_handler.log_command:Invoked command in '/home/jandro/ros2_gen2_ws/build/gen2_moveit_config' returned '0': CMAKE_PREFIX_PATH=/home/jandro/ros2_gen2_ws/install/kinova_description:/home/jandro/ros2_gen2_ws/install/gen2_moveit_config:/home/jandro/ros2_gen2_ws/install/collaborative_gen2:/home/jandro/workspace/ros2_kortex_ws/install/kortex_bringup:/home/jandro/workspace/ros2_kortex_ws/install/kinova_gen3_lite_moveit_config:/home/jandro/workspace/ros2_kortex_ws/install/kinova_gen3_7dof_robotiq_2f_85_moveit_config:/home/jandro/workspace/ros2_kortex_ws/install/kinova_gen3_6dof_robotiq_2f_85_moveit_config:/home/jandro/workspace/ros2_kortex_ws/install/kortex_description:/home/jandro/workspace/ros2_kortex_ws/install/robotiq_description:/home/jandro/workspace/ros2_kortex_ws/install/ros2_controllers:/home/jandro/workspace/ros2_kortex_ws/install/gz_ros2_control_demos:/home/jandro/workspace/ros2_kortex_ws/install/velocity_controllers:/home/jandro/workspace/ros2_kortex_ws/install/tricycle_steering_controller:/home/jandro/workspace/ros2_kortex_ws/install/tricycle_controller:/home/jandro/workspace/ros2_kortex_ws/install/ros2_control:/home/jandro/workspace/ros2_kortex_ws/install/transmission_interface:/home/jandro/workspace/ros2_kortex_ws/install/test_ros_gz_bridge:/home/jandro/workspace/ros2_kortex_ws/install/bicycle_steering_controller:/home/jandro/workspace/ros2_kortex_ws/install/ackermann_steering_controller:/home/jandro/workspace/ros2_kortex_ws/install/steering_controllers_library:/home/jandro/workspace/ros2_kortex_ws/install/robotiq_hardware_tests:/home/jandro/workspace/ros2_kortex_ws/install/robotiq_driver:/home/jandro/workspace/ros2_kortex_ws/install/serial:/home/jandro/workspace/ros2_kortex_ws/install/ros_gz:/home/jandro/workspace/ros2_kortex_ws/install/ros_gz_sim_demos:/home/jandro/workspace/ros2_kortex_ws/install/ros_gz_sim:/home/jandro/workspace/ros2_kortex_ws/install/ros_gz_image:/home/jandro/workspace/ros2_kortex_ws/install/ros_gz_bridge:/home/jandro/workspace/ros2_kortex_ws/install/ros_gz_interfaces:/home/jandro/workspace/ros2_kortex_ws/install/hardware_interface_testing:/home/jandro/workspace/ros2_kortex_ws/install/ros2_control_test_assets:/home/jandro/workspace/ros2_kortex_ws/install/gz_ros2_control:/home/jandro/workspace/ros2_kortex_ws/install/ros2_control_cmake:/home/jandro/workspace/ros2_kortex_ws/install/robotiq_controllers:/home/jandro/workspace/ros2_kortex_ws/install/range_sensor_broadcaster:/home/jandro/workspace/ros2_kortex_ws/install/position_controllers:/home/jandro/workspace/ros2_kortex_ws/install/pose_broadcaster:/home/jandro/workspace/ros2_kortex_ws/install/pid_controller:/home/jandro/workspace/ros2_kortex_ws/install/picknik_twist_controller:/home/jandro/workspace/ros2_kortex_ws/install/picknik_reset_fault_controller:/home/jandro/workspace/ros2_kortex_ws/install/parallel_gripper_controller:/home/jandro/workspace/ros2_kortex_ws/install/omni_wheel_drive_controller:/home/jandro/workspace/ros2_kortex_ws/install/joint_trajectory_controller:/home/jandro/workspace/ros2_kortex_ws/install/joint_state_broadcaster:/home/jandro/workspace/ros2_kortex_ws/install/imu_sensor_broadcaster:/home/jandro/workspace/ros2_kortex_ws/install/gripper_controllers:/home/jandro/workspace/ros2_kortex_ws/install/gps_sensor_broadcaster:/home/jandro/workspace/ros2_kortex_ws/install/gpio_controllers:/home/jandro/workspace/ros2_kortex_ws/install/generate_parameter_library_example_external:/home/jandro/workspace/ros2_kortex_ws/install/generate_parameter_library_example:/home/jandro/workspace/ros2_kortex_ws/install/effort_controllers:/home/jandro/workspace/ros2_kortex_ws/install/forward_command_controller:/home/jandro/workspace/ros2_kortex_ws/install/force_torque_sensor_broadcaster:/home/jandro/workspace/ros2_kortex_ws/install/diff_drive_controller:/home/jandro/workspace/ros2_kortex_ws/install/controller_manager:/home/jandro/workspace/ros2_kortex_ws/install/admittance_controller:/home/jandro/workspace/ros2_kortex_ws/install/control_toolbox:/home/jandro/workspace/ros2_kortex_ws/install/cmake_generate_parameter_module_example:/home/jandro/workspace/ros2_kortex_ws/install/generate_parameter_library:/home/jandro/workspace/ros2_kortex_ws/install/parameter_traits:/home/jandro/workspace/ros2_kortex_ws/install/mecanum_drive_controller:/home/jandro/workspace/ros2_kortex_ws/install/kortex_driver:/home/jandro/workspace/ros2_kortex_ws/install/kortex_api:/home/jandro/workspace/ros2_kortex_ws/install/chained_filter_controller:/home/jandro/workspace/ros2_kortex_ws/install/controller_interface:/home/jandro/workspace/ros2_kortex_ws/install/hardware_interface:/home/jandro/workspace/ros2_kortex_ws/install/joint_limits:/home/jandro/workspace/ros2_kortex_ws/install/gz_ros2_control_tests:/home/jandro/workspace/ros2_kortex_ws/install/controller_manager_msgs:/home/jandro/workspace/ros2_kortex_ws/install/control_msgs:/opt/ros/jazzy/opt/gz_sim_vendor:/opt/ros/jazzy/opt/gz_sensors_vendor:/opt/ros/jazzy/opt/gz_physics_vendor:/opt/ros/jazzy/opt/sdformat_vendor:/opt/ros/jazzy/opt/gz_gui_vendor:/opt/ros/jazzy/opt/gz_transport_vendor:/opt/ros/jazzy/opt/gz_rendering_vendor:/opt/ros/jazzy/opt/gz_plugin_vendor:/opt/ros/jazzy/opt/gz_fuel_tools_vendor:/opt/ros/jazzy/opt/gz_msgs_vendor:/opt/ros/jazzy/opt/gz_common_vendor:/opt/ros/jazzy/opt/gz_math_vendor:/opt/ros/jazzy/opt/gz_utils_vendor:/opt/ros/jazzy/opt/gz_tools_vendor:/opt/ros/jazzy/opt/gz_ogre_next_vendor:/opt/ros/jazzy/opt/gz_dartsim_vendor:/opt/ros/jazzy/opt/gz_cmake_vendor:/home/jandro/workspace/ros2_kortex_ws/install/rqt_joint_trajectory_controller:/home/jandro/workspace/ros2_kortex_ws/install/rqt_controller_manager:/home/jandro/workspace/ros2_kortex_ws/install/ros2controlcli:/home/jandro/workspace/ros2_kortex_ws/install/ros2_controllers_test_nodes:/home/jandro/workspace/ros2_kortex_ws/install/generate_parameter_module_example:/home/jandro/workspace/ros2_kortex_ws/install/generate_parameter_library_py:/opt/ros/jazzy DEBUGINFOD_URLS=https://debuginfod.ubuntu.com /usr/bin/cmake --build /home/jandro/ros2_gen2_ws/build/gen2_moveit_config -- -j4 -l4
[0.482s] DEBUG:colcon.colcon_core.event_handler.log_command:Invoking command in '/home/jandro/ros2_gen2_ws/build/gen2_moveit_config': CMAKE_PREFIX_PATH=/home/jandro/ros2_gen2_ws/install/kinova_description:/home/jandro/ros2_gen2_ws/install/gen2_moveit_config:/home/jandro/ros2_gen2_ws/install/collaborative_gen2:/home/jandro/workspace/ros2_kortex_ws/install/kortex_bringup:/home/jandro/workspace/ros2_kortex_ws/install/kinova_gen3_lite_moveit_config:/home/jandro/workspace/ros2_kortex_ws/install/kinova_gen3_7dof_robotiq_2f_85_moveit_config:/home/jandro/workspace/ros2_kortex_ws/install/kinova_gen3_6dof_robotiq_2f_85_moveit_config:/home/jandro/workspace/ros2_kortex_ws/install/kortex_description:/home/jandro/workspace/ros2_kortex_ws/install/robotiq_description:/home/jandro/workspace/ros2_kortex_ws/install/ros2_controllers:/home/jandro/workspace/ros2_kortex_ws/install/gz_ros2_control_demos:/home/jandro/workspace/ros2_kortex_ws/install/velocity_controllers:/home/jandro/workspace/ros2_kortex_ws/install/tricycle_steering_controller:/home/jandro/workspace/ros2_kortex_ws/install/tricycle_controller:/home/jandro/workspace/ros2_kortex_ws/install/ros2_control:/home/jandro/workspace/ros2_kortex_ws/install/transmission_interface:/home/jandro/workspace/ros2_kortex_ws/install/test_ros_gz_bridge:/home/jandro/workspace/ros2_kortex_ws/install/bicycle_steering_controller:/home/jandro/workspace/ros2_kortex_ws/install/ackermann_steering_controller:/home/jandro/workspace/ros2_kortex_ws/install/steering_controllers_library:/home/jandro/workspace/ros2_kortex_ws/install/robotiq_hardware_tests:/home/jandro/workspace/ros2_kortex_ws/install/robotiq_driver:/home/jandro/workspace/ros2_kortex_ws/install/serial:/home/jandro/workspace/ros2_kortex_ws/install/ros_gz:/home/jandro/workspace/ros2_kortex_ws/install/ros_gz_sim_demos:/home/jandro/workspace/ros2_kortex_ws/install/ros_gz_sim:/home/jandro/workspace/ros2_kortex_ws/install/ros_gz_image:/home/jandro/workspace/ros2_kortex_ws/install/ros_gz_bridge:/home/jandro/workspace/ros2_kortex_ws/install/ros_gz_interfaces:/home/jandro/workspace/ros2_kortex_ws/install/hardware_interface_testing:/home/jandro/workspace/ros2_kortex_ws/install/ros2_control_test_assets:/home/jandro/workspace/ros2_kortex_ws/install/gz_ros2_control:/home/jandro/workspace/ros2_kortex_ws/install/ros2_control_cmake:/home/jandro/workspace/ros2_kortex_ws/install/robotiq_controllers:/home/jandro/workspace/ros2_kortex_ws/install/range_sensor_broadcaster:/home/jandro/workspace/ros2_kortex_ws/install/position_controllers:/home/jandro/workspace/ros2_kortex_ws/install/pose_broadcaster:/home/jandro/workspace/ros2_kortex_ws/install/pid_controller:/home/jandro/workspace/ros2_kortex_ws/install/picknik_twist_controller:/home/jandro/workspace/ros2_kortex_ws/install/picknik_reset_fault_controller:/home/jandro/workspace/ros2_kortex_ws/install/parallel_gripper_controller:/home/jandro/workspace/ros2_kortex_ws/install/omni_wheel_drive_controller:/home/jandro/workspace/ros2_kortex_ws/install/joint_trajectory_controller:/home/jandro/workspace/ros2_kortex_ws/install/joint_state_broadcaster:/home/jandro/workspace/ros2_kortex_ws/install/imu_sensor_broadcaster:/home/jandro/workspace/ros2_kortex_ws/install/gripper_controllers:/home/jandro/workspace/ros2_kortex_ws/install/gps_sensor_broadcaster:/home/jandro/workspace/ros2_kortex_ws/install/gpio_controllers:/home/jandro/workspace/ros2_kortex_ws/install/generate_parameter_library_example_external:/home/jandro/workspace/ros2_kortex_ws/install/generate_parameter_library_example:/home/jandro/workspace/ros2_kortex_ws/install/effort_controllers:/home/jandro/workspace/ros2_kortex_ws/install/forward_command_controller:/home/jandro/workspace/ros2_kortex_ws/install/force_torque_sensor_broadcaster:/home/jandro/workspace/ros2_kortex_ws/install/diff_drive_controller:/home/jandro/workspace/ros2_kortex_ws/install/controller_manager:/home/jandro/workspace/ros2_kortex_ws/install/admittance_controller:/home/jandro/workspace/ros2_kortex_ws/install/control_toolbox:/home/jandro/workspace/ros2_kortex_ws/install/cmake_generate_parameter_module_example:/home/jandro/workspace/ros2_kortex_ws/install/generate_parameter_library:/home/jandro/workspace/ros2_kortex_ws/install/parameter_traits:/home/jandro/workspace/ros2_kortex_ws/install/mecanum_drive_controller:/home/jandro/workspace/ros2_kortex_ws/install/kortex_driver:/home/jandro/workspace/ros2_kortex_ws/install/kortex_api:/home/jandro/workspace/ros2_kortex_ws/install/chained_filter_controller:/home/jandro/workspace/ros2_kortex_ws/install/controller_interface:/home/jandro/workspace/ros2_kortex_ws/install/hardware_interface:/home/jandro/workspace/ros2_kortex_ws/install/joint_limits:/home/jandro/workspace/ros2_kortex_ws/install/gz_ros2_control_tests:/home/jandro/workspace/ros2_kortex_ws/install/controller_manager_msgs:/home/jandro/workspace/ros2_kortex_ws/install/control_msgs:/opt/ros/jazzy/opt/gz_sim_vendor:/opt/ros/jazzy/opt/gz_sensors_vendor:/opt/ros/jazzy/opt/gz_physics_vendor:/opt/ros/jazzy/opt/sdformat_vendor:/opt/ros/jazzy/opt/gz_gui_vendor:/opt/ros/jazzy/opt/gz_transport_vendor:/opt/ros/jazzy/opt/gz_rendering_vendor:/opt/ros/jazzy/opt/gz_plugin_vendor:/opt/ros/jazzy/opt/gz_fuel_tools_vendor:/opt/ros/jazzy/opt/gz_msgs_vendor:/opt/ros/jazzy/opt/gz_common_vendor:/opt/ros/jazzy/opt/gz_math_vendor:/opt/ros/jazzy/opt/gz_utils_vendor:/opt/ros/jazzy/opt/gz_tools_vendor:/opt/ros/jazzy/opt/gz_ogre_next_vendor:/opt/ros/jazzy/opt/gz_dartsim_vendor:/opt/ros/jazzy/opt/gz_cmake_vendor:/home/jandro/workspace/ros2_kortex_ws/install/rqt_joint_trajectory_controller:/home/jandro/workspace/ros2_kortex_ws/install/rqt_controller_manager:/home/jandro/workspace/ros2_kortex_ws/install/ros2controlcli:/home/jandro/workspace/ros2_kortex_ws/install/ros2_controllers_test_nodes:/home/jandro/workspace/ros2_kortex_ws/install/generate_parameter_module_example:/home/jandro/workspace/ros2_kortex_ws/install/generate_parameter_library_py:/opt/ros/jazzy DEBUGINFOD_URLS=https://debuginfod.ubuntu.com /usr/bin/cmake --install /home/jandro/ros2_gen2_ws/build/gen2_moveit_config
[0.498s] Level 1:colcon.colcon_core.environment:create_environment_scripts_only(gen2_moveit_config)
[0.498s] Level 1:colcon.colcon_core.environment:checking '/home/jandro/ros2_gen2_ws/install/gen2_moveit_config' for CMake module files
[0.499s] Level 1:colcon.colcon_core.environment:checking '/home/jandro/ros2_gen2_ws/install/gen2_moveit_config' for CMake config files
[0.499s] DEBUG:colcon.colcon_core.event_handler.log_command:Invoked command in '/home/jandro/ros2_gen2_ws/build/gen2_moveit_config' returned '0': CMAKE_PREFIX_PATH=/home/jandro/ros2_gen2_ws/install/kinova_description:/home/jandro/ros2_gen2_ws/install/gen2_moveit_config:/home/jandro/ros2_gen2_ws/install/collaborative_gen2:/home/jandro/workspace/ros2_kortex_ws/install/kortex_bringup:/home/jandro/workspace/ros2_kortex_ws/install/kinova_gen3_lite_moveit_config:/home/jandro/workspace/ros2_kortex_ws/install/kinova_gen3_7dof_robotiq_2f_85_moveit_config:/home/jandro/workspace/ros2_kortex_ws/install/kinova_gen3_6dof_robotiq_2f_85_moveit_config:/home/jandro/workspace/ros2_kortex_ws/install/kortex_description:/home/jandro/workspace/ros2_kortex_ws/install/robotiq_description:/home/jandro/workspace/ros2_kortex_ws/install/ros2_controllers:/home/jandro/workspace/ros2_kortex_ws/install/gz_ros2_control_demos:/home/jandro/workspace/ros2_kortex_ws/install/velocity_controllers:/home/jandro/workspace/ros2_kortex_ws/install/tricycle_steering_controller:/home/jandro/workspace/ros2_kortex_ws/install/tricycle_controller:/home/jandro/workspace/ros2_kortex_ws/install/ros2_control:/home/jandro/workspace/ros2_kortex_ws/install/transmission_interface:/home/jandro/workspace/ros2_kortex_ws/install/test_ros_gz_bridge:/home/jandro/workspace/ros2_kortex_ws/install/bicycle_steering_controller:/home/jandro/workspace/ros2_kortex_ws/install/ackermann_steering_controller:/home/jandro/workspace/ros2_kortex_ws/install/steering_controllers_library:/home/jandro/workspace/ros2_kortex_ws/install/robotiq_hardware_tests:/home/jandro/workspace/ros2_kortex_ws/install/robotiq_driver:/home/jandro/workspace/ros2_kortex_ws/install/serial:/home/jandro/workspace/ros2_kortex_ws/install/ros_gz:/home/jandro/workspace/ros2_kortex_ws/install/ros_gz_sim_demos:/home/jandro/workspace/ros2_kortex_ws/install/ros_gz_sim:/home/jandro/workspace/ros2_kortex_ws/install/ros_gz_image:/home/jandro/workspace/ros2_kortex_ws/install/ros_gz_bridge:/home/jandro/workspace/ros2_kortex_ws/install/ros_gz_interfaces:/home/jandro/workspace/ros2_kortex_ws/install/hardware_interface_testing:/home/jandro/workspace/ros2_kortex_ws/install/ros2_control_test_assets:/home/jandro/workspace/ros2_kortex_ws/install/gz_ros2_control:/home/jandro/workspace/ros2_kortex_ws/install/ros2_control_cmake:/home/jandro/workspace/ros2_kortex_ws/install/robotiq_controllers:/home/jandro/workspace/ros2_kortex_ws/install/range_sensor_broadcaster:/home/jandro/workspace/ros2_kortex_ws/install/position_controllers:/home/jandro/workspace/ros2_kortex_ws/install/pose_broadcaster:/home/jandro/workspace/ros2_kortex_ws/install/pid_controller:/home/jandro/workspace/ros2_kortex_ws/install/picknik_twist_controller:/home/jandro/workspace/ros2_kortex_ws/install/picknik_reset_fault_controller:/home/jandro/workspace/ros2_kortex_ws/install/parallel_gripper_controller:/home/jandro/workspace/ros2_kortex_ws/install/omni_wheel_drive_controller:/home/jandro/workspace/ros2_kortex_ws/install/joint_trajectory_controller:/home/jandro/workspace/ros2_kortex_ws/install/joint_state_broadcaster:/home/jandro/workspace/ros2_kortex_ws/install/imu_sensor_broadcaster:/home/jandro/workspace/ros2_kortex_ws/install/gripper_controllers:/home/jandro/workspace/ros2_kortex_ws/install/gps_sensor_broadcaster:/home/jandro/workspace/ros2_kortex_ws/install/gpio_controllers:/home/jandro/workspace/ros2_kortex_ws/install/generate_parameter_library_example_external:/home/jandro/workspace/ros2_kortex_ws/install/generate_parameter_library_example:/home/jandro/workspace/ros2_kortex_ws/install/effort_controllers:/home/jandro/workspace/ros2_kortex_ws/install/forward_command_controller:/home/jandro/workspace/ros2_kortex_ws/install/force_torque_sensor_broadcaster:/home/jandro/workspace/ros2_kortex_ws/install/diff_drive_controller:/home/jandro/workspace/ros2_kortex_ws/install/controller_manager:/home/jandro/workspace/ros2_kortex_ws/install/admittance_controller:/home/jandro/workspace/ros2_kortex_ws/install/control_toolbox:/home/jandro/workspace/ros2_kortex_ws/install/cmake_generate_parameter_module_example:/home/jandro/workspace/ros2_kortex_ws/install/generate_parameter_library:/home/jandro/workspace/ros2_kortex_ws/install/parameter_traits:/home/jandro/workspace/ros2_kortex_ws/install/mecanum_drive_controller:/home/jandro/workspace/ros2_kortex_ws/install/kortex_driver:/home/jandro/workspace/ros2_kortex_ws/install/kortex_api:/home/jandro/workspace/ros2_kortex_ws/install/chained_filter_controller:/home/jandro/workspace/ros2_kortex_ws/install/controller_interface:/home/jandro/workspace/ros2_kortex_ws/install/hardware_interface:/home/jandro/workspace/ros2_kortex_ws/install/joint_limits:/home/jandro/workspace/ros2_kortex_ws/install/gz_ros2_control_tests:/home/jandro/workspace/ros2_kortex_ws/install/controller_manager_msgs:/home/jandro/workspace/ros2_kortex_ws/install/control_msgs:/opt/ros/jazzy/opt/gz_sim_vendor:/opt/ros/jazzy/opt/gz_sensors_vendor:/opt/ros/jazzy/opt/gz_physics_vendor:/opt/ros/jazzy/opt/sdformat_vendor:/opt/ros/jazzy/opt/gz_gui_vendor:/opt/ros/jazzy/opt/gz_transport_vendor:/opt/ros/jazzy/opt/gz_rendering_vendor:/opt/ros/jazzy/opt/gz_plugin_vendor:/opt/ros/jazzy/opt/gz_fuel_tools_vendor:/opt/ros/jazzy/opt/gz_msgs_vendor:/opt/ros/jazzy/opt/gz_common_vendor:/opt/ros/jazzy/opt/gz_math_vendor:/opt/ros/jazzy/opt/gz_utils_vendor:/opt/ros/jazzy/opt/gz_tools_vendor:/opt/ros/jazzy/opt/gz_ogre_next_vendor:/opt/ros/jazzy/opt/gz_dartsim_vendor:/opt/ros/jazzy/opt/gz_cmake_vendor:/home/jandro/workspace/ros2_kortex_ws/install/rqt_joint_trajectory_controller:/home/jandro/workspace/ros2_kortex_ws/install/rqt_controller_manager:/home/jandro/workspace/ros2_kortex_ws/install/ros2controlcli:/home/jandro/workspace/ros2_kortex_ws/install/ros2_controllers_test_nodes:/home/jandro/workspace/ros2_kortex_ws/install/generate_parameter_module_example:/home/jandro/workspace/ros2_kortex_ws/install/generate_parameter_library_py:/opt/ros/jazzy DEBUGINFOD_URLS=https://debuginfod.ubuntu.com /usr/bin/cmake --install /home/jandro/ros2_gen2_ws/build/gen2_moveit_config
[0.500s] Level 1:colcon.colcon_core.shell:create_environment_hook('gen2_moveit_config', 'cmake_prefix_path')
[0.500s] INFO:colcon.colcon_core.shell:Creating environment hook '/home/jandro/ros2_gen2_ws/install/gen2_moveit_config/share/gen2_moveit_config/hook/cmake_prefix_path.ps1'
[0.500s] INFO:colcon.colcon_core.shell:Creating environment descriptor '/home/jandro/ros2_gen2_ws/install/gen2_moveit_config/share/gen2_moveit_config/hook/cmake_prefix_path.dsv'
[0.500s] INFO:colcon.colcon_core.shell:Creating environment hook '/home/jandro/ros2_gen2_ws/install/gen2_moveit_config/share/gen2_moveit_config/hook/cmake_prefix_path.sh'
[0.501s] Level 1:colcon.colcon_core.environment:checking '/home/jandro/ros2_gen2_ws/install/gen2_moveit_config/bin'
[0.501s] Level 1:colcon.colcon_core.environment:checking '/home/jandro/ros2_gen2_ws/install/gen2_moveit_config/lib/pkgconfig/gen2_moveit_config.pc'
[0.501s] Level 1:colcon.colcon_core.environment:checking '/home/jandro/ros2_gen2_ws/install/gen2_moveit_config/lib/python3.12/site-packages'
[0.501s] Level 1:colcon.colcon_core.environment:checking '/home/jandro/ros2_gen2_ws/install/gen2_moveit_config/bin'
[0.502s] INFO:colcon.colcon_core.shell:Creating package script '/home/jandro/ros2_gen2_ws/install/gen2_moveit_config/share/gen2_moveit_config/package.ps1'
[0.502s] INFO:colcon.colcon_core.shell:Creating package descriptor '/home/jandro/ros2_gen2_ws/install/gen2_moveit_config/share/gen2_moveit_config/package.dsv'
[0.502s] INFO:colcon.colcon_core.shell:Creating package script '/home/jandro/ros2_gen2_ws/install/gen2_moveit_config/share/gen2_moveit_config/package.sh'
[0.503s] INFO:colcon.colcon_core.shell:Creating package script '/home/jandro/ros2_gen2_ws/install/gen2_moveit_config/share/gen2_moveit_config/package.bash'
[0.503s] INFO:colcon.colcon_core.shell:Creating package script '/home/jandro/ros2_gen2_ws/install/gen2_moveit_config/share/gen2_moveit_config/package.zsh'
[0.503s] Level 1:colcon.colcon_core.environment:create_file_with_runtime_dependencies(/home/jandro/ros2_gen2_ws/install/gen2_moveit_config/share/colcon-core/packages/gen2_moveit_config)
[0.504s] Level 1:colcon.colcon_core.environment:create_environment_scripts_only(gen2_moveit_config)
[0.504s] Level 1:colcon.colcon_core.environment:checking '/home/jandro/ros2_gen2_ws/install/gen2_moveit_config' for CMake module files
[0.504s] Level 1:colcon.colcon_core.environment:checking '/home/jandro/ros2_gen2_ws/install/gen2_moveit_config' for CMake config files
[0.504s] Level 1:colcon.colcon_core.shell:create_environment_hook('gen2_moveit_config', 'cmake_prefix_path')
[0.505s] INFO:colcon.colcon_core.shell:Creating environment hook '/home/jandro/ros2_gen2_ws/install/gen2_moveit_config/share/gen2_moveit_config/hook/cmake_prefix_path.ps1'
[0.508s] INFO:colcon.colcon_core.shell:Creating environment descriptor '/home/jandro/ros2_gen2_ws/install/gen2_moveit_config/share/gen2_moveit_config/hook/cmake_prefix_path.dsv'
[0.508s] INFO:colcon.colcon_core.shell:Creating environment hook '/home/jandro/ros2_gen2_ws/install/gen2_moveit_config/share/gen2_moveit_config/hook/cmake_prefix_path.sh'
[0.509s] Level 1:colcon.colcon_core.environment:checking '/home/jandro/ros2_gen2_ws/install/gen2_moveit_config/bin'
[0.509s] Level 1:colcon.colcon_core.environment:checking '/home/jandro/ros2_gen2_ws/install/gen2_moveit_config/lib/pkgconfig/gen2_moveit_config.pc'
[0.509s] Level 1:colcon.colcon_core.environment:checking '/home/jandro/ros2_gen2_ws/install/gen2_moveit_config/lib/python3.12/site-packages'
[0.510s] Level 1:colcon.colcon_core.environment:checking '/home/jandro/ros2_gen2_ws/install/gen2_moveit_config/bin'
[0.510s] INFO:colcon.colcon_core.shell:Creating package script '/home/jandro/ros2_gen2_ws/install/gen2_moveit_config/share/gen2_moveit_config/package.ps1'
[0.510s] INFO:colcon.colcon_core.shell:Creating package descriptor '/home/jandro/ros2_gen2_ws/install/gen2_moveit_config/share/gen2_moveit_config/package.dsv'
[0.511s] INFO:colcon.colcon_core.shell:Creating package script '/home/jandro/ros2_gen2_ws/install/gen2_moveit_config/share/gen2_moveit_config/package.sh'
[0.511s] INFO:colcon.colcon_core.shell:Creating package script '/home/jandro/ros2_gen2_ws/install/gen2_moveit_config/share/gen2_moveit_config/package.bash'
[0.511s] INFO:colcon.colcon_core.shell:Creating package script '/home/jandro/ros2_gen2_ws/install/gen2_moveit_config/share/gen2_moveit_config/package.zsh'
[0.512s] Level 1:colcon.colcon_core.environment:create_file_with_runtime_dependencies(/home/jandro/ros2_gen2_ws/install/gen2_moveit_config/share/colcon-core/packages/gen2_moveit_config)
[11.232s] DEBUG:colcon.colcon_core.event_handler.log_command:Invoked command in '/home/jandro/ros2_gen2_ws/build/collaborative_gen2' returned '0': CMAKE_PREFIX_PATH=${CMAKE_PREFIX_PATH}:/home/jandro/workspace/ros2_kortex_ws/install/rqt_joint_trajectory_controller:/home/jandro/workspace/ros2_kortex_ws/install/rqt_controller_manager:/home/jandro/workspace/ros2_kortex_ws/install/ros2controlcli:/home/jandro/workspace/ros2_kortex_ws/install/ros2_controllers_test_nodes:/home/jandro/workspace/ros2_kortex_ws/install/generate_parameter_module_example:/home/jandro/workspace/ros2_kortex_ws/install/generate_parameter_library_py:/opt/ros/jazzy DEBUGINFOD_URLS=https://debuginfod.ubuntu.com /usr/bin/cmake --build /home/jandro/ros2_gen2_ws/build/collaborative_gen2 -- -j4 -l4
[11.233s] DEBUG:colcon.colcon_core.event_handler.log_command:Invoking command in '/home/jandro/ros2_gen2_ws/build/collaborative_gen2': CMAKE_PREFIX_PATH=${CMAKE_PREFIX_PATH}:/home/jandro/workspace/ros2_kortex_ws/install/rqt_joint_trajectory_controller:/home/jandro/workspace/ros2_kortex_ws/install/rqt_controller_manager:/home/jandro/workspace/ros2_kortex_ws/install/ros2controlcli:/home/jandro/workspace/ros2_kortex_ws/install/ros2_controllers_test_nodes:/home/jandro/workspace/ros2_kortex_ws/install/generate_parameter_module_example:/home/jandro/workspace/ros2_kortex_ws/install/generate_parameter_library_py:/opt/ros/jazzy DEBUGINFOD_URLS=https://debuginfod.ubuntu.com /usr/bin/cmake --install /home/jandro/ros2_gen2_ws/build/collaborative_gen2
[11.264s] Level 1:colcon.colcon_core.environment:create_environment_scripts_only(collaborative_gen2)
[11.264s] Level 1:colcon.colcon_core.environment:checking '/home/jandro/ros2_gen2_ws/install/collaborative_gen2' for CMake module files
[11.265s] Level 1:colcon.colcon_core.environment:checking '/home/jandro/ros2_gen2_ws/install/collaborative_gen2' for CMake config files
[11.265s] Level 1:colcon.colcon_core.shell:create_environment_hook('collaborative_gen2', 'cmake_prefix_path')
[11.265s] INFO:colcon.colcon_core.shell:Creating environment hook '/home/jandro/ros2_gen2_ws/install/collaborative_gen2/share/collaborative_gen2/hook/cmake_prefix_path.ps1'
[11.266s] INFO:colcon.colcon_core.shell:Creating environment descriptor '/home/jandro/ros2_gen2_ws/install/collaborative_gen2/share/collaborative_gen2/hook/cmake_prefix_path.dsv'
[11.266s] INFO:colcon.colcon_core.shell:Creating environment hook '/home/jandro/ros2_gen2_ws/install/collaborative_gen2/share/collaborative_gen2/hook/cmake_prefix_path.sh'
[11.267s] Level 1:colcon.colcon_core.environment:checking '/home/jandro/ros2_gen2_ws/install/collaborative_gen2/lib'
[11.267s] Level 1:colcon.colcon_core.environment:checking '/home/jandro/ros2_gen2_ws/install/collaborative_gen2/bin'
[11.264s] DEBUG:colcon.colcon_core.event_handler.log_command:Invoked command in '/home/jandro/ros2_gen2_ws/build/collaborative_gen2' returned '0': CMAKE_PREFIX_PATH=${CMAKE_PREFIX_PATH}:/home/jandro/workspace/ros2_kortex_ws/install/rqt_joint_trajectory_controller:/home/jandro/workspace/ros2_kortex_ws/install/rqt_controller_manager:/home/jandro/workspace/ros2_kortex_ws/install/ros2controlcli:/home/jandro/workspace/ros2_kortex_ws/install/ros2_controllers_test_nodes:/home/jandro/workspace/ros2_kortex_ws/install/generate_parameter_module_example:/home/jandro/workspace/ros2_kortex_ws/install/generate_parameter_library_py:/opt/ros/jazzy DEBUGINFOD_URLS=https://debuginfod.ubuntu.com /usr/bin/cmake --install /home/jandro/ros2_gen2_ws/build/collaborative_gen2
[11.268s] Level 1:colcon.colcon_core.environment:checking '/home/jandro/ros2_gen2_ws/install/collaborative_gen2/lib/pkgconfig/collaborative_gen2.pc'
[11.268s] Level 1:colcon.colcon_core.environment:checking '/home/jandro/ros2_gen2_ws/install/collaborative_gen2/lib/python3.12/site-packages'
[11.269s] Level 1:colcon.colcon_core.environment:checking '/home/jandro/ros2_gen2_ws/install/collaborative_gen2/bin'
[11.269s] INFO:colcon.colcon_core.shell:Creating package script '/home/jandro/ros2_gen2_ws/install/collaborative_gen2/share/collaborative_gen2/package.ps1'
[11.270s] INFO:colcon.colcon_core.shell:Creating package descriptor '/home/jandro/ros2_gen2_ws/install/collaborative_gen2/share/collaborative_gen2/package.dsv'
[11.270s] INFO:colcon.colcon_core.shell:Creating package script '/home/jandro/ros2_gen2_ws/install/collaborative_gen2/share/collaborative_gen2/package.sh'
[11.270s] INFO:colcon.colcon_core.shell:Creating package script '/home/jandro/ros2_gen2_ws/install/collaborative_gen2/share/collaborative_gen2/package.bash'
[11.271s] INFO:colcon.colcon_core.shell:Creating package script '/home/jandro/ros2_gen2_ws/install/collaborative_gen2/share/collaborative_gen2/package.zsh'
[11.271s] Level 1:colcon.colcon_core.environment:create_file_with_runtime_dependencies(/home/jandro/ros2_gen2_ws/install/collaborative_gen2/share/colcon-core/packages/collaborative_gen2)
[11.272s] Level 1:colcon.colcon_core.environment:create_environment_scripts_only(collaborative_gen2)
[11.272s] Level 1:colcon.colcon_core.environment:checking '/home/jandro/ros2_gen2_ws/install/collaborative_gen2' for CMake module files
[11.273s] Level 1:colcon.colcon_core.environment:checking '/home/jandro/ros2_gen2_ws/install/collaborative_gen2' for CMake config files
[11.273s] Level 1:colcon.colcon_core.shell:create_environment_hook('collaborative_gen2', 'cmake_prefix_path')
[11.274s] INFO:colcon.colcon_core.shell:Creating environment hook '/home/jandro/ros2_gen2_ws/install/collaborative_gen2/share/collaborative_gen2/hook/cmake_prefix_path.ps1'
[11.274s] INFO:colcon.colcon_core.shell:Creating environment descriptor '/home/jandro/ros2_gen2_ws/install/collaborative_gen2/share/collaborative_gen2/hook/cmake_prefix_path.dsv'
[11.275s] INFO:colcon.colcon_core.shell:Creating environment hook '/home/jandro/ros2_gen2_ws/install/collaborative_gen2/share/collaborative_gen2/hook/cmake_prefix_path.sh'
[11.276s] Level 1:colcon.colcon_core.environment:checking '/home/jandro/ros2_gen2_ws/install/collaborative_gen2/lib'
[11.276s] Level 1:colcon.colcon_core.environment:checking '/home/jandro/ros2_gen2_ws/install/collaborative_gen2/bin'
[11.276s] Level 1:colcon.colcon_core.environment:checking '/home/jandro/ros2_gen2_ws/install/collaborative_gen2/lib/pkgconfig/collaborative_gen2.pc'
[11.276s] Level 1:colcon.colcon_core.environment:checking '/home/jandro/ros2_gen2_ws/install/collaborative_gen2/lib/python3.12/site-packages'
[11.276s] Level 1:colcon.colcon_core.environment:checking '/home/jandro/ros2_gen2_ws/install/collaborative_gen2/bin'
[11.277s] INFO:colcon.colcon_core.shell:Creating package script '/home/jandro/ros2_gen2_ws/install/collaborative_gen2/share/collaborative_gen2/package.ps1'
[11.277s] INFO:colcon.colcon_core.shell:Creating package descriptor '/home/jandro/ros2_gen2_ws/install/collaborative_gen2/share/collaborative_gen2/package.dsv'
[11.278s] INFO:colcon.colcon_core.shell:Creating package script '/home/jandro/ros2_gen2_ws/install/collaborative_gen2/share/collaborative_gen2/package.sh'
[11.278s] INFO:colcon.colcon_core.shell:Creating package script '/home/jandro/ros2_gen2_ws/install/collaborative_gen2/share/collaborative_gen2/package.bash'
[11.278s] INFO:colcon.colcon_core.shell:Creating package script '/home/jandro/ros2_gen2_ws/install/collaborative_gen2/share/collaborative_gen2/package.zsh'
[11.291s] Level 1:colcon.colcon_core.environment:create_file_with_runtime_dependencies(/home/jandro/ros2_gen2_ws/install/collaborative_gen2/share/colcon-core/packages/collaborative_gen2)
[11.292s] DEBUG:colcon.colcon_parallel_executor.executor.parallel:closing loop
[11.293s] DEBUG:colcon.colcon_parallel_executor.executor.parallel:loop closed
[11.293s] DEBUG:colcon.colcon_parallel_executor.executor.parallel:run_until_complete finished with '0'
[11.293s] DEBUG:colcon.colcon_core.event_reactor:joining thread
[11.299s] INFO:colcon.colcon_core.plugin_system:Skipping extension 'colcon_notification.desktop_notification.terminal_notifier': Not used on non-Darwin systems
[11.299s] INFO:colcon.colcon_core.plugin_system:Skipping extension 'colcon_notification.desktop_notification.win32': Not used on non-Windows systems
[11.299s] INFO:colcon.colcon_notification.desktop_notification:Sending desktop notification using 'notify2'
[11.316s] DEBUG:colcon.colcon_core.event_reactor:joined thread
[11.316s] INFO:colcon.colcon_core.shell:Creating prefix script '/home/jandro/ros2_gen2_ws/install/local_setup.ps1'
[11.317s] INFO:colcon.colcon_core.shell:Creating prefix util module '/home/jandro/ros2_gen2_ws/install/_local_setup_util_ps1.py'
[11.318s] INFO:colcon.colcon_core.shell:Creating prefix chain script '/home/jandro/ros2_gen2_ws/install/setup.ps1'
[11.322s] INFO:colcon.colcon_core.shell:Creating prefix script '/home/jandro/ros2_gen2_ws/install/local_setup.sh'
[11.323s] INFO:colcon.colcon_core.shell:Creating prefix util module '/home/jandro/ros2_gen2_ws/install/_local_setup_util_sh.py'
[11.323s] INFO:colcon.colcon_core.shell:Creating prefix chain script '/home/jandro/ros2_gen2_ws/install/setup.sh'
[11.327s] INFO:colcon.colcon_core.shell:Creating prefix script '/home/jandro/ros2_gen2_ws/install/local_setup.bash'
[11.328s] INFO:colcon.colcon_core.shell:Creating prefix chain script '/home/jandro/ros2_gen2_ws/install/setup.bash'
[11.332s] INFO:colcon.colcon_core.shell:Creating prefix script '/home/jandro/ros2_gen2_ws/install/local_setup.zsh'
[11.332s] INFO:colcon.colcon_core.shell:Creating prefix chain script '/home/jandro/ros2_gen2_ws/install/setup.zsh'
