[0.017s] Invoking command in '/home/jandro/ros2_gen2_ws/build/collaborative_gen2': CMAKE_PREFIX_PATH=${CMAKE_PREFIX_PATH}:/home/jandro/workspace/ros2_kortex_ws/install/rqt_joint_trajectory_controller:/home/jandro/workspace/ros2_kortex_ws/install/rqt_controller_manager:/home/jandro/workspace/ros2_kortex_ws/install/ros2controlcli:/home/jandro/workspace/ros2_kortex_ws/install/ros2_controllers_test_nodes:/home/jandro/workspace/ros2_kortex_ws/install/generate_parameter_module_example:/home/jandro/workspace/ros2_kortex_ws/install/generate_parameter_library_py:/opt/ros/jazzy DEBUGINFOD_URLS=https://debuginfod.ubuntu.com /usr/bin/cmake --build /home/jandro/ros2_gen2_ws/build/collaborative_gen2 -- -j4 -l4
[0.120s] [ 33%] Built target client_b
[0.142s] [ 50%] [32mBuilding CXX object CMakeFiles/server_node.dir/src/central_server.cpp.o[0m
[0.147s] [ 83%] Built target client_a
[10.189s] [100%] [32m[1mLinking CXX executable server_node[0m
[11.237s] [100%] Built target server_node
[11.253s] Invoked command in '/home/jandro/ros2_gen2_ws/build/collaborative_gen2' returned '0': CMAKE_PREFIX_PATH=${CMAKE_PREFIX_PATH}:/home/jandro/workspace/ros2_kortex_ws/install/rqt_joint_trajectory_controller:/home/jandro/workspace/ros2_kortex_ws/install/rqt_controller_manager:/home/jandro/workspace/ros2_kortex_ws/install/ros2controlcli:/home/jandro/workspace/ros2_kortex_ws/install/ros2_controllers_test_nodes:/home/jandro/workspace/ros2_kortex_ws/install/generate_parameter_module_example:/home/jandro/workspace/ros2_kortex_ws/install/generate_parameter_library_py:/opt/ros/jazzy DEBUGINFOD_URLS=https://debuginfod.ubuntu.com /usr/bin/cmake --build /home/jandro/ros2_gen2_ws/build/collaborative_gen2 -- -j4 -l4
[11.254s] Invoking command in '/home/jandro/ros2_gen2_ws/build/collaborative_gen2': CMAKE_PREFIX_PATH=${CMAKE_PREFIX_PATH}:/home/jandro/workspace/ros2_kortex_ws/install/rqt_joint_trajectory_controller:/home/jandro/workspace/ros2_kortex_ws/install/rqt_controller_manager:/home/jandro/workspace/ros2_kortex_ws/install/ros2controlcli:/home/jandro/workspace/ros2_kortex_ws/install/ros2_controllers_test_nodes:/home/jandro/workspace/ros2_kortex_ws/install/generate_parameter_module_example:/home/jandro/workspace/ros2_kortex_ws/install/generate_parameter_library_py:/opt/ros/jazzy DEBUGINFOD_URLS=https://debuginfod.ubuntu.com /usr/bin/cmake --install /home/jandro/ros2_gen2_ws/build/collaborative_gen2
[11.267s] -- Install configuration: ""
[11.267s] -- Installing: /home/jandro/ros2_gen2_ws/install/collaborative_gen2/lib/collaborative_gen2/server_node
[11.274s] -- Set non-toolchain portion of runtime path of "/home/jandro/ros2_gen2_ws/install/collaborative_gen2/lib/collaborative_gen2/server_node" to ""
[11.274s] -- Up-to-date: /home/jandro/ros2_gen2_ws/install/collaborative_gen2/lib/collaborative_gen2/client_a
[11.275s] -- Up-to-date: /home/jandro/ros2_gen2_ws/install/collaborative_gen2/lib/collaborative_gen2/client_b
[11.275s] -- Up-to-date: /home/jandro/ros2_gen2_ws/install/collaborative_gen2/share/collaborative_gen2/launch
[11.275s] -- Up-to-date: /home/jandro/ros2_gen2_ws/install/collaborative_gen2/share/collaborative_gen2/launch/server.launch.py
[11.275s] -- Up-to-date: /home/jandro/ros2_gen2_ws/install/collaborative_gen2/share/ament_index/resource_index/package_run_dependencies/collaborative_gen2
[11.275s] -- Up-to-date: /home/jandro/ros2_gen2_ws/install/collaborative_gen2/share/ament_index/resource_index/parent_prefix_path/collaborative_gen2
[11.275s] -- Up-to-date: /home/jandro/ros2_gen2_ws/install/collaborative_gen2/share/collaborative_gen2/environment/ament_prefix_path.sh
[11.275s] -- Up-to-date: /home/jandro/ros2_gen2_ws/install/collaborative_gen2/share/collaborative_gen2/environment/ament_prefix_path.dsv
[11.276s] -- Up-to-date: /home/jandro/ros2_gen2_ws/install/collaborative_gen2/share/collaborative_gen2/environment/path.sh
[11.276s] -- Up-to-date: /home/jandro/ros2_gen2_ws/install/collaborative_gen2/share/collaborative_gen2/environment/path.dsv
[11.276s] -- Up-to-date: /home/jandro/ros2_gen2_ws/install/collaborative_gen2/share/collaborative_gen2/local_setup.bash
[11.276s] -- Up-to-date: /home/jandro/ros2_gen2_ws/install/collaborative_gen2/share/collaborative_gen2/local_setup.sh
[11.276s] -- Up-to-date: /home/jandro/ros2_gen2_ws/install/collaborative_gen2/share/collaborative_gen2/local_setup.zsh
[11.276s] -- Up-to-date: /home/jandro/ros2_gen2_ws/install/collaborative_gen2/share/collaborative_gen2/local_setup.dsv
[11.276s] -- Installing: /home/jandro/ros2_gen2_ws/install/collaborative_gen2/share/collaborative_gen2/package.dsv
[11.276s] -- Up-to-date: /home/jandro/ros2_gen2_ws/install/collaborative_gen2/share/ament_index/resource_index/packages/collaborative_gen2
[11.276s] -- Up-to-date: /home/jandro/ros2_gen2_ws/install/collaborative_gen2/share/collaborative_gen2/cmake/collaborative_gen2Config.cmake
[11.276s] -- Up-to-date: /home/jandro/ros2_gen2_ws/install/collaborative_gen2/share/collaborative_gen2/cmake/collaborative_gen2Config-version.cmake
[11.276s] -- Up-to-date: /home/jandro/ros2_gen2_ws/install/collaborative_gen2/share/collaborative_gen2/package.xml
[11.278s] Invoked command in '/home/jandro/ros2_gen2_ws/build/collaborative_gen2' returned '0': CMAKE_PREFIX_PATH=${CMAKE_PREFIX_PATH}:/home/jandro/workspace/ros2_kortex_ws/install/rqt_joint_trajectory_controller:/home/jandro/workspace/ros2_kortex_ws/install/rqt_controller_manager:/home/jandro/workspace/ros2_kortex_ws/install/ros2controlcli:/home/jandro/workspace/ros2_kortex_ws/install/ros2_controllers_test_nodes:/home/jandro/workspace/ros2_kortex_ws/install/generate_parameter_module_example:/home/jandro/workspace/ros2_kortex_ws/install/generate_parameter_library_py:/opt/ros/jazzy DEBUGINFOD_URLS=https://debuginfod.ubuntu.com /usr/bin/cmake --install /home/jandro/ros2_gen2_ws/build/collaborative_gen2
