[ 33%] Built target client_b
[ 66%] Built target client_a
[ 83%] [32mBuilding CXX object CMakeFiles/server_node.dir/src/central_server.cpp.o[0m
[100%] [32m[1mLinking CXX executable server_node[0m
[100%] Built target server_node
-- Install configuration: ""
-- Installing: /home/jandro/ros2_gen2_ws/install/collaborative_gen2/lib/collaborative_gen2/server_node
-- Set non-toolchain portion of runtime path of "/home/jandro/ros2_gen2_ws/install/collaborative_gen2/lib/collaborative_gen2/server_node" to ""
-- Up-to-date: /home/jandro/ros2_gen2_ws/install/collaborative_gen2/lib/collaborative_gen2/client_a
-- Up-to-date: /home/jandro/ros2_gen2_ws/install/collaborative_gen2/lib/collaborative_gen2/client_b
-- Up-to-date: /home/jandro/ros2_gen2_ws/install/collaborative_gen2/share/collaborative_gen2/launch
-- Up-to-date: /home/jandro/ros2_gen2_ws/install/collaborative_gen2/share/collaborative_gen2/launch/server.launch.py
-- Up-to-date: /home/jandro/ros2_gen2_ws/install/collaborative_gen2/share/ament_index/resource_index/package_run_dependencies/collaborative_gen2
-- Up-to-date: /home/jandro/ros2_gen2_ws/install/collaborative_gen2/share/ament_index/resource_index/parent_prefix_path/collaborative_gen2
-- Up-to-date: /home/jandro/ros2_gen2_ws/install/collaborative_gen2/share/collaborative_gen2/environment/ament_prefix_path.sh
-- Up-to-date: /home/jandro/ros2_gen2_ws/install/collaborative_gen2/share/collaborative_gen2/environment/ament_prefix_path.dsv
-- Up-to-date: /home/jandro/ros2_gen2_ws/install/collaborative_gen2/share/collaborative_gen2/environment/path.sh
-- Up-to-date: /home/jandro/ros2_gen2_ws/install/collaborative_gen2/share/collaborative_gen2/environment/path.dsv
-- Up-to-date: /home/jandro/ros2_gen2_ws/install/collaborative_gen2/share/collaborative_gen2/local_setup.bash
-- Up-to-date: /home/jandro/ros2_gen2_ws/install/collaborative_gen2/share/collaborative_gen2/local_setup.sh
-- Up-to-date: /home/jandro/ros2_gen2_ws/install/collaborative_gen2/share/collaborative_gen2/local_setup.zsh
-- Up-to-date: /home/jandro/ros2_gen2_ws/install/collaborative_gen2/share/collaborative_gen2/local_setup.dsv
-- Installing: /home/jandro/ros2_gen2_ws/install/collaborative_gen2/share/collaborative_gen2/package.dsv
-- Up-to-date: /home/jandro/ros2_gen2_ws/install/collaborative_gen2/share/ament_index/resource_index/packages/collaborative_gen2
-- Up-to-date: /home/jandro/ros2_gen2_ws/install/collaborative_gen2/share/collaborative_gen2/cmake/collaborative_gen2Config.cmake
-- Up-to-date: /home/jandro/ros2_gen2_ws/install/collaborative_gen2/share/collaborative_gen2/cmake/collaborative_gen2Config-version.cmake
-- Up-to-date: /home/jandro/ros2_gen2_ws/install/collaborative_gen2/share/collaborative_gen2/package.xml
