[0.109s] DEBUG:colcon:Command line arguments: ['/usr/bin/colcon', 'build']
[0.109s] DEBUG:colcon:Parsed command line arguments: Namespace(log_base=None, log_level=None, verb_name='build', build_base='build', install_base='install', merge_install=False, symlink_install=False, test_result_base=None, continue_on_error=False, executor='parallel', parallel_workers=4, event_handlers=None, ignore_user_meta=False, metas=['./colcon.meta'], base_paths=['.'], packages_ignore=None, packages_ignore_regex=None, paths=None, packages_up_to=None, packages_up_to_regex=None, packages_above=None, packages_above_and_dependencies=None, packages_above_depth=None, packages_select_by_dep=None, packages_skip_by_dep=None, packages_skip_up_to=None, packages_select_build_failed=False, packages_skip_build_finished=False, packages_select_test_failures=False, packages_skip_test_passed=False, packages_select=None, packages_skip=None, packages_select_regex=None, packages_skip_regex=None, packages_start=None, packages_end=None, allow_overriding=[], cmake_args=None, cmake_target=None, cmake_target_skip_unavailable=False, cmake_clean_cache=False, cmake_clean_first=False, cmake_force_configure=False, ament_cmake_args=None, catkin_cmake_args=None, catkin_skip_building_tests=False, mixin_files=None, mixin=None, verb_parser=<colcon_mixin.mixin.mixin_argument.MixinArgumentDecorator object at 0x71bb7c69a360>, verb_extension=<colcon_core.verb.build.BuildVerb object at 0x71bb7c7baae0>, main=<bound method BuildVerb.main of <colcon_core.verb.build.BuildVerb object at 0x71bb7c7baae0>>, mixin_verb=('build',))
[0.145s] Level 1:colcon.colcon_core.package_discovery:discover_packages(colcon_meta) check parameters
[0.145s] Level 1:colcon.colcon_core.package_discovery:discover_packages(recursive) check parameters
[0.145s] Level 1:colcon.colcon_core.package_discovery:discover_packages(ignore) check parameters
[0.145s] Level 1:colcon.colcon_core.package_discovery:discover_packages(path) check parameters
[0.145s] Level 1:colcon.colcon_core.package_discovery:discover_packages(colcon_meta) discover
[0.145s] Level 1:colcon.colcon_core.package_discovery:discover_packages(recursive) discover
[0.146s] INFO:colcon.colcon_core.package_discovery:Crawling recursively for packages in '/home/jandro/ros2_gen2_ws'
[0.146s] Level 1:colcon.colcon_core.package_identification:_identify(.) by extensions ['ignore', 'ignore_ament_install']
[0.146s] Level 1:colcon.colcon_core.package_identification:_identify(.) by extension 'ignore'
[0.146s] Level 1:colcon.colcon_core.package_identification:_identify(.) by extension 'ignore_ament_install'
[0.146s] Level 1:colcon.colcon_core.package_identification:_identify(.) by extensions ['colcon_pkg']
[0.146s] Level 1:colcon.colcon_core.package_identification:_identify(.) by extension 'colcon_pkg'
[0.146s] Level 1:colcon.colcon_core.package_identification:_identify(.) by extensions ['colcon_meta']
[0.146s] Level 1:colcon.colcon_core.package_identification:_identify(.) by extension 'colcon_meta'
[0.146s] Level 1:colcon.colcon_core.package_identification:_identify(.) by extensions ['ros']
[0.146s] Level 1:colcon.colcon_core.package_identification:_identify(.) by extension 'ros'
[0.170s] Level 1:colcon.colcon_core.package_identification:_identify(.) by extensions ['cmake', 'python']
[0.170s] Level 1:colcon.colcon_core.package_identification:_identify(.) by extension 'cmake'
[0.170s] Level 1:colcon.colcon_core.package_identification:_identify(.) by extension 'python'
[0.170s] Level 1:colcon.colcon_core.package_identification:_identify(.) by extensions ['python_setup_py']
[0.170s] Level 1:colcon.colcon_core.package_identification:_identify(.) by extension 'python_setup_py'
[0.170s] Level 1:colcon.colcon_core.package_identification:_identify(build) by extensions ['ignore', 'ignore_ament_install']
[0.170s] Level 1:colcon.colcon_core.package_identification:_identify(build) by extension 'ignore'
[0.170s] Level 1:colcon.colcon_core.package_identification:_identify(build) ignored
[0.170s] Level 1:colcon.colcon_core.package_identification:_identify(install) by extensions ['ignore', 'ignore_ament_install']
[0.170s] Level 1:colcon.colcon_core.package_identification:_identify(install) by extension 'ignore'
[0.170s] Level 1:colcon.colcon_core.package_identification:_identify(install) ignored
[0.170s] Level 1:colcon.colcon_core.package_identification:_identify(log) by extensions ['ignore', 'ignore_ament_install']
[0.171s] Level 1:colcon.colcon_core.package_identification:_identify(log) by extension 'ignore'
[0.171s] Level 1:colcon.colcon_core.package_identification:_identify(log) ignored
[0.171s] Level 1:colcon.colcon_core.package_identification:_identify(src) by extensions ['ignore', 'ignore_ament_install']
[0.171s] Level 1:colcon.colcon_core.package_identification:_identify(src) by extension 'ignore'
[0.171s] Level 1:colcon.colcon_core.package_identification:_identify(src) by extension 'ignore_ament_install'
[0.171s] Level 1:colcon.colcon_core.package_identification:_identify(src) by extensions ['colcon_pkg']
[0.171s] Level 1:colcon.colcon_core.package_identification:_identify(src) by extension 'colcon_pkg'
[0.171s] Level 1:colcon.colcon_core.package_identification:_identify(src) by extensions ['colcon_meta']
[0.171s] Level 1:colcon.colcon_core.package_identification:_identify(src) by extension 'colcon_meta'
[0.171s] Level 1:colcon.colcon_core.package_identification:_identify(src) by extensions ['ros']
[0.171s] Level 1:colcon.colcon_core.package_identification:_identify(src) by extension 'ros'
[0.171s] Level 1:colcon.colcon_core.package_identification:_identify(src) by extensions ['cmake', 'python']
[0.171s] Level 1:colcon.colcon_core.package_identification:_identify(src) by extension 'cmake'
[0.171s] Level 1:colcon.colcon_core.package_identification:_identify(src) by extension 'python'
[0.171s] Level 1:colcon.colcon_core.package_identification:_identify(src) by extensions ['python_setup_py']
[0.171s] Level 1:colcon.colcon_core.package_identification:_identify(src) by extension 'python_setup_py'
[0.171s] Level 1:colcon.colcon_core.package_identification:_identify(src/collaborative_gen2) by extensions ['ignore', 'ignore_ament_install']
[0.171s] Level 1:colcon.colcon_core.package_identification:_identify(src/collaborative_gen2) by extension 'ignore'
[0.171s] Level 1:colcon.colcon_core.package_identification:_identify(src/collaborative_gen2) by extension 'ignore_ament_install'
[0.171s] Level 1:colcon.colcon_core.package_identification:_identify(src/collaborative_gen2) by extensions ['colcon_pkg']
[0.172s] Level 1:colcon.colcon_core.package_identification:_identify(src/collaborative_gen2) by extension 'colcon_pkg'
[0.172s] Level 1:colcon.colcon_core.package_identification:_identify(src/collaborative_gen2) by extensions ['colcon_meta']
[0.172s] Level 1:colcon.colcon_core.package_identification:_identify(src/collaborative_gen2) by extension 'colcon_meta'
[0.172s] Level 1:colcon.colcon_core.package_identification:_identify(src/collaborative_gen2) by extensions ['ros']
[0.172s] Level 1:colcon.colcon_core.package_identification:_identify(src/collaborative_gen2) by extension 'ros'
[0.174s] DEBUG:colcon.colcon_core.package_identification:Package 'src/collaborative_gen2' with type 'ros.ament_cmake' and name 'collaborative_gen2'
[0.174s] Level 1:colcon.colcon_core.package_identification:_identify(src/gen2_moveit_config) by extensions ['ignore', 'ignore_ament_install']
[0.174s] Level 1:colcon.colcon_core.package_identification:_identify(src/gen2_moveit_config) by extension 'ignore'
[0.174s] Level 1:colcon.colcon_core.package_identification:_identify(src/gen2_moveit_config) by extension 'ignore_ament_install'
[0.174s] Level 1:colcon.colcon_core.package_identification:_identify(src/gen2_moveit_config) by extensions ['colcon_pkg']
[0.174s] Level 1:colcon.colcon_core.package_identification:_identify(src/gen2_moveit_config) by extension 'colcon_pkg'
[0.174s] Level 1:colcon.colcon_core.package_identification:_identify(src/gen2_moveit_config) by extensions ['colcon_meta']
[0.174s] Level 1:colcon.colcon_core.package_identification:_identify(src/gen2_moveit_config) by extension 'colcon_meta'
[0.174s] Level 1:colcon.colcon_core.package_identification:_identify(src/gen2_moveit_config) by extensions ['ros']
[0.174s] Level 1:colcon.colcon_core.package_identification:_identify(src/gen2_moveit_config) by extension 'ros'
[0.175s] DEBUG:colcon.colcon_core.package_identification:Package 'src/gen2_moveit_config' with type 'ros.ament_cmake' and name 'gen2_moveit_config'
[0.175s] Level 1:colcon.colcon_core.package_identification:_identify(src/kinova_description) by extensions ['ignore', 'ignore_ament_install']
[0.175s] Level 1:colcon.colcon_core.package_identification:_identify(src/kinova_description) by extension 'ignore'
[0.175s] Level 1:colcon.colcon_core.package_identification:_identify(src/kinova_description) by extension 'ignore_ament_install'
[0.175s] Level 1:colcon.colcon_core.package_identification:_identify(src/kinova_description) by extensions ['colcon_pkg']
[0.175s] Level 1:colcon.colcon_core.package_identification:_identify(src/kinova_description) by extension 'colcon_pkg'
[0.175s] Level 1:colcon.colcon_core.package_identification:_identify(src/kinova_description) by extensions ['colcon_meta']
[0.175s] Level 1:colcon.colcon_core.package_identification:_identify(src/kinova_description) by extension 'colcon_meta'
[0.175s] Level 1:colcon.colcon_core.package_identification:_identify(src/kinova_description) by extensions ['ros']
[0.175s] Level 1:colcon.colcon_core.package_identification:_identify(src/kinova_description) by extension 'ros'
[0.176s] DEBUG:colcon.colcon_core.package_identification:Package 'src/kinova_description' with type 'ros.ament_cmake' and name 'kinova_description'
[0.176s] Level 1:colcon.colcon_core.package_discovery:discover_packages(recursive) using defaults
[0.176s] Level 1:colcon.colcon_core.package_discovery:discover_packages(ignore) discover
[0.176s] Level 1:colcon.colcon_core.package_discovery:discover_packages(ignore) using defaults
[0.176s] Level 1:colcon.colcon_core.package_discovery:discover_packages(path) discover
[0.176s] Level 1:colcon.colcon_core.package_discovery:discover_packages(path) using defaults
[0.194s] Level 1:colcon.colcon_core.package_discovery:discover_packages(prefix_path) check parameters
[0.194s] Level 1:colcon.colcon_core.package_discovery:discover_packages(prefix_path) discover
[0.199s] DEBUG:colcon.colcon_installed_package_information.package_discovery:Found 3 installed packages in /home/jandro/ros2_gen2_ws/install
[0.201s] DEBUG:colcon.colcon_installed_package_information.package_discovery:Found 73 installed packages in /home/jandro/workspace/ros2_kortex_ws/install
[0.203s] DEBUG:colcon.colcon_installed_package_information.package_discovery:Found 413 installed packages in /opt/ros/jazzy
[0.206s] Level 1:colcon.colcon_core.package_discovery:discover_packages(prefix_path) using defaults
[0.268s] Level 5:colcon.colcon_core.verb:set package 'collaborative_gen2' build argument 'cmake_args' from command line to 'None'
[0.268s] Level 5:colcon.colcon_core.verb:set package 'collaborative_gen2' build argument 'cmake_target' from command line to 'None'
[0.268s] Level 5:colcon.colcon_core.verb:set package 'collaborative_gen2' build argument 'cmake_target_skip_unavailable' from command line to 'False'
[0.268s] Level 5:colcon.colcon_core.verb:set package 'collaborative_gen2' build argument 'cmake_clean_cache' from command line to 'False'
[0.268s] Level 5:colcon.colcon_core.verb:set package 'collaborative_gen2' build argument 'cmake_clean_first' from command line to 'False'
[0.268s] Level 5:colcon.colcon_core.verb:set package 'collaborative_gen2' build argument 'cmake_force_configure' from command line to 'False'
[0.268s] Level 5:colcon.colcon_core.verb:set package 'collaborative_gen2' build argument 'ament_cmake_args' from command line to 'None'
[0.268s] Level 5:colcon.colcon_core.verb:set package 'collaborative_gen2' build argument 'catkin_cmake_args' from command line to 'None'
[0.268s] Level 5:colcon.colcon_core.verb:set package 'collaborative_gen2' build argument 'catkin_skip_building_tests' from command line to 'False'
[0.268s] DEBUG:colcon.colcon_core.verb:Building package 'collaborative_gen2' with the following arguments: {'ament_cmake_args': None, 'build_base': '/home/jandro/ros2_gen2_ws/build/collaborative_gen2', 'catkin_cmake_args': None, 'catkin_skip_building_tests': False, 'cmake_args': None, 'cmake_clean_cache': False, 'cmake_clean_first': False, 'cmake_force_configure': False, 'cmake_target': None, 'cmake_target_skip_unavailable': False, 'install_base': '/home/jandro/ros2_gen2_ws/install/collaborative_gen2', 'merge_install': False, 'path': '/home/jandro/ros2_gen2_ws/src/collaborative_gen2', 'symlink_install': False, 'test_result_base': None}
[0.269s] Level 5:colcon.colcon_core.verb:set package 'kinova_description' build argument 'cmake_args' from command line to 'None'
[0.269s] Level 5:colcon.colcon_core.verb:set package 'kinova_description' build argument 'cmake_target' from command line to 'None'
[0.269s] Level 5:colcon.colcon_core.verb:set package 'kinova_description' build argument 'cmake_target_skip_unavailable' from command line to 'False'
[0.269s] Level 5:colcon.colcon_core.verb:set package 'kinova_description' build argument 'cmake_clean_cache' from command line to 'False'
[0.269s] Level 5:colcon.colcon_core.verb:set package 'kinova_description' build argument 'cmake_clean_first' from command line to 'False'
[0.269s] Level 5:colcon.colcon_core.verb:set package 'kinova_description' build argument 'cmake_force_configure' from command line to 'False'
[0.269s] Level 5:colcon.colcon_core.verb:set package 'kinova_description' build argument 'ament_cmake_args' from command line to 'None'
[0.269s] Level 5:colcon.colcon_core.verb:set package 'kinova_description' build argument 'catkin_cmake_args' from command line to 'None'
[0.269s] Level 5:colcon.colcon_core.verb:set package 'kinova_description' build argument 'catkin_skip_building_tests' from command line to 'False'
[0.269s] DEBUG:colcon.colcon_core.verb:Building package 'kinova_description' with the following arguments: {'ament_cmake_args': None, 'build_base': '/home/jandro/ros2_gen2_ws/build/kinova_description', 'catkin_cmake_args': None, 'catkin_skip_building_tests': False, 'cmake_args': None, 'cmake_clean_cache': False, 'cmake_clean_first': False, 'cmake_force_configure': False, 'cmake_target': None, 'cmake_target_skip_unavailable': False, 'install_base': '/home/jandro/ros2_gen2_ws/install/kinova_description', 'merge_install': False, 'path': '/home/jandro/ros2_gen2_ws/src/kinova_description', 'symlink_install': False, 'test_result_base': None}
[0.269s] Level 5:colcon.colcon_core.verb:set package 'gen2_moveit_config' build argument 'cmake_args' from command line to 'None'
[0.269s] Level 5:colcon.colcon_core.verb:set package 'gen2_moveit_config' build argument 'cmake_target' from command line to 'None'
[0.269s] Level 5:colcon.colcon_core.verb:set package 'gen2_moveit_config' build argument 'cmake_target_skip_unavailable' from command line to 'False'
[0.269s] Level 5:colcon.colcon_core.verb:set package 'gen2_moveit_config' build argument 'cmake_clean_cache' from command line to 'False'
[0.269s] Level 5:colcon.colcon_core.verb:set package 'gen2_moveit_config' build argument 'cmake_clean_first' from command line to 'False'
[0.269s] Level 5:colcon.colcon_core.verb:set package 'gen2_moveit_config' build argument 'cmake_force_configure' from command line to 'False'
[0.269s] Level 5:colcon.colcon_core.verb:set package 'gen2_moveit_config' build argument 'ament_cmake_args' from command line to 'None'
[0.269s] Level 5:colcon.colcon_core.verb:set package 'gen2_moveit_config' build argument 'catkin_cmake_args' from command line to 'None'
[0.269s] Level 5:colcon.colcon_core.verb:set package 'gen2_moveit_config' build argument 'catkin_skip_building_tests' from command line to 'False'
[0.269s] DEBUG:colcon.colcon_core.verb:Building package 'gen2_moveit_config' with the following arguments: {'ament_cmake_args': None, 'build_base': '/home/jandro/ros2_gen2_ws/build/gen2_moveit_config', 'catkin_cmake_args': None, 'catkin_skip_building_tests': False, 'cmake_args': None, 'cmake_clean_cache': False, 'cmake_clean_first': False, 'cmake_force_configure': False, 'cmake_target': None, 'cmake_target_skip_unavailable': False, 'install_base': '/home/jandro/ros2_gen2_ws/install/gen2_moveit_config', 'merge_install': False, 'path': '/home/jandro/ros2_gen2_ws/src/gen2_moveit_config', 'symlink_install': False, 'test_result_base': None}
[0.269s] INFO:colcon.colcon_core.executor:Executing jobs using 'parallel' executor
[0.270s] DEBUG:colcon.colcon_parallel_executor.executor.parallel:run_until_complete
[0.270s] INFO:colcon.colcon_ros.task.ament_cmake.build:Building ROS package in '/home/jandro/ros2_gen2_ws/src/kinova_description' with build type 'ament_cmake'
[0.270s] INFO:colcon.colcon_cmake.task.cmake.build:Building CMake package in '/home/jandro/ros2_gen2_ws/src/kinova_description'
[0.272s] INFO:colcon.colcon_core.plugin_system:Skipping extension 'colcon_core.shell.bat': Not used on non-Windows systems
[0.272s] INFO:colcon.colcon_core.shell:Skip shell extension 'powershell' for command environment: Not usable outside of PowerShell
[0.273s] DEBUG:colcon.colcon_core.shell:Skip shell extension 'dsv' for command environment
[0.281s] INFO:colcon.colcon_ros.task.ament_cmake.build:Building ROS package in '/home/jandro/ros2_gen2_ws/src/collaborative_gen2' with build type 'ament_cmake'
[0.281s] INFO:colcon.colcon_cmake.task.cmake.build:Building CMake package in '/home/jandro/ros2_gen2_ws/src/collaborative_gen2'
[0.281s] INFO:colcon.colcon_core.shell:Skip shell extension 'powershell' for command environment: Not usable outside of PowerShell
[0.282s] DEBUG:colcon.colcon_core.shell:Skip shell extension 'dsv' for command environment
[0.294s] DEBUG:colcon.colcon_core.event_handler.log_command:Invoking command in '/home/jandro/ros2_gen2_ws/build/kinova_description': CMAKE_PREFIX_PATH=${CMAKE_PREFIX_PATH}:/home/jandro/workspace/ros2_kortex_ws/install/rqt_joint_trajectory_controller:/home/jandro/workspace/ros2_kortex_ws/install/rqt_controller_manager:/home/jandro/workspace/ros2_kortex_ws/install/ros2controlcli:/home/jandro/workspace/ros2_kortex_ws/install/ros2_controllers_test_nodes:/home/jandro/workspace/ros2_kortex_ws/install/generate_parameter_module_example:/home/jandro/workspace/ros2_kortex_ws/install/generate_parameter_library_py:/opt/ros/jazzy DEBUGINFOD_URLS=https://debuginfod.ubuntu.com /usr/bin/cmake --build /home/jandro/ros2_gen2_ws/build/kinova_description -- -j4 -l4
[0.299s] DEBUG:colcon.colcon_core.event_handler.log_command:Invoking command in '/home/jandro/ros2_gen2_ws/build/collaborative_gen2': CMAKE_PREFIX_PATH=${CMAKE_PREFIX_PATH}:/home/jandro/workspace/ros2_kortex_ws/install/rqt_joint_trajectory_controller:/home/jandro/workspace/ros2_kortex_ws/install/rqt_controller_manager:/home/jandro/workspace/ros2_kortex_ws/install/ros2controlcli:/home/jandro/workspace/ros2_kortex_ws/install/ros2_controllers_test_nodes:/home/jandro/workspace/ros2_kortex_ws/install/generate_parameter_module_example:/home/jandro/workspace/ros2_kortex_ws/install/generate_parameter_library_py:/opt/ros/jazzy DEBUGINFOD_URLS=https://debuginfod.ubuntu.com /usr/bin/cmake --build /home/jandro/ros2_gen2_ws/build/collaborative_gen2 -- -j4 -l4
[0.364s] DEBUG:colcon.colcon_core.event_handler.log_command:Invoked command in '/home/jandro/ros2_gen2_ws/build/kinova_description' returned '0': CMAKE_PREFIX_PATH=${CMAKE_PREFIX_PATH}:/home/jandro/workspace/ros2_kortex_ws/install/rqt_joint_trajectory_controller:/home/jandro/workspace/ros2_kortex_ws/install/rqt_controller_manager:/home/jandro/workspace/ros2_kortex_ws/install/ros2controlcli:/home/jandro/workspace/ros2_kortex_ws/install/ros2_controllers_test_nodes:/home/jandro/workspace/ros2_kortex_ws/install/generate_parameter_module_example:/home/jandro/workspace/ros2_kortex_ws/install/generate_parameter_library_py:/opt/ros/jazzy DEBUGINFOD_URLS=https://debuginfod.ubuntu.com /usr/bin/cmake --build /home/jandro/ros2_gen2_ws/build/kinova_description -- -j4 -l4
[0.444s] DEBUG:colcon.colcon_core.event_handler.log_command:Invoking command in '/home/jandro/ros2_gen2_ws/build/kinova_description': CMAKE_PREFIX_PATH=${CMAKE_PREFIX_PATH}:/home/jandro/workspace/ros2_kortex_ws/install/rqt_joint_trajectory_controller:/home/jandro/workspace/ros2_kortex_ws/install/rqt_controller_manager:/home/jandro/workspace/ros2_kortex_ws/install/ros2controlcli:/home/jandro/workspace/ros2_kortex_ws/install/ros2_controllers_test_nodes:/home/jandro/workspace/ros2_kortex_ws/install/generate_parameter_module_example:/home/jandro/workspace/ros2_kortex_ws/install/generate_parameter_library_py:/opt/ros/jazzy DEBUGINFOD_URLS=https://debuginfod.ubuntu.com /usr/bin/cmake --install /home/jandro/ros2_gen2_ws/build/kinova_description
[0.478s] Level 1:colcon.colcon_core.environment:create_environment_scripts_only(kinova_description)
[0.486s] DEBUG:colcon.colcon_core.event_handler.log_command:Invoked command in '/home/jandro/ros2_gen2_ws/build/kinova_description' returned '0': CMAKE_PREFIX_PATH=${CMAKE_PREFIX_PATH}:/home/jandro/workspace/ros2_kortex_ws/install/rqt_joint_trajectory_controller:/home/jandro/workspace/ros2_kortex_ws/install/rqt_controller_manager:/home/jandro/workspace/ros2_kortex_ws/install/ros2controlcli:/home/jandro/workspace/ros2_kortex_ws/install/ros2_controllers_test_nodes:/home/jandro/workspace/ros2_kortex_ws/install/generate_parameter_module_example:/home/jandro/workspace/ros2_kortex_ws/install/generate_parameter_library_py:/opt/ros/jazzy DEBUGINFOD_URLS=https://debuginfod.ubuntu.com /usr/bin/cmake --install /home/jandro/ros2_gen2_ws/build/kinova_description
[0.490s] Level 1:colcon.colcon_core.environment:checking '/home/jandro/ros2_gen2_ws/install/kinova_description' for CMake module files
[0.491s] Level 1:colcon.colcon_core.environment:checking '/home/jandro/ros2_gen2_ws/install/kinova_description' for CMake config files
[0.491s] Level 1:colcon.colcon_core.shell:create_environment_hook('kinova_description', 'cmake_prefix_path')
[0.491s] INFO:colcon.colcon_core.shell:Creating environment hook '/home/jandro/ros2_gen2_ws/install/kinova_description/share/kinova_description/hook/cmake_prefix_path.ps1'
[0.492s] INFO:colcon.colcon_core.shell:Creating environment descriptor '/home/jandro/ros2_gen2_ws/install/kinova_description/share/kinova_description/hook/cmake_prefix_path.dsv'
[0.492s] INFO:colcon.colcon_core.shell:Creating environment hook '/home/jandro/ros2_gen2_ws/install/kinova_description/share/kinova_description/hook/cmake_prefix_path.sh'
[0.493s] Level 1:colcon.colcon_core.environment:checking '/home/jandro/ros2_gen2_ws/install/kinova_description/bin'
[0.493s] Level 1:colcon.colcon_core.environment:checking '/home/jandro/ros2_gen2_ws/install/kinova_description/lib/pkgconfig/kinova_description.pc'
[0.495s] Level 1:colcon.colcon_core.environment:checking '/home/jandro/ros2_gen2_ws/install/kinova_description/lib/python3.12/site-packages'
[0.495s] Level 1:colcon.colcon_core.environment:checking '/home/jandro/ros2_gen2_ws/install/kinova_description/bin'
[0.496s] INFO:colcon.colcon_core.shell:Creating package script '/home/jandro/ros2_gen2_ws/install/kinova_description/share/kinova_description/package.ps1'
[0.497s] INFO:colcon.colcon_core.shell:Creating package descriptor '/home/jandro/ros2_gen2_ws/install/kinova_description/share/kinova_description/package.dsv'
[0.498s] INFO:colcon.colcon_core.shell:Creating package script '/home/jandro/ros2_gen2_ws/install/kinova_description/share/kinova_description/package.sh'
[0.502s] INFO:colcon.colcon_core.shell:Creating package script '/home/jandro/ros2_gen2_ws/install/kinova_description/share/kinova_description/package.bash'
[0.502s] INFO:colcon.colcon_core.shell:Creating package script '/home/jandro/ros2_gen2_ws/install/kinova_description/share/kinova_description/package.zsh'
[0.534s] Level 1:colcon.colcon_core.environment:create_file_with_runtime_dependencies(/home/jandro/ros2_gen2_ws/install/kinova_description/share/colcon-core/packages/kinova_description)
[0.535s] Level 1:colcon.colcon_core.environment:create_environment_scripts_only(kinova_description)
[0.535s] Level 1:colcon.colcon_core.environment:checking '/home/jandro/ros2_gen2_ws/install/kinova_description' for CMake module files
[0.535s] Level 1:colcon.colcon_core.environment:checking '/home/jandro/ros2_gen2_ws/install/kinova_description' for CMake config files
[0.536s] Level 1:colcon.colcon_core.shell:create_environment_hook('kinova_description', 'cmake_prefix_path')
[0.537s] INFO:colcon.colcon_core.shell:Creating environment hook '/home/jandro/ros2_gen2_ws/install/kinova_description/share/kinova_description/hook/cmake_prefix_path.ps1'
[0.537s] INFO:colcon.colcon_core.shell:Creating environment descriptor '/home/jandro/ros2_gen2_ws/install/kinova_description/share/kinova_description/hook/cmake_prefix_path.dsv'
[0.537s] INFO:colcon.colcon_core.shell:Creating environment hook '/home/jandro/ros2_gen2_ws/install/kinova_description/share/kinova_description/hook/cmake_prefix_path.sh'
[0.538s] Level 1:colcon.colcon_core.environment:checking '/home/jandro/ros2_gen2_ws/install/kinova_description/bin'
[0.538s] Level 1:colcon.colcon_core.environment:checking '/home/jandro/ros2_gen2_ws/install/kinova_description/lib/pkgconfig/kinova_description.pc'
[0.540s] Level 1:colcon.colcon_core.environment:checking '/home/jandro/ros2_gen2_ws/install/kinova_description/lib/python3.12/site-packages'
[0.541s] Level 1:colcon.colcon_core.environment:checking '/home/jandro/ros2_gen2_ws/install/kinova_description/bin'
[0.541s] INFO:colcon.colcon_core.shell:Creating package script '/home/jandro/ros2_gen2_ws/install/kinova_description/share/kinova_description/package.ps1'
[0.541s] INFO:colcon.colcon_core.shell:Creating package descriptor '/home/jandro/ros2_gen2_ws/install/kinova_description/share/kinova_description/package.dsv'
[0.542s] INFO:colcon.colcon_core.shell:Creating package script '/home/jandro/ros2_gen2_ws/install/kinova_description/share/kinova_description/package.sh'
[0.546s] INFO:colcon.colcon_core.shell:Creating package script '/home/jandro/ros2_gen2_ws/install/kinova_description/share/kinova_description/package.bash'
[0.546s] INFO:colcon.colcon_core.shell:Creating package script '/home/jandro/ros2_gen2_ws/install/kinova_description/share/kinova_description/package.zsh'
[0.547s] Level 1:colcon.colcon_core.environment:create_file_with_runtime_dependencies(/home/jandro/ros2_gen2_ws/install/kinova_description/share/colcon-core/packages/kinova_description)
[0.547s] INFO:colcon.colcon_ros.task.ament_cmake.build:Building ROS package in '/home/jandro/ros2_gen2_ws/src/gen2_moveit_config' with build type 'ament_cmake'
[0.547s] INFO:colcon.colcon_cmake.task.cmake.build:Building CMake package in '/home/jandro/ros2_gen2_ws/src/gen2_moveit_config'
[0.547s] INFO:colcon.colcon_core.shell:Skip shell extension 'powershell' for command environment: Not usable outside of PowerShell
[0.547s] DEBUG:colcon.colcon_core.shell:Skip shell extension 'dsv' for command environment
[0.577s] DEBUG:colcon.colcon_core.event_handler.log_command:Invoking command in '/home/jandro/ros2_gen2_ws/build/gen2_moveit_config': CMAKE_PREFIX_PATH=/home/jandro/ros2_gen2_ws/install/kinova_description:/home/jandro/ros2_gen2_ws/install/gen2_moveit_config:/home/jandro/ros2_gen2_ws/install/collaborative_gen2:/home/jandro/workspace/ros2_kortex_ws/install/kortex_bringup:/home/jandro/workspace/ros2_kortex_ws/install/kinova_gen3_lite_moveit_config:/home/jandro/workspace/ros2_kortex_ws/install/kinova_gen3_7dof_robotiq_2f_85_moveit_config:/home/jandro/workspace/ros2_kortex_ws/install/kinova_gen3_6dof_robotiq_2f_85_moveit_config:/home/jandro/workspace/ros2_kortex_ws/install/kortex_description:/home/jandro/workspace/ros2_kortex_ws/install/robotiq_description:/home/jandro/workspace/ros2_kortex_ws/install/ros2_controllers:/home/jandro/workspace/ros2_kortex_ws/install/gz_ros2_control_demos:/home/jandro/workspace/ros2_kortex_ws/install/velocity_controllers:/home/jandro/workspace/ros2_kortex_ws/install/tricycle_steering_controller:/home/jandro/workspace/ros2_kortex_ws/install/tricycle_controller:/home/jandro/workspace/ros2_kortex_ws/install/ros2_control:/home/jandro/workspace/ros2_kortex_ws/install/transmission_interface:/home/jandro/workspace/ros2_kortex_ws/install/test_ros_gz_bridge:/home/jandro/workspace/ros2_kortex_ws/install/bicycle_steering_controller:/home/jandro/workspace/ros2_kortex_ws/install/ackermann_steering_controller:/home/jandro/workspace/ros2_kortex_ws/install/steering_controllers_library:/home/jandro/workspace/ros2_kortex_ws/install/robotiq_hardware_tests:/home/jandro/workspace/ros2_kortex_ws/install/robotiq_driver:/home/jandro/workspace/ros2_kortex_ws/install/serial:/home/jandro/workspace/ros2_kortex_ws/install/ros_gz:/home/jandro/workspace/ros2_kortex_ws/install/ros_gz_sim_demos:/home/jandro/workspace/ros2_kortex_ws/install/ros_gz_sim:/home/jandro/workspace/ros2_kortex_ws/install/ros_gz_image:/home/jandro/workspace/ros2_kortex_ws/install/ros_gz_bridge:/home/jandro/workspace/ros2_kortex_ws/install/ros_gz_interfaces:/home/jandro/workspace/ros2_kortex_ws/install/hardware_interface_testing:/home/jandro/workspace/ros2_kortex_ws/install/ros2_control_test_assets:/home/jandro/workspace/ros2_kortex_ws/install/gz_ros2_control:/home/jandro/workspace/ros2_kortex_ws/install/ros2_control_cmake:/home/jandro/workspace/ros2_kortex_ws/install/robotiq_controllers:/home/jandro/workspace/ros2_kortex_ws/install/range_sensor_broadcaster:/home/jandro/workspace/ros2_kortex_ws/install/position_controllers:/home/jandro/workspace/ros2_kortex_ws/install/pose_broadcaster:/home/jandro/workspace/ros2_kortex_ws/install/pid_controller:/home/jandro/workspace/ros2_kortex_ws/install/picknik_twist_controller:/home/jandro/workspace/ros2_kortex_ws/install/picknik_reset_fault_controller:/home/jandro/workspace/ros2_kortex_ws/install/parallel_gripper_controller:/home/jandro/workspace/ros2_kortex_ws/install/omni_wheel_drive_controller:/home/jandro/workspace/ros2_kortex_ws/install/joint_trajectory_controller:/home/jandro/workspace/ros2_kortex_ws/install/joint_state_broadcaster:/home/jandro/workspace/ros2_kortex_ws/install/imu_sensor_broadcaster:/home/jandro/workspace/ros2_kortex_ws/install/gripper_controllers:/home/jandro/workspace/ros2_kortex_ws/install/gps_sensor_broadcaster:/home/jandro/workspace/ros2_kortex_ws/install/gpio_controllers:/home/jandro/workspace/ros2_kortex_ws/install/generate_parameter_library_example_external:/home/jandro/workspace/ros2_kortex_ws/install/generate_parameter_library_example:/home/jandro/workspace/ros2_kortex_ws/install/effort_controllers:/home/jandro/workspace/ros2_kortex_ws/install/forward_command_controller:/home/jandro/workspace/ros2_kortex_ws/install/force_torque_sensor_broadcaster:/home/jandro/workspace/ros2_kortex_ws/install/diff_drive_controller:/home/jandro/workspace/ros2_kortex_ws/install/controller_manager:/home/jandro/workspace/ros2_kortex_ws/install/admittance_controller:/home/jandro/workspace/ros2_kortex_ws/install/control_toolbox:/home/jandro/workspace/ros2_kortex_ws/install/cmake_generate_parameter_module_example:/home/jandro/workspace/ros2_kortex_ws/install/generate_parameter_library:/home/jandro/workspace/ros2_kortex_ws/install/parameter_traits:/home/jandro/workspace/ros2_kortex_ws/install/mecanum_drive_controller:/home/jandro/workspace/ros2_kortex_ws/install/kortex_driver:/home/jandro/workspace/ros2_kortex_ws/install/kortex_api:/home/jandro/workspace/ros2_kortex_ws/install/chained_filter_controller:/home/jandro/workspace/ros2_kortex_ws/install/controller_interface:/home/jandro/workspace/ros2_kortex_ws/install/hardware_interface:/home/jandro/workspace/ros2_kortex_ws/install/joint_limits:/home/jandro/workspace/ros2_kortex_ws/install/gz_ros2_control_tests:/home/jandro/workspace/ros2_kortex_ws/install/controller_manager_msgs:/home/jandro/workspace/ros2_kortex_ws/install/control_msgs:/opt/ros/jazzy/opt/gz_sim_vendor:/opt/ros/jazzy/opt/gz_sensors_vendor:/opt/ros/jazzy/opt/gz_physics_vendor:/opt/ros/jazzy/opt/sdformat_vendor:/opt/ros/jazzy/opt/gz_gui_vendor:/opt/ros/jazzy/opt/gz_transport_vendor:/opt/ros/jazzy/opt/gz_rendering_vendor:/opt/ros/jazzy/opt/gz_plugin_vendor:/opt/ros/jazzy/opt/gz_fuel_tools_vendor:/opt/ros/jazzy/opt/gz_msgs_vendor:/opt/ros/jazzy/opt/gz_common_vendor:/opt/ros/jazzy/opt/gz_math_vendor:/opt/ros/jazzy/opt/gz_utils_vendor:/opt/ros/jazzy/opt/gz_tools_vendor:/opt/ros/jazzy/opt/gz_ogre_next_vendor:/opt/ros/jazzy/opt/gz_dartsim_vendor:/opt/ros/jazzy/opt/gz_cmake_vendor:/home/jandro/workspace/ros2_kortex_ws/install/rqt_joint_trajectory_controller:/home/jandro/workspace/ros2_kortex_ws/install/rqt_controller_manager:/home/jandro/workspace/ros2_kortex_ws/install/ros2controlcli:/home/jandro/workspace/ros2_kortex_ws/install/ros2_controllers_test_nodes:/home/jandro/workspace/ros2_kortex_ws/install/generate_parameter_module_example:/home/jandro/workspace/ros2_kortex_ws/install/generate_parameter_library_py:/opt/ros/jazzy DEBUGINFOD_URLS=https://debuginfod.ubuntu.com /usr/bin/cmake --build /home/jandro/ros2_gen2_ws/build/gen2_moveit_config -- -j4 -l4
[0.677s] DEBUG:colcon.colcon_core.event_handler.log_command:Invoked command in '/home/jandro/ros2_gen2_ws/build/gen2_moveit_config' returned '0': CMAKE_PREFIX_PATH=/home/jandro/ros2_gen2_ws/install/kinova_description:/home/jandro/ros2_gen2_ws/install/gen2_moveit_config:/home/jandro/ros2_gen2_ws/install/collaborative_gen2:/home/jandro/workspace/ros2_kortex_ws/install/kortex_bringup:/home/jandro/workspace/ros2_kortex_ws/install/kinova_gen3_lite_moveit_config:/home/jandro/workspace/ros2_kortex_ws/install/kinova_gen3_7dof_robotiq_2f_85_moveit_config:/home/jandro/workspace/ros2_kortex_ws/install/kinova_gen3_6dof_robotiq_2f_85_moveit_config:/home/jandro/workspace/ros2_kortex_ws/install/kortex_description:/home/jandro/workspace/ros2_kortex_ws/install/robotiq_description:/home/jandro/workspace/ros2_kortex_ws/install/ros2_controllers:/home/jandro/workspace/ros2_kortex_ws/install/gz_ros2_control_demos:/home/jandro/workspace/ros2_kortex_ws/install/velocity_controllers:/home/jandro/workspace/ros2_kortex_ws/install/tricycle_steering_controller:/home/jandro/workspace/ros2_kortex_ws/install/tricycle_controller:/home/jandro/workspace/ros2_kortex_ws/install/ros2_control:/home/jandro/workspace/ros2_kortex_ws/install/transmission_interface:/home/jandro/workspace/ros2_kortex_ws/install/test_ros_gz_bridge:/home/jandro/workspace/ros2_kortex_ws/install/bicycle_steering_controller:/home/jandro/workspace/ros2_kortex_ws/install/ackermann_steering_controller:/home/jandro/workspace/ros2_kortex_ws/install/steering_controllers_library:/home/jandro/workspace/ros2_kortex_ws/install/robotiq_hardware_tests:/home/jandro/workspace/ros2_kortex_ws/install/robotiq_driver:/home/jandro/workspace/ros2_kortex_ws/install/serial:/home/jandro/workspace/ros2_kortex_ws/install/ros_gz:/home/jandro/workspace/ros2_kortex_ws/install/ros_gz_sim_demos:/home/jandro/workspace/ros2_kortex_ws/install/ros_gz_sim:/home/jandro/workspace/ros2_kortex_ws/install/ros_gz_image:/home/jandro/workspace/ros2_kortex_ws/install/ros_gz_bridge:/home/jandro/workspace/ros2_kortex_ws/install/ros_gz_interfaces:/home/jandro/workspace/ros2_kortex_ws/install/hardware_interface_testing:/home/jandro/workspace/ros2_kortex_ws/install/ros2_control_test_assets:/home/jandro/workspace/ros2_kortex_ws/install/gz_ros2_control:/home/jandro/workspace/ros2_kortex_ws/install/ros2_control_cmake:/home/jandro/workspace/ros2_kortex_ws/install/robotiq_controllers:/home/jandro/workspace/ros2_kortex_ws/install/range_sensor_broadcaster:/home/jandro/workspace/ros2_kortex_ws/install/position_controllers:/home/jandro/workspace/ros2_kortex_ws/install/pose_broadcaster:/home/jandro/workspace/ros2_kortex_ws/install/pid_controller:/home/jandro/workspace/ros2_kortex_ws/install/picknik_twist_controller:/home/jandro/workspace/ros2_kortex_ws/install/picknik_reset_fault_controller:/home/jandro/workspace/ros2_kortex_ws/install/parallel_gripper_controller:/home/jandro/workspace/ros2_kortex_ws/install/omni_wheel_drive_controller:/home/jandro/workspace/ros2_kortex_ws/install/joint_trajectory_controller:/home/jandro/workspace/ros2_kortex_ws/install/joint_state_broadcaster:/home/jandro/workspace/ros2_kortex_ws/install/imu_sensor_broadcaster:/home/jandro/workspace/ros2_kortex_ws/install/gripper_controllers:/home/jandro/workspace/ros2_kortex_ws/install/gps_sensor_broadcaster:/home/jandro/workspace/ros2_kortex_ws/install/gpio_controllers:/home/jandro/workspace/ros2_kortex_ws/install/generate_parameter_library_example_external:/home/jandro/workspace/ros2_kortex_ws/install/generate_parameter_library_example:/home/jandro/workspace/ros2_kortex_ws/install/effort_controllers:/home/jandro/workspace/ros2_kortex_ws/install/forward_command_controller:/home/jandro/workspace/ros2_kortex_ws/install/force_torque_sensor_broadcaster:/home/jandro/workspace/ros2_kortex_ws/install/diff_drive_controller:/home/jandro/workspace/ros2_kortex_ws/install/controller_manager:/home/jandro/workspace/ros2_kortex_ws/install/admittance_controller:/home/jandro/workspace/ros2_kortex_ws/install/control_toolbox:/home/jandro/workspace/ros2_kortex_ws/install/cmake_generate_parameter_module_example:/home/jandro/workspace/ros2_kortex_ws/install/generate_parameter_library:/home/jandro/workspace/ros2_kortex_ws/install/parameter_traits:/home/jandro/workspace/ros2_kortex_ws/install/mecanum_drive_controller:/home/jandro/workspace/ros2_kortex_ws/install/kortex_driver:/home/jandro/workspace/ros2_kortex_ws/install/kortex_api:/home/jandro/workspace/ros2_kortex_ws/install/chained_filter_controller:/home/jandro/workspace/ros2_kortex_ws/install/controller_interface:/home/jandro/workspace/ros2_kortex_ws/install/hardware_interface:/home/jandro/workspace/ros2_kortex_ws/install/joint_limits:/home/jandro/workspace/ros2_kortex_ws/install/gz_ros2_control_tests:/home/jandro/workspace/ros2_kortex_ws/install/controller_manager_msgs:/home/jandro/workspace/ros2_kortex_ws/install/control_msgs:/opt/ros/jazzy/opt/gz_sim_vendor:/opt/ros/jazzy/opt/gz_sensors_vendor:/opt/ros/jazzy/opt/gz_physics_vendor:/opt/ros/jazzy/opt/sdformat_vendor:/opt/ros/jazzy/opt/gz_gui_vendor:/opt/ros/jazzy/opt/gz_transport_vendor:/opt/ros/jazzy/opt/gz_rendering_vendor:/opt/ros/jazzy/opt/gz_plugin_vendor:/opt/ros/jazzy/opt/gz_fuel_tools_vendor:/opt/ros/jazzy/opt/gz_msgs_vendor:/opt/ros/jazzy/opt/gz_common_vendor:/opt/ros/jazzy/opt/gz_math_vendor:/opt/ros/jazzy/opt/gz_utils_vendor:/opt/ros/jazzy/opt/gz_tools_vendor:/opt/ros/jazzy/opt/gz_ogre_next_vendor:/opt/ros/jazzy/opt/gz_dartsim_vendor:/opt/ros/jazzy/opt/gz_cmake_vendor:/home/jandro/workspace/ros2_kortex_ws/install/rqt_joint_trajectory_controller:/home/jandro/workspace/ros2_kortex_ws/install/rqt_controller_manager:/home/jandro/workspace/ros2_kortex_ws/install/ros2controlcli:/home/jandro/workspace/ros2_kortex_ws/install/ros2_controllers_test_nodes:/home/jandro/workspace/ros2_kortex_ws/install/generate_parameter_module_example:/home/jandro/workspace/ros2_kortex_ws/install/generate_parameter_library_py:/opt/ros/jazzy DEBUGINFOD_URLS=https://debuginfod.ubuntu.com /usr/bin/cmake --build /home/jandro/ros2_gen2_ws/build/gen2_moveit_config -- -j4 -l4
[0.678s] DEBUG:colcon.colcon_core.event_handler.log_command:Invoking command in '/home/jandro/ros2_gen2_ws/build/gen2_moveit_config': CMAKE_PREFIX_PATH=/home/jandro/ros2_gen2_ws/install/kinova_description:/home/jandro/ros2_gen2_ws/install/gen2_moveit_config:/home/jandro/ros2_gen2_ws/install/collaborative_gen2:/home/jandro/workspace/ros2_kortex_ws/install/kortex_bringup:/home/jandro/workspace/ros2_kortex_ws/install/kinova_gen3_lite_moveit_config:/home/jandro/workspace/ros2_kortex_ws/install/kinova_gen3_7dof_robotiq_2f_85_moveit_config:/home/jandro/workspace/ros2_kortex_ws/install/kinova_gen3_6dof_robotiq_2f_85_moveit_config:/home/jandro/workspace/ros2_kortex_ws/install/kortex_description:/home/jandro/workspace/ros2_kortex_ws/install/robotiq_description:/home/jandro/workspace/ros2_kortex_ws/install/ros2_controllers:/home/jandro/workspace/ros2_kortex_ws/install/gz_ros2_control_demos:/home/jandro/workspace/ros2_kortex_ws/install/velocity_controllers:/home/jandro/workspace/ros2_kortex_ws/install/tricycle_steering_controller:/home/jandro/workspace/ros2_kortex_ws/install/tricycle_controller:/home/jandro/workspace/ros2_kortex_ws/install/ros2_control:/home/jandro/workspace/ros2_kortex_ws/install/transmission_interface:/home/jandro/workspace/ros2_kortex_ws/install/test_ros_gz_bridge:/home/jandro/workspace/ros2_kortex_ws/install/bicycle_steering_controller:/home/jandro/workspace/ros2_kortex_ws/install/ackermann_steering_controller:/home/jandro/workspace/ros2_kortex_ws/install/steering_controllers_library:/home/jandro/workspace/ros2_kortex_ws/install/robotiq_hardware_tests:/home/jandro/workspace/ros2_kortex_ws/install/robotiq_driver:/home/jandro/workspace/ros2_kortex_ws/install/serial:/home/jandro/workspace/ros2_kortex_ws/install/ros_gz:/home/jandro/workspace/ros2_kortex_ws/install/ros_gz_sim_demos:/home/jandro/workspace/ros2_kortex_ws/install/ros_gz_sim:/home/jandro/workspace/ros2_kortex_ws/install/ros_gz_image:/home/jandro/workspace/ros2_kortex_ws/install/ros_gz_bridge:/home/jandro/workspace/ros2_kortex_ws/install/ros_gz_interfaces:/home/jandro/workspace/ros2_kortex_ws/install/hardware_interface_testing:/home/jandro/workspace/ros2_kortex_ws/install/ros2_control_test_assets:/home/jandro/workspace/ros2_kortex_ws/install/gz_ros2_control:/home/jandro/workspace/ros2_kortex_ws/install/ros2_control_cmake:/home/jandro/workspace/ros2_kortex_ws/install/robotiq_controllers:/home/jandro/workspace/ros2_kortex_ws/install/range_sensor_broadcaster:/home/jandro/workspace/ros2_kortex_ws/install/position_controllers:/home/jandro/workspace/ros2_kortex_ws/install/pose_broadcaster:/home/jandro/workspace/ros2_kortex_ws/install/pid_controller:/home/jandro/workspace/ros2_kortex_ws/install/picknik_twist_controller:/home/jandro/workspace/ros2_kortex_ws/install/picknik_reset_fault_controller:/home/jandro/workspace/ros2_kortex_ws/install/parallel_gripper_controller:/home/jandro/workspace/ros2_kortex_ws/install/omni_wheel_drive_controller:/home/jandro/workspace/ros2_kortex_ws/install/joint_trajectory_controller:/home/jandro/workspace/ros2_kortex_ws/install/joint_state_broadcaster:/home/jandro/workspace/ros2_kortex_ws/install/imu_sensor_broadcaster:/home/jandro/workspace/ros2_kortex_ws/install/gripper_controllers:/home/jandro/workspace/ros2_kortex_ws/install/gps_sensor_broadcaster:/home/jandro/workspace/ros2_kortex_ws/install/gpio_controllers:/home/jandro/workspace/ros2_kortex_ws/install/generate_parameter_library_example_external:/home/jandro/workspace/ros2_kortex_ws/install/generate_parameter_library_example:/home/jandro/workspace/ros2_kortex_ws/install/effort_controllers:/home/jandro/workspace/ros2_kortex_ws/install/forward_command_controller:/home/jandro/workspace/ros2_kortex_ws/install/force_torque_sensor_broadcaster:/home/jandro/workspace/ros2_kortex_ws/install/diff_drive_controller:/home/jandro/workspace/ros2_kortex_ws/install/controller_manager:/home/jandro/workspace/ros2_kortex_ws/install/admittance_controller:/home/jandro/workspace/ros2_kortex_ws/install/control_toolbox:/home/jandro/workspace/ros2_kortex_ws/install/cmake_generate_parameter_module_example:/home/jandro/workspace/ros2_kortex_ws/install/generate_parameter_library:/home/jandro/workspace/ros2_kortex_ws/install/parameter_traits:/home/jandro/workspace/ros2_kortex_ws/install/mecanum_drive_controller:/home/jandro/workspace/ros2_kortex_ws/install/kortex_driver:/home/jandro/workspace/ros2_kortex_ws/install/kortex_api:/home/jandro/workspace/ros2_kortex_ws/install/chained_filter_controller:/home/jandro/workspace/ros2_kortex_ws/install/controller_interface:/home/jandro/workspace/ros2_kortex_ws/install/hardware_interface:/home/jandro/workspace/ros2_kortex_ws/install/joint_limits:/home/jandro/workspace/ros2_kortex_ws/install/gz_ros2_control_tests:/home/jandro/workspace/ros2_kortex_ws/install/controller_manager_msgs:/home/jandro/workspace/ros2_kortex_ws/install/control_msgs:/opt/ros/jazzy/opt/gz_sim_vendor:/opt/ros/jazzy/opt/gz_sensors_vendor:/opt/ros/jazzy/opt/gz_physics_vendor:/opt/ros/jazzy/opt/sdformat_vendor:/opt/ros/jazzy/opt/gz_gui_vendor:/opt/ros/jazzy/opt/gz_transport_vendor:/opt/ros/jazzy/opt/gz_rendering_vendor:/opt/ros/jazzy/opt/gz_plugin_vendor:/opt/ros/jazzy/opt/gz_fuel_tools_vendor:/opt/ros/jazzy/opt/gz_msgs_vendor:/opt/ros/jazzy/opt/gz_common_vendor:/opt/ros/jazzy/opt/gz_math_vendor:/opt/ros/jazzy/opt/gz_utils_vendor:/opt/ros/jazzy/opt/gz_tools_vendor:/opt/ros/jazzy/opt/gz_ogre_next_vendor:/opt/ros/jazzy/opt/gz_dartsim_vendor:/opt/ros/jazzy/opt/gz_cmake_vendor:/home/jandro/workspace/ros2_kortex_ws/install/rqt_joint_trajectory_controller:/home/jandro/workspace/ros2_kortex_ws/install/rqt_controller_manager:/home/jandro/workspace/ros2_kortex_ws/install/ros2controlcli:/home/jandro/workspace/ros2_kortex_ws/install/ros2_controllers_test_nodes:/home/jandro/workspace/ros2_kortex_ws/install/generate_parameter_module_example:/home/jandro/workspace/ros2_kortex_ws/install/generate_parameter_library_py:/opt/ros/jazzy DEBUGINFOD_URLS=https://debuginfod.ubuntu.com /usr/bin/cmake --install /home/jandro/ros2_gen2_ws/build/gen2_moveit_config
[0.701s] Level 1:colcon.colcon_core.environment:create_environment_scripts_only(gen2_moveit_config)
[0.701s] Level 1:colcon.colcon_core.environment:checking '/home/jandro/ros2_gen2_ws/install/gen2_moveit_config' for CMake module files
[0.702s] Level 1:colcon.colcon_core.environment:checking '/home/jandro/ros2_gen2_ws/install/gen2_moveit_config' for CMake config files
[0.702s] DEBUG:colcon.colcon_core.event_handler.log_command:Invoked command in '/home/jandro/ros2_gen2_ws/build/gen2_moveit_config' returned '0': CMAKE_PREFIX_PATH=/home/jandro/ros2_gen2_ws/install/kinova_description:/home/jandro/ros2_gen2_ws/install/gen2_moveit_config:/home/jandro/ros2_gen2_ws/install/collaborative_gen2:/home/jandro/workspace/ros2_kortex_ws/install/kortex_bringup:/home/jandro/workspace/ros2_kortex_ws/install/kinova_gen3_lite_moveit_config:/home/jandro/workspace/ros2_kortex_ws/install/kinova_gen3_7dof_robotiq_2f_85_moveit_config:/home/jandro/workspace/ros2_kortex_ws/install/kinova_gen3_6dof_robotiq_2f_85_moveit_config:/home/jandro/workspace/ros2_kortex_ws/install/kortex_description:/home/jandro/workspace/ros2_kortex_ws/install/robotiq_description:/home/jandro/workspace/ros2_kortex_ws/install/ros2_controllers:/home/jandro/workspace/ros2_kortex_ws/install/gz_ros2_control_demos:/home/jandro/workspace/ros2_kortex_ws/install/velocity_controllers:/home/jandro/workspace/ros2_kortex_ws/install/tricycle_steering_controller:/home/jandro/workspace/ros2_kortex_ws/install/tricycle_controller:/home/jandro/workspace/ros2_kortex_ws/install/ros2_control:/home/jandro/workspace/ros2_kortex_ws/install/transmission_interface:/home/jandro/workspace/ros2_kortex_ws/install/test_ros_gz_bridge:/home/jandro/workspace/ros2_kortex_ws/install/bicycle_steering_controller:/home/jandro/workspace/ros2_kortex_ws/install/ackermann_steering_controller:/home/jandro/workspace/ros2_kortex_ws/install/steering_controllers_library:/home/jandro/workspace/ros2_kortex_ws/install/robotiq_hardware_tests:/home/jandro/workspace/ros2_kortex_ws/install/robotiq_driver:/home/jandro/workspace/ros2_kortex_ws/install/serial:/home/jandro/workspace/ros2_kortex_ws/install/ros_gz:/home/jandro/workspace/ros2_kortex_ws/install/ros_gz_sim_demos:/home/jandro/workspace/ros2_kortex_ws/install/ros_gz_sim:/home/jandro/workspace/ros2_kortex_ws/install/ros_gz_image:/home/jandro/workspace/ros2_kortex_ws/install/ros_gz_bridge:/home/jandro/workspace/ros2_kortex_ws/install/ros_gz_interfaces:/home/jandro/workspace/ros2_kortex_ws/install/hardware_interface_testing:/home/jandro/workspace/ros2_kortex_ws/install/ros2_control_test_assets:/home/jandro/workspace/ros2_kortex_ws/install/gz_ros2_control:/home/jandro/workspace/ros2_kortex_ws/install/ros2_control_cmake:/home/jandro/workspace/ros2_kortex_ws/install/robotiq_controllers:/home/jandro/workspace/ros2_kortex_ws/install/range_sensor_broadcaster:/home/jandro/workspace/ros2_kortex_ws/install/position_controllers:/home/jandro/workspace/ros2_kortex_ws/install/pose_broadcaster:/home/jandro/workspace/ros2_kortex_ws/install/pid_controller:/home/jandro/workspace/ros2_kortex_ws/install/picknik_twist_controller:/home/jandro/workspace/ros2_kortex_ws/install/picknik_reset_fault_controller:/home/jandro/workspace/ros2_kortex_ws/install/parallel_gripper_controller:/home/jandro/workspace/ros2_kortex_ws/install/omni_wheel_drive_controller:/home/jandro/workspace/ros2_kortex_ws/install/joint_trajectory_controller:/home/jandro/workspace/ros2_kortex_ws/install/joint_state_broadcaster:/home/jandro/workspace/ros2_kortex_ws/install/imu_sensor_broadcaster:/home/jandro/workspace/ros2_kortex_ws/install/gripper_controllers:/home/jandro/workspace/ros2_kortex_ws/install/gps_sensor_broadcaster:/home/jandro/workspace/ros2_kortex_ws/install/gpio_controllers:/home/jandro/workspace/ros2_kortex_ws/install/generate_parameter_library_example_external:/home/jandro/workspace/ros2_kortex_ws/install/generate_parameter_library_example:/home/jandro/workspace/ros2_kortex_ws/install/effort_controllers:/home/jandro/workspace/ros2_kortex_ws/install/forward_command_controller:/home/jandro/workspace/ros2_kortex_ws/install/force_torque_sensor_broadcaster:/home/jandro/workspace/ros2_kortex_ws/install/diff_drive_controller:/home/jandro/workspace/ros2_kortex_ws/install/controller_manager:/home/jandro/workspace/ros2_kortex_ws/install/admittance_controller:/home/jandro/workspace/ros2_kortex_ws/install/control_toolbox:/home/jandro/workspace/ros2_kortex_ws/install/cmake_generate_parameter_module_example:/home/jandro/workspace/ros2_kortex_ws/install/generate_parameter_library:/home/jandro/workspace/ros2_kortex_ws/install/parameter_traits:/home/jandro/workspace/ros2_kortex_ws/install/mecanum_drive_controller:/home/jandro/workspace/ros2_kortex_ws/install/kortex_driver:/home/jandro/workspace/ros2_kortex_ws/install/kortex_api:/home/jandro/workspace/ros2_kortex_ws/install/chained_filter_controller:/home/jandro/workspace/ros2_kortex_ws/install/controller_interface:/home/jandro/workspace/ros2_kortex_ws/install/hardware_interface:/home/jandro/workspace/ros2_kortex_ws/install/joint_limits:/home/jandro/workspace/ros2_kortex_ws/install/gz_ros2_control_tests:/home/jandro/workspace/ros2_kortex_ws/install/controller_manager_msgs:/home/jandro/workspace/ros2_kortex_ws/install/control_msgs:/opt/ros/jazzy/opt/gz_sim_vendor:/opt/ros/jazzy/opt/gz_sensors_vendor:/opt/ros/jazzy/opt/gz_physics_vendor:/opt/ros/jazzy/opt/sdformat_vendor:/opt/ros/jazzy/opt/gz_gui_vendor:/opt/ros/jazzy/opt/gz_transport_vendor:/opt/ros/jazzy/opt/gz_rendering_vendor:/opt/ros/jazzy/opt/gz_plugin_vendor:/opt/ros/jazzy/opt/gz_fuel_tools_vendor:/opt/ros/jazzy/opt/gz_msgs_vendor:/opt/ros/jazzy/opt/gz_common_vendor:/opt/ros/jazzy/opt/gz_math_vendor:/opt/ros/jazzy/opt/gz_utils_vendor:/opt/ros/jazzy/opt/gz_tools_vendor:/opt/ros/jazzy/opt/gz_ogre_next_vendor:/opt/ros/jazzy/opt/gz_dartsim_vendor:/opt/ros/jazzy/opt/gz_cmake_vendor:/home/jandro/workspace/ros2_kortex_ws/install/rqt_joint_trajectory_controller:/home/jandro/workspace/ros2_kortex_ws/install/rqt_controller_manager:/home/jandro/workspace/ros2_kortex_ws/install/ros2controlcli:/home/jandro/workspace/ros2_kortex_ws/install/ros2_controllers_test_nodes:/home/jandro/workspace/ros2_kortex_ws/install/generate_parameter_module_example:/home/jandro/workspace/ros2_kortex_ws/install/generate_parameter_library_py:/opt/ros/jazzy DEBUGINFOD_URLS=https://debuginfod.ubuntu.com /usr/bin/cmake --install /home/jandro/ros2_gen2_ws/build/gen2_moveit_config
[0.703s] Level 1:colcon.colcon_core.shell:create_environment_hook('gen2_moveit_config', 'cmake_prefix_path')
[0.705s] INFO:colcon.colcon_core.shell:Creating environment hook '/home/jandro/ros2_gen2_ws/install/gen2_moveit_config/share/gen2_moveit_config/hook/cmake_prefix_path.ps1'
[0.705s] INFO:colcon.colcon_core.shell:Creating environment descriptor '/home/jandro/ros2_gen2_ws/install/gen2_moveit_config/share/gen2_moveit_config/hook/cmake_prefix_path.dsv'
[0.706s] INFO:colcon.colcon_core.shell:Creating environment hook '/home/jandro/ros2_gen2_ws/install/gen2_moveit_config/share/gen2_moveit_config/hook/cmake_prefix_path.sh'
[0.706s] Level 1:colcon.colcon_core.environment:checking '/home/jandro/ros2_gen2_ws/install/gen2_moveit_config/bin'
[0.706s] Level 1:colcon.colcon_core.environment:checking '/home/jandro/ros2_gen2_ws/install/gen2_moveit_config/lib/pkgconfig/gen2_moveit_config.pc'
[0.707s] Level 1:colcon.colcon_core.environment:checking '/home/jandro/ros2_gen2_ws/install/gen2_moveit_config/lib/python3.12/site-packages'
[0.707s] Level 1:colcon.colcon_core.environment:checking '/home/jandro/ros2_gen2_ws/install/gen2_moveit_config/bin'
[0.707s] INFO:colcon.colcon_core.shell:Creating package script '/home/jandro/ros2_gen2_ws/install/gen2_moveit_config/share/gen2_moveit_config/package.ps1'
[0.708s] INFO:colcon.colcon_core.shell:Creating package descriptor '/home/jandro/ros2_gen2_ws/install/gen2_moveit_config/share/gen2_moveit_config/package.dsv'
[0.708s] INFO:colcon.colcon_core.shell:Creating package script '/home/jandro/ros2_gen2_ws/install/gen2_moveit_config/share/gen2_moveit_config/package.sh'
[0.709s] INFO:colcon.colcon_core.shell:Creating package script '/home/jandro/ros2_gen2_ws/install/gen2_moveit_config/share/gen2_moveit_config/package.bash'
[0.709s] INFO:colcon.colcon_core.shell:Creating package script '/home/jandro/ros2_gen2_ws/install/gen2_moveit_config/share/gen2_moveit_config/package.zsh'
[0.709s] Level 1:colcon.colcon_core.environment:create_file_with_runtime_dependencies(/home/jandro/ros2_gen2_ws/install/gen2_moveit_config/share/colcon-core/packages/gen2_moveit_config)
[0.710s] Level 1:colcon.colcon_core.environment:create_environment_scripts_only(gen2_moveit_config)
[0.710s] Level 1:colcon.colcon_core.environment:checking '/home/jandro/ros2_gen2_ws/install/gen2_moveit_config' for CMake module files
[0.711s] Level 1:colcon.colcon_core.environment:checking '/home/jandro/ros2_gen2_ws/install/gen2_moveit_config' for CMake config files
[0.711s] Level 1:colcon.colcon_core.shell:create_environment_hook('gen2_moveit_config', 'cmake_prefix_path')
[0.711s] INFO:colcon.colcon_core.shell:Creating environment hook '/home/jandro/ros2_gen2_ws/install/gen2_moveit_config/share/gen2_moveit_config/hook/cmake_prefix_path.ps1'
[0.712s] INFO:colcon.colcon_core.shell:Creating environment descriptor '/home/jandro/ros2_gen2_ws/install/gen2_moveit_config/share/gen2_moveit_config/hook/cmake_prefix_path.dsv'
[0.712s] INFO:colcon.colcon_core.shell:Creating environment hook '/home/jandro/ros2_gen2_ws/install/gen2_moveit_config/share/gen2_moveit_config/hook/cmake_prefix_path.sh'
[0.713s] Level 1:colcon.colcon_core.environment:checking '/home/jandro/ros2_gen2_ws/install/gen2_moveit_config/bin'
[0.713s] Level 1:colcon.colcon_core.environment:checking '/home/jandro/ros2_gen2_ws/install/gen2_moveit_config/lib/pkgconfig/gen2_moveit_config.pc'
[0.713s] Level 1:colcon.colcon_core.environment:checking '/home/jandro/ros2_gen2_ws/install/gen2_moveit_config/lib/python3.12/site-packages'
[0.714s] Level 1:colcon.colcon_core.environment:checking '/home/jandro/ros2_gen2_ws/install/gen2_moveit_config/bin'
[0.714s] INFO:colcon.colcon_core.shell:Creating package script '/home/jandro/ros2_gen2_ws/install/gen2_moveit_config/share/gen2_moveit_config/package.ps1'
[0.714s] INFO:colcon.colcon_core.shell:Creating package descriptor '/home/jandro/ros2_gen2_ws/install/gen2_moveit_config/share/gen2_moveit_config/package.dsv'
[0.715s] INFO:colcon.colcon_core.shell:Creating package script '/home/jandro/ros2_gen2_ws/install/gen2_moveit_config/share/gen2_moveit_config/package.sh'
[0.715s] INFO:colcon.colcon_core.shell:Creating package script '/home/jandro/ros2_gen2_ws/install/gen2_moveit_config/share/gen2_moveit_config/package.bash'
[0.716s] INFO:colcon.colcon_core.shell:Creating package script '/home/jandro/ros2_gen2_ws/install/gen2_moveit_config/share/gen2_moveit_config/package.zsh'
[0.716s] Level 1:colcon.colcon_core.environment:create_file_with_runtime_dependencies(/home/jandro/ros2_gen2_ws/install/gen2_moveit_config/share/colcon-core/packages/gen2_moveit_config)
[11.535s] DEBUG:colcon.colcon_core.event_handler.log_command:Invoked command in '/home/jandro/ros2_gen2_ws/build/collaborative_gen2' returned '0': CMAKE_PREFIX_PATH=${CMAKE_PREFIX_PATH}:/home/jandro/workspace/ros2_kortex_ws/install/rqt_joint_trajectory_controller:/home/jandro/workspace/ros2_kortex_ws/install/rqt_controller_manager:/home/jandro/workspace/ros2_kortex_ws/install/ros2controlcli:/home/jandro/workspace/ros2_kortex_ws/install/ros2_controllers_test_nodes:/home/jandro/workspace/ros2_kortex_ws/install/generate_parameter_module_example:/home/jandro/workspace/ros2_kortex_ws/install/generate_parameter_library_py:/opt/ros/jazzy DEBUGINFOD_URLS=https://debuginfod.ubuntu.com /usr/bin/cmake --build /home/jandro/ros2_gen2_ws/build/collaborative_gen2 -- -j4 -l4
[11.536s] DEBUG:colcon.colcon_core.event_handler.log_command:Invoking command in '/home/jandro/ros2_gen2_ws/build/collaborative_gen2': CMAKE_PREFIX_PATH=${CMAKE_PREFIX_PATH}:/home/jandro/workspace/ros2_kortex_ws/install/rqt_joint_trajectory_controller:/home/jandro/workspace/ros2_kortex_ws/install/rqt_controller_manager:/home/jandro/workspace/ros2_kortex_ws/install/ros2controlcli:/home/jandro/workspace/ros2_kortex_ws/install/ros2_controllers_test_nodes:/home/jandro/workspace/ros2_kortex_ws/install/generate_parameter_module_example:/home/jandro/workspace/ros2_kortex_ws/install/generate_parameter_library_py:/opt/ros/jazzy DEBUGINFOD_URLS=https://debuginfod.ubuntu.com /usr/bin/cmake --install /home/jandro/ros2_gen2_ws/build/collaborative_gen2
[11.559s] Level 1:colcon.colcon_core.environment:create_environment_scripts_only(collaborative_gen2)
[11.559s] Level 1:colcon.colcon_core.environment:checking '/home/jandro/ros2_gen2_ws/install/collaborative_gen2' for CMake module files
[11.560s] DEBUG:colcon.colcon_core.event_handler.log_command:Invoked command in '/home/jandro/ros2_gen2_ws/build/collaborative_gen2' returned '0': CMAKE_PREFIX_PATH=${CMAKE_PREFIX_PATH}:/home/jandro/workspace/ros2_kortex_ws/install/rqt_joint_trajectory_controller:/home/jandro/workspace/ros2_kortex_ws/install/rqt_controller_manager:/home/jandro/workspace/ros2_kortex_ws/install/ros2controlcli:/home/jandro/workspace/ros2_kortex_ws/install/ros2_controllers_test_nodes:/home/jandro/workspace/ros2_kortex_ws/install/generate_parameter_module_example:/home/jandro/workspace/ros2_kortex_ws/install/generate_parameter_library_py:/opt/ros/jazzy DEBUGINFOD_URLS=https://debuginfod.ubuntu.com /usr/bin/cmake --install /home/jandro/ros2_gen2_ws/build/collaborative_gen2
[11.560s] Level 1:colcon.colcon_core.environment:checking '/home/jandro/ros2_gen2_ws/install/collaborative_gen2' for CMake config files
[11.560s] Level 1:colcon.colcon_core.shell:create_environment_hook('collaborative_gen2', 'cmake_prefix_path')
[11.560s] INFO:colcon.colcon_core.shell:Creating environment hook '/home/jandro/ros2_gen2_ws/install/collaborative_gen2/share/collaborative_gen2/hook/cmake_prefix_path.ps1'
[11.561s] INFO:colcon.colcon_core.shell:Creating environment descriptor '/home/jandro/ros2_gen2_ws/install/collaborative_gen2/share/collaborative_gen2/hook/cmake_prefix_path.dsv'
[11.561s] INFO:colcon.colcon_core.shell:Creating environment hook '/home/jandro/ros2_gen2_ws/install/collaborative_gen2/share/collaborative_gen2/hook/cmake_prefix_path.sh'
[11.562s] Level 1:colcon.colcon_core.environment:checking '/home/jandro/ros2_gen2_ws/install/collaborative_gen2/lib'
[11.562s] Level 1:colcon.colcon_core.environment:checking '/home/jandro/ros2_gen2_ws/install/collaborative_gen2/bin'
[11.562s] Level 1:colcon.colcon_core.environment:checking '/home/jandro/ros2_gen2_ws/install/collaborative_gen2/lib/pkgconfig/collaborative_gen2.pc'
[11.562s] Level 1:colcon.colcon_core.environment:checking '/home/jandro/ros2_gen2_ws/install/collaborative_gen2/lib/python3.12/site-packages'
[11.562s] Level 1:colcon.colcon_core.environment:checking '/home/jandro/ros2_gen2_ws/install/collaborative_gen2/bin'
[11.563s] INFO:colcon.colcon_core.shell:Creating package script '/home/jandro/ros2_gen2_ws/install/collaborative_gen2/share/collaborative_gen2/package.ps1'
[11.563s] INFO:colcon.colcon_core.shell:Creating package descriptor '/home/jandro/ros2_gen2_ws/install/collaborative_gen2/share/collaborative_gen2/package.dsv'
[11.563s] INFO:colcon.colcon_core.shell:Creating package script '/home/jandro/ros2_gen2_ws/install/collaborative_gen2/share/collaborative_gen2/package.sh'
[11.564s] INFO:colcon.colcon_core.shell:Creating package script '/home/jandro/ros2_gen2_ws/install/collaborative_gen2/share/collaborative_gen2/package.bash'
[11.564s] INFO:colcon.colcon_core.shell:Creating package script '/home/jandro/ros2_gen2_ws/install/collaborative_gen2/share/collaborative_gen2/package.zsh'
[11.564s] Level 1:colcon.colcon_core.environment:create_file_with_runtime_dependencies(/home/jandro/ros2_gen2_ws/install/collaborative_gen2/share/colcon-core/packages/collaborative_gen2)
[11.565s] Level 1:colcon.colcon_core.environment:create_environment_scripts_only(collaborative_gen2)
[11.565s] Level 1:colcon.colcon_core.environment:checking '/home/jandro/ros2_gen2_ws/install/collaborative_gen2' for CMake module files
[11.565s] Level 1:colcon.colcon_core.environment:checking '/home/jandro/ros2_gen2_ws/install/collaborative_gen2' for CMake config files
[11.565s] Level 1:colcon.colcon_core.shell:create_environment_hook('collaborative_gen2', 'cmake_prefix_path')
[11.566s] INFO:colcon.colcon_core.shell:Creating environment hook '/home/jandro/ros2_gen2_ws/install/collaborative_gen2/share/collaborative_gen2/hook/cmake_prefix_path.ps1'
[11.566s] INFO:colcon.colcon_core.shell:Creating environment descriptor '/home/jandro/ros2_gen2_ws/install/collaborative_gen2/share/collaborative_gen2/hook/cmake_prefix_path.dsv'
[11.566s] INFO:colcon.colcon_core.shell:Creating environment hook '/home/jandro/ros2_gen2_ws/install/collaborative_gen2/share/collaborative_gen2/hook/cmake_prefix_path.sh'
[11.567s] Level 1:colcon.colcon_core.environment:checking '/home/jandro/ros2_gen2_ws/install/collaborative_gen2/lib'
[11.567s] Level 1:colcon.colcon_core.environment:checking '/home/jandro/ros2_gen2_ws/install/collaborative_gen2/bin'
[11.567s] Level 1:colcon.colcon_core.environment:checking '/home/jandro/ros2_gen2_ws/install/collaborative_gen2/lib/pkgconfig/collaborative_gen2.pc'
[11.567s] Level 1:colcon.colcon_core.environment:checking '/home/jandro/ros2_gen2_ws/install/collaborative_gen2/lib/python3.12/site-packages'
[11.567s] Level 1:colcon.colcon_core.environment:checking '/home/jandro/ros2_gen2_ws/install/collaborative_gen2/bin'
[11.568s] INFO:colcon.colcon_core.shell:Creating package script '/home/jandro/ros2_gen2_ws/install/collaborative_gen2/share/collaborative_gen2/package.ps1'
[11.568s] INFO:colcon.colcon_core.shell:Creating package descriptor '/home/jandro/ros2_gen2_ws/install/collaborative_gen2/share/collaborative_gen2/package.dsv'
[11.568s] INFO:colcon.colcon_core.shell:Creating package script '/home/jandro/ros2_gen2_ws/install/collaborative_gen2/share/collaborative_gen2/package.sh'
[11.569s] INFO:colcon.colcon_core.shell:Creating package script '/home/jandro/ros2_gen2_ws/install/collaborative_gen2/share/collaborative_gen2/package.bash'
[11.569s] INFO:colcon.colcon_core.shell:Creating package script '/home/jandro/ros2_gen2_ws/install/collaborative_gen2/share/collaborative_gen2/package.zsh'
[11.570s] Level 1:colcon.colcon_core.environment:create_file_with_runtime_dependencies(/home/jandro/ros2_gen2_ws/install/collaborative_gen2/share/colcon-core/packages/collaborative_gen2)
[11.570s] DEBUG:colcon.colcon_parallel_executor.executor.parallel:closing loop
[11.570s] DEBUG:colcon.colcon_parallel_executor.executor.parallel:loop closed
[11.570s] DEBUG:colcon.colcon_parallel_executor.executor.parallel:run_until_complete finished with '0'
[11.570s] DEBUG:colcon.colcon_core.event_reactor:joining thread
[11.576s] INFO:colcon.colcon_core.plugin_system:Skipping extension 'colcon_notification.desktop_notification.terminal_notifier': Not used on non-Darwin systems
[11.576s] INFO:colcon.colcon_core.plugin_system:Skipping extension 'colcon_notification.desktop_notification.win32': Not used on non-Windows systems
[11.576s] INFO:colcon.colcon_notification.desktop_notification:Sending desktop notification using 'notify2'
[11.588s] DEBUG:colcon.colcon_core.event_reactor:joined thread
[11.589s] INFO:colcon.colcon_core.shell:Creating prefix script '/home/jandro/ros2_gen2_ws/install/local_setup.ps1'
[11.589s] INFO:colcon.colcon_core.shell:Creating prefix util module '/home/jandro/ros2_gen2_ws/install/_local_setup_util_ps1.py'
[11.590s] INFO:colcon.colcon_core.shell:Creating prefix chain script '/home/jandro/ros2_gen2_ws/install/setup.ps1'
[11.595s] INFO:colcon.colcon_core.shell:Creating prefix script '/home/jandro/ros2_gen2_ws/install/local_setup.sh'
[11.595s] INFO:colcon.colcon_core.shell:Creating prefix util module '/home/jandro/ros2_gen2_ws/install/_local_setup_util_sh.py'
[11.596s] INFO:colcon.colcon_core.shell:Creating prefix chain script '/home/jandro/ros2_gen2_ws/install/setup.sh'
[11.600s] INFO:colcon.colcon_core.shell:Creating prefix script '/home/jandro/ros2_gen2_ws/install/local_setup.bash'
[11.601s] INFO:colcon.colcon_core.shell:Creating prefix chain script '/home/jandro/ros2_gen2_ws/install/setup.bash'
[11.604s] INFO:colcon.colcon_core.shell:Creating prefix script '/home/jandro/ros2_gen2_ws/install/local_setup.zsh'
[11.605s] INFO:colcon.colcon_core.shell:Creating prefix chain script '/home/jandro/ros2_gen2_ws/install/setup.zsh'
