[0.017s] Invoking command in '/home/jandro/ros2_gen2_ws/build/collaborative_gen2': CMAKE_PREFIX_PATH=${CMAKE_PREFIX_PATH}:/home/jandro/workspace/ros2_kortex_ws/install/rqt_joint_trajectory_controller:/home/jandro/workspace/ros2_kortex_ws/install/rqt_controller_manager:/home/jandro/workspace/ros2_kortex_ws/install/ros2controlcli:/home/jandro/workspace/ros2_kortex_ws/install/ros2_controllers_test_nodes:/home/jandro/workspace/ros2_kortex_ws/install/generate_parameter_module_example:/home/jandro/workspace/ros2_kortex_ws/install/generate_parameter_library_py:/opt/ros/jazzy DEBUGINFOD_URLS=https://debuginfod.ubuntu.com /usr/bin/cmake --build /home/jandro/ros2_gen2_ws/build/collaborative_gen2 -- -j4 -l4
[0.106s] [ 33%] Built target server_node
[0.115s] [ 66%] Built target client_a
[0.116s] [100%] Built target client_b
[0.150s] Invoked command in '/home/jandro/ros2_gen2_ws/build/collaborative_gen2' returned '0': CMAKE_PREFIX_PATH=${CMAKE_PREFIX_PATH}:/home/jandro/workspace/ros2_kortex_ws/install/rqt_joint_trajectory_controller:/home/jandro/workspace/ros2_kortex_ws/install/rqt_controller_manager:/home/jandro/workspace/ros2_kortex_ws/install/ros2controlcli:/home/jandro/workspace/ros2_kortex_ws/install/ros2_controllers_test_nodes:/home/jandro/workspace/ros2_kortex_ws/install/generate_parameter_module_example:/home/jandro/workspace/ros2_kortex_ws/install/generate_parameter_library_py:/opt/ros/jazzy DEBUGINFOD_URLS=https://debuginfod.ubuntu.com /usr/bin/cmake --build /home/jandro/ros2_gen2_ws/build/collaborative_gen2 -- -j4 -l4
[0.151s] Invoking command in '/home/jandro/ros2_gen2_ws/build/collaborative_gen2': CMAKE_PREFIX_PATH=${CMAKE_PREFIX_PATH}:/home/jandro/workspace/ros2_kortex_ws/install/rqt_joint_trajectory_controller:/home/jandro/workspace/ros2_kortex_ws/install/rqt_controller_manager:/home/jandro/workspace/ros2_kortex_ws/install/ros2controlcli:/home/jandro/workspace/ros2_kortex_ws/install/ros2_controllers_test_nodes:/home/jandro/workspace/ros2_kortex_ws/install/generate_parameter_module_example:/home/jandro/workspace/ros2_kortex_ws/install/generate_parameter_library_py:/opt/ros/jazzy DEBUGINFOD_URLS=https://debuginfod.ubuntu.com /usr/bin/cmake --install /home/jandro/ros2_gen2_ws/build/collaborative_gen2
[0.164s] -- Install configuration: ""
[0.164s] -- Up-to-date: /home/jandro/ros2_gen2_ws/install/collaborative_gen2/lib/collaborative_gen2/server_node
[0.164s] -- Up-to-date: /home/jandro/ros2_gen2_ws/install/collaborative_gen2/lib/collaborative_gen2/client_a
[0.165s] -- Up-to-date: /home/jandro/ros2_gen2_ws/install/collaborative_gen2/lib/collaborative_gen2/client_b
[0.165s] -- Up-to-date: /home/jandro/ros2_gen2_ws/install/collaborative_gen2/share/collaborative_gen2/launch
[0.165s] -- Up-to-date: /home/jandro/ros2_gen2_ws/install/collaborative_gen2/share/collaborative_gen2/launch/server.launch.py
[0.166s] -- Up-to-date: /home/jandro/ros2_gen2_ws/install/collaborative_gen2/share/ament_index/resource_index/package_run_dependencies/collaborative_gen2
[0.166s] -- Up-to-date: /home/jandro/ros2_gen2_ws/install/collaborative_gen2/share/ament_index/resource_index/parent_prefix_path/collaborative_gen2
[0.166s] -- Up-to-date: /home/jandro/ros2_gen2_ws/install/collaborative_gen2/share/collaborative_gen2/environment/ament_prefix_path.sh
[0.166s] -- Up-to-date: /home/jandro/ros2_gen2_ws/install/collaborative_gen2/share/collaborative_gen2/environment/ament_prefix_path.dsv
[0.166s] -- Up-to-date: /home/jandro/ros2_gen2_ws/install/collaborative_gen2/share/collaborative_gen2/environment/path.sh
[0.166s] -- Up-to-date: /home/jandro/ros2_gen2_ws/install/collaborative_gen2/share/collaborative_gen2/environment/path.dsv
[0.166s] -- Up-to-date: /home/jandro/ros2_gen2_ws/install/collaborative_gen2/share/collaborative_gen2/local_setup.bash
[0.166s] -- Up-to-date: /home/jandro/ros2_gen2_ws/install/collaborative_gen2/share/collaborative_gen2/local_setup.sh
[0.167s] -- Up-to-date: /home/jandro/ros2_gen2_ws/install/collaborative_gen2/share/collaborative_gen2/local_setup.zsh
[0.167s] -- Up-to-date: /home/jandro/ros2_gen2_ws/install/collaborative_gen2/share/collaborative_gen2/local_setup.dsv
[0.167s] -- Installing: /home/jandro/ros2_gen2_ws/install/collaborative_gen2/share/collaborative_gen2/package.dsv
[0.167s] -- Up-to-date: /home/jandro/ros2_gen2_ws/install/collaborative_gen2/share/ament_index/resource_index/packages/collaborative_gen2
[0.167s] -- Up-to-date: /home/jandro/ros2_gen2_ws/install/collaborative_gen2/share/collaborative_gen2/cmake/collaborative_gen2Config.cmake
[0.167s] -- Up-to-date: /home/jandro/ros2_gen2_ws/install/collaborative_gen2/share/collaborative_gen2/cmake/collaborative_gen2Config-version.cmake
[0.167s] -- Up-to-date: /home/jandro/ros2_gen2_ws/install/collaborative_gen2/share/collaborative_gen2/package.xml
[0.168s] Invoked command in '/home/jandro/ros2_gen2_ws/build/collaborative_gen2' returned '0': CMAKE_PREFIX_PATH=${CMAKE_PREFIX_PATH}:/home/jandro/workspace/ros2_kortex_ws/install/rqt_joint_trajectory_controller:/home/jandro/workspace/ros2_kortex_ws/install/rqt_controller_manager:/home/jandro/workspace/ros2_kortex_ws/install/ros2controlcli:/home/jandro/workspace/ros2_kortex_ws/install/ros2_controllers_test_nodes:/home/jandro/workspace/ros2_kortex_ws/install/generate_parameter_module_example:/home/jandro/workspace/ros2_kortex_ws/install/generate_parameter_library_py:/opt/ros/jazzy DEBUGINFOD_URLS=https://debuginfod.ubuntu.com /usr/bin/cmake --install /home/jandro/ros2_gen2_ws/build/collaborative_gen2
