[0.023s] Invoking command in '/home/jandro/ros2_gen2_ws/build/kinova_description': CMAKE_PREFIX_PATH=${CMAKE_PREFIX_PATH}:/home/jandro/workspace/ros2_kortex_ws/install/rqt_joint_trajectory_controller:/home/jandro/workspace/ros2_kortex_ws/install/rqt_controller_manager:/home/jandro/workspace/ros2_kortex_ws/install/ros2controlcli:/home/jandro/workspace/ros2_kortex_ws/install/ros2_controllers_test_nodes:/home/jandro/workspace/ros2_kortex_ws/install/generate_parameter_module_example:/home/jandro/workspace/ros2_kortex_ws/install/generate_parameter_library_py:/opt/ros/jazzy DEBUGINFOD_URLS=https://debuginfod.ubuntu.com /usr/bin/cmake --build /home/jandro/ros2_gen2_ws/build/kinova_description -- -j4 -l4
[0.084s] Invoked command in '/home/jandro/ros2_gen2_ws/build/kinova_description' returned '0': CMAKE_PREFIX_PATH=${CMAKE_PREFIX_PATH}:/home/jandro/workspace/ros2_kortex_ws/install/rqt_joint_trajectory_controller:/home/jandro/workspace/ros2_kortex_ws/install/rqt_controller_manager:/home/jandro/workspace/ros2_kortex_ws/install/ros2controlcli:/home/jandro/workspace/ros2_kortex_ws/install/ros2_controllers_test_nodes:/home/jandro/workspace/ros2_kortex_ws/install/generate_parameter_module_example:/home/jandro/workspace/ros2_kortex_ws/install/generate_parameter_library_py:/opt/ros/jazzy DEBUGINFOD_URLS=https://debuginfod.ubuntu.com /usr/bin/cmake --build /home/jandro/ros2_gen2_ws/build/kinova_description -- -j4 -l4
[0.099s] Invoking command in '/home/jandro/ros2_gen2_ws/build/kinova_description': CMAKE_PREFIX_PATH=${CMAKE_PREFIX_PATH}:/home/jandro/workspace/ros2_kortex_ws/install/rqt_joint_trajectory_controller:/home/jandro/workspace/ros2_kortex_ws/install/rqt_controller_manager:/home/jandro/workspace/ros2_kortex_ws/install/ros2controlcli:/home/jandro/workspace/ros2_kortex_ws/install/ros2_controllers_test_nodes:/home/jandro/workspace/ros2_kortex_ws/install/generate_parameter_module_example:/home/jandro/workspace/ros2_kortex_ws/install/generate_parameter_library_py:/opt/ros/jazzy DEBUGINFOD_URLS=https://debuginfod.ubuntu.com /usr/bin/cmake --install /home/jandro/ros2_gen2_ws/build/kinova_description
[0.112s] -- Install configuration: ""
[0.112s] -- Up-to-date: /home/jandro/ros2_gen2_ws/install/kinova_description/share/kinova_description/meshes
[0.112s] -- Up-to-date: /home/jandro/ros2_gen2_ws/install/kinova_description/share/kinova_description/meshes/wrist_spherical_1.dae
[0.112s] -- Up-to-date: /home/jandro/ros2_gen2_ws/install/kinova_description/share/kinova_description/meshes/finger_proximal.STL
[0.113s] -- Up-to-date: /home/jandro/ros2_gen2_ws/install/kinova_description/share/kinova_description/meshes/hand_3finger.dae
[0.113s] -- Up-to-date: /home/jandro/ros2_gen2_ws/install/kinova_description/share/kinova_description/meshes/hand_2finger.STL
[0.113s] -- Up-to-date: /home/jandro/ros2_gen2_ws/install/kinova_description/share/kinova_description/meshes/shoulder.dae
[0.113s] -- Up-to-date: /home/jandro/ros2_gen2_ws/install/kinova_description/share/kinova_description/meshes/arm_half_2.STL
[0.113s] -- Up-to-date: /home/jandro/ros2_gen2_ws/install/kinova_description/share/kinova_description/meshes/wrist.STL
[0.113s] -- Up-to-date: /home/jandro/ros2_gen2_ws/install/kinova_description/share/kinova_description/meshes/arm_mico.STL
[0.114s] -- Up-to-date: /home/jandro/ros2_gen2_ws/install/kinova_description/share/kinova_description/meshes/arm_half_1.STL
[0.114s] -- Up-to-date: /home/jandro/ros2_gen2_ws/install/kinova_description/share/kinova_description/meshes/ring_small.dae
[0.114s] -- Up-to-date: /home/jandro/ros2_gen2_ws/install/kinova_description/share/kinova_description/meshes/wrist_spherical_2.dae
[0.114s] -- Up-to-date: /home/jandro/ros2_gen2_ws/install/kinova_description/share/kinova_description/meshes/hand_2finger.dae
[0.114s] -- Up-to-date: /home/jandro/ros2_gen2_ws/install/kinova_description/share/kinova_description/meshes/ring_big.dae
[0.114s] -- Up-to-date: /home/jandro/ros2_gen2_ws/install/kinova_description/share/kinova_description/meshes/ring_big.STL
[0.114s] -- Up-to-date: /home/jandro/ros2_gen2_ws/install/kinova_description/share/kinova_description/meshes/wrist_spherical_1.STL
[0.114s] -- Up-to-date: /home/jandro/ros2_gen2_ws/install/kinova_description/share/kinova_description/meshes/ring_small.STL
[0.115s] -- Up-to-date: /home/jandro/ros2_gen2_ws/install/kinova_description/share/kinova_description/meshes/base.STL
[0.115s] -- Up-to-date: /home/jandro/ros2_gen2_ws/install/kinova_description/share/kinova_description/meshes/arm.SLDPRT
[0.115s] -- Up-to-date: /home/jandro/ros2_gen2_ws/install/kinova_description/share/kinova_description/meshes/arm_mico.dae
[0.115s] -- Up-to-date: /home/jandro/ros2_gen2_ws/install/kinova_description/share/kinova_description/meshes/arm_half_1.dae
[0.115s] -- Up-to-date: /home/jandro/ros2_gen2_ws/install/kinova_description/share/kinova_description/meshes/base.dae
[0.115s] -- Up-to-date: /home/jandro/ros2_gen2_ws/install/kinova_description/share/kinova_description/meshes/shoulder.STL
[0.115s] -- Up-to-date: /home/jandro/ros2_gen2_ws/install/kinova_description/share/kinova_description/meshes/hand_3finger.STL
[0.115s] -- Up-to-date: /home/jandro/ros2_gen2_ws/install/kinova_description/share/kinova_description/meshes/arm.STL
[0.115s] -- Up-to-date: /home/jandro/ros2_gen2_ws/install/kinova_description/share/kinova_description/meshes/wrist_spherical_2.STL
[0.117s] -- Up-to-date: /home/jandro/ros2_gen2_ws/install/kinova_description/share/kinova_description/meshes/finger_distal.STL
[0.117s] -- Up-to-date: /home/jandro/ros2_gen2_ws/install/kinova_description/share/kinova_description/meshes/forearm.STL
[0.117s] -- Up-to-date: /home/jandro/ros2_gen2_ws/install/kinova_description/share/kinova_description/meshes/arm.dae
[0.117s] -- Up-to-date: /home/jandro/ros2_gen2_ws/install/kinova_description/share/kinova_description/meshes/forearm_mico.STL
[0.117s] -- Up-to-date: /home/jandro/ros2_gen2_ws/install/kinova_description/share/kinova_description/meshes/forearm.dae
[0.117s] -- Up-to-date: /home/jandro/ros2_gen2_ws/install/kinova_description/share/kinova_description/meshes/forearm_mico.dae
[0.117s] -- Up-to-date: /home/jandro/ros2_gen2_ws/install/kinova_description/share/kinova_description/meshes/wrist.dae
[0.117s] -- Up-to-date: /home/jandro/ros2_gen2_ws/install/kinova_description/share/kinova_description/meshes/finger_distal.dae
[0.117s] -- Up-to-date: /home/jandro/ros2_gen2_ws/install/kinova_description/share/kinova_description/meshes/finger_proximal.dae
[0.117s] -- Up-to-date: /home/jandro/ros2_gen2_ws/install/kinova_description/share/kinova_description/meshes/arm_half_2.dae
[0.117s] -- Up-to-date: /home/jandro/ros2_gen2_ws/install/kinova_description/share/kinova_description/urdf
[0.117s] -- Up-to-date: /home/jandro/ros2_gen2_ws/install/kinova_description/share/kinova_description/urdf/j2s6s200_integration.xacro
[0.118s] -- Up-to-date: /home/jandro/ros2_gen2_ws/install/kinova_description/share/kinova_description/urdf/m1n6s300_standalone.xacro
[0.118s] -- Up-to-date: /home/jandro/ros2_gen2_ws/install/kinova_description/share/kinova_description/urdf/j2s6s300_standalone.xacro
[0.118s] -- Installing: /home/jandro/ros2_gen2_ws/install/kinova_description/share/kinova_description/urdf/j2n6s300_standalone.xacro
[0.120s] -- Up-to-date: /home/jandro/ros2_gen2_ws/install/kinova_description/share/kinova_description/urdf/j2n7s300_standalone.xacro
[0.120s] -- Up-to-date: /home/jandro/ros2_gen2_ws/install/kinova_description/share/kinova_description/urdf/j2s7s300.xacro
[0.120s] -- Up-to-date: /home/jandro/ros2_gen2_ws/install/kinova_description/share/kinova_description/urdf/kinova.gazebo
[0.120s] -- Up-to-date: /home/jandro/ros2_gen2_ws/install/kinova_description/share/kinova_description/urdf/j2s7s300_standalone.xacro
[0.120s] -- Up-to-date: /home/jandro/ros2_gen2_ws/install/kinova_description/share/kinova_description/urdf/j2n6s200.xacro
[0.120s] -- Up-to-date: /home/jandro/ros2_gen2_ws/install/kinova_description/share/kinova_description/urdf/j2s6s300.xacro
[0.120s] -- Up-to-date: /home/jandro/ros2_gen2_ws/install/kinova_description/share/kinova_description/urdf/j2n7s300.xacro
[0.120s] -- Up-to-date: /home/jandro/ros2_gen2_ws/install/kinova_description/share/kinova_description/urdf/m1n6s300.xacro
[0.120s] -- Up-to-date: /home/jandro/ros2_gen2_ws/install/kinova_description/share/kinova_description/urdf/m1n4s200_standalone.xacro
[0.120s] -- Up-to-date: /home/jandro/ros2_gen2_ws/install/kinova_description/share/kinova_description/urdf/kinova_finger_set.xacro
[0.120s] -- Up-to-date: /home/jandro/ros2_gen2_ws/install/kinova_description/share/kinova_description/urdf/m1n6s200_standalone.xacro
[0.120s] -- Up-to-date: /home/jandro/ros2_gen2_ws/install/kinova_description/share/kinova_description/urdf/j2n4s300_standalone.xacro
[0.121s] -- Up-to-date: /home/jandro/ros2_gen2_ws/install/kinova_description/share/kinova_description/urdf/j2s6s200.xacro
[0.121s] -- Up-to-date: /home/jandro/ros2_gen2_ws/install/kinova_description/share/kinova_description/urdf/j2s6s300_integration.xacro
[0.121s] -- Up-to-date: /home/jandro/ros2_gen2_ws/install/kinova_description/share/kinova_description/urdf/m1n6s200.xacro
[0.121s] -- Up-to-date: /home/jandro/ros2_gen2_ws/install/kinova_description/share/kinova_description/urdf/j2n4s300.xacro
[0.121s] -- Up-to-date: /home/jandro/ros2_gen2_ws/install/kinova_description/share/kinova_description/urdf/two_arm_robot_example_standalone.xacro
[0.121s] -- Up-to-date: /home/jandro/ros2_gen2_ws/install/kinova_description/share/kinova_description/urdf/kinova_common.xacro
[0.121s] -- Up-to-date: /home/jandro/ros2_gen2_ws/install/kinova_description/share/kinova_description/urdf/j2s6s200_standalone.xacro
[0.121s] -- Up-to-date: /home/jandro/ros2_gen2_ws/install/kinova_description/share/kinova_description/urdf/kinova_inertial.xacro
[0.121s] -- Up-to-date: /home/jandro/ros2_gen2_ws/install/kinova_description/share/kinova_description/urdf/j2n6s300.xacro
[0.121s] -- Up-to-date: /home/jandro/ros2_gen2_ws/install/kinova_description/share/kinova_description/urdf/m1n4s200.xacro
[0.121s] -- Up-to-date: /home/jandro/ros2_gen2_ws/install/kinova_description/share/kinova_description/urdf/j2n6s200_standalone.xacro
[0.121s] -- Up-to-date: /home/jandro/ros2_gen2_ws/install/kinova_description/share/ament_index/resource_index/package_run_dependencies/kinova_description
[0.121s] -- Up-to-date: /home/jandro/ros2_gen2_ws/install/kinova_description/share/ament_index/resource_index/parent_prefix_path/kinova_description
[0.121s] -- Up-to-date: /home/jandro/ros2_gen2_ws/install/kinova_description/share/kinova_description/environment/ament_prefix_path.sh
[0.121s] -- Up-to-date: /home/jandro/ros2_gen2_ws/install/kinova_description/share/kinova_description/environment/ament_prefix_path.dsv
[0.122s] -- Up-to-date: /home/jandro/ros2_gen2_ws/install/kinova_description/share/kinova_description/environment/path.sh
[0.122s] -- Up-to-date: /home/jandro/ros2_gen2_ws/install/kinova_description/share/kinova_description/environment/path.dsv
[0.122s] -- Up-to-date: /home/jandro/ros2_gen2_ws/install/kinova_description/share/kinova_description/local_setup.bash
[0.125s] -- Up-to-date: /home/jandro/ros2_gen2_ws/install/kinova_description/share/kinova_description/local_setup.sh
[0.125s] -- Up-to-date: /home/jandro/ros2_gen2_ws/install/kinova_description/share/kinova_description/local_setup.zsh
[0.126s] -- Up-to-date: /home/jandro/ros2_gen2_ws/install/kinova_description/share/kinova_description/local_setup.dsv
[0.126s] -- Installing: /home/jandro/ros2_gen2_ws/install/kinova_description/share/kinova_description/package.dsv
[0.126s] -- Up-to-date: /home/jandro/ros2_gen2_ws/install/kinova_description/share/ament_index/resource_index/packages/kinova_description
[0.126s] -- Up-to-date: /home/jandro/ros2_gen2_ws/install/kinova_description/share/kinova_description/cmake/kinova_descriptionConfig.cmake
[0.126s] -- Up-to-date: /home/jandro/ros2_gen2_ws/install/kinova_description/share/kinova_description/cmake/kinova_descriptionConfig-version.cmake
[0.126s] -- Up-to-date: /home/jandro/ros2_gen2_ws/install/kinova_description/share/kinova_description/package.xml
[0.126s] Invoked command in '/home/jandro/ros2_gen2_ws/build/kinova_description' returned '0': CMAKE_PREFIX_PATH=${CMAKE_PREFIX_PATH}:/home/jandro/workspace/ros2_kortex_ws/install/rqt_joint_trajectory_controller:/home/jandro/workspace/ros2_kortex_ws/install/rqt_controller_manager:/home/jandro/workspace/ros2_kortex_ws/install/ros2controlcli:/home/jandro/workspace/ros2_kortex_ws/install/ros2_controllers_test_nodes:/home/jandro/workspace/ros2_kortex_ws/install/generate_parameter_module_example:/home/jandro/workspace/ros2_kortex_ws/install/generate_parameter_library_py:/opt/ros/jazzy DEBUGINFOD_URLS=https://debuginfod.ubuntu.com /usr/bin/cmake --install /home/jandro/ros2_gen2_ws/build/kinova_description
