[0.098s] Invoking command in '/home/jandro/ros2_gen2_ws/build/gen2_moveit_config': AMENT_PREFIX_PATH=/home/jandro/ros2_gen2_ws/install/kinova_description:${AMENT_PREFIX_PATH} CMAKE_PREFIX_PATH=/home/jandro/ros2_gen2_ws/install/kinova_description:/opt/ros/jazzy/opt/gz_sim_vendor:/opt/ros/jazzy/opt/gz_sensors_vendor:/opt/ros/jazzy/opt/gz_physics_vendor:/opt/ros/jazzy/opt/sdformat_vendor:/opt/ros/jazzy/opt/gz_gui_vendor:/opt/ros/jazzy/opt/gz_transport_vendor:/opt/ros/jazzy/opt/gz_rendering_vendor:/opt/ros/jazzy/opt/gz_plugin_vendor:/opt/ros/jazzy/opt/gz_fuel_tools_vendor:/opt/ros/jazzy/opt/gz_msgs_vendor:/opt/ros/jazzy/opt/gz_common_vendor:/opt/ros/jazzy/opt/gz_math_vendor:/opt/ros/jazzy/opt/gz_utils_vendor:/opt/ros/jazzy/opt/gz_tools_vendor:/opt/ros/jazzy/opt/gz_ogre_next_vendor:/opt/ros/jazzy/opt/gz_dartsim_vendor:/opt/ros/jazzy/opt/gz_cmake_vendor:/opt/ros/jazzy DEBUGINFOD_URLS=https://debuginfod.ubuntu.com /usr/bin/cmake --build /home/jandro/ros2_gen2_ws/build/gen2_moveit_config -- -j4 -l4
[0.204s] Invoked command in '/home/jandro/ros2_gen2_ws/build/gen2_moveit_config' returned '0': AMENT_PREFIX_PATH=/home/jandro/ros2_gen2_ws/install/kinova_description:${AMENT_PREFIX_PATH} CMAKE_PREFIX_PATH=/home/jandro/ros2_gen2_ws/install/kinova_description:/opt/ros/jazzy/opt/gz_sim_vendor:/opt/ros/jazzy/opt/gz_sensors_vendor:/opt/ros/jazzy/opt/gz_physics_vendor:/opt/ros/jazzy/opt/sdformat_vendor:/opt/ros/jazzy/opt/gz_gui_vendor:/opt/ros/jazzy/opt/gz_transport_vendor:/opt/ros/jazzy/opt/gz_rendering_vendor:/opt/ros/jazzy/opt/gz_plugin_vendor:/opt/ros/jazzy/opt/gz_fuel_tools_vendor:/opt/ros/jazzy/opt/gz_msgs_vendor:/opt/ros/jazzy/opt/gz_common_vendor:/opt/ros/jazzy/opt/gz_math_vendor:/opt/ros/jazzy/opt/gz_utils_vendor:/opt/ros/jazzy/opt/gz_tools_vendor:/opt/ros/jazzy/opt/gz_ogre_next_vendor:/opt/ros/jazzy/opt/gz_dartsim_vendor:/opt/ros/jazzy/opt/gz_cmake_vendor:/opt/ros/jazzy DEBUGINFOD_URLS=https://debuginfod.ubuntu.com /usr/bin/cmake --build /home/jandro/ros2_gen2_ws/build/gen2_moveit_config -- -j4 -l4
[0.251s] Invoking command in '/home/jandro/ros2_gen2_ws/build/gen2_moveit_config': AMENT_PREFIX_PATH=/home/jandro/ros2_gen2_ws/install/kinova_description:${AMENT_PREFIX_PATH} CMAKE_PREFIX_PATH=/home/jandro/ros2_gen2_ws/install/kinova_description:/opt/ros/jazzy/opt/gz_sim_vendor:/opt/ros/jazzy/opt/gz_sensors_vendor:/opt/ros/jazzy/opt/gz_physics_vendor:/opt/ros/jazzy/opt/sdformat_vendor:/opt/ros/jazzy/opt/gz_gui_vendor:/opt/ros/jazzy/opt/gz_transport_vendor:/opt/ros/jazzy/opt/gz_rendering_vendor:/opt/ros/jazzy/opt/gz_plugin_vendor:/opt/ros/jazzy/opt/gz_fuel_tools_vendor:/opt/ros/jazzy/opt/gz_msgs_vendor:/opt/ros/jazzy/opt/gz_common_vendor:/opt/ros/jazzy/opt/gz_math_vendor:/opt/ros/jazzy/opt/gz_utils_vendor:/opt/ros/jazzy/opt/gz_tools_vendor:/opt/ros/jazzy/opt/gz_ogre_next_vendor:/opt/ros/jazzy/opt/gz_dartsim_vendor:/opt/ros/jazzy/opt/gz_cmake_vendor:/opt/ros/jazzy DEBUGINFOD_URLS=https://debuginfod.ubuntu.com /usr/bin/cmake --install /home/jandro/ros2_gen2_ws/build/gen2_moveit_config
[0.271s] -- Install configuration: ""
[0.271s] -- Up-to-date: /home/jandro/ros2_gen2_ws/install/gen2_moveit_config/share/ament_index/resource_index/package_run_dependencies/gen2_moveit_config
[0.271s] -- Up-to-date: /home/jandro/ros2_gen2_ws/install/gen2_moveit_config/share/ament_index/resource_index/parent_prefix_path/gen2_moveit_config
[0.271s] -- Up-to-date: /home/jandro/ros2_gen2_ws/install/gen2_moveit_config/share/gen2_moveit_config/environment/ament_prefix_path.sh
[0.271s] -- Up-to-date: /home/jandro/ros2_gen2_ws/install/gen2_moveit_config/share/gen2_moveit_config/environment/ament_prefix_path.dsv
[0.271s] -- Up-to-date: /home/jandro/ros2_gen2_ws/install/gen2_moveit_config/share/gen2_moveit_config/environment/path.sh
[0.271s] -- Up-to-date: /home/jandro/ros2_gen2_ws/install/gen2_moveit_config/share/gen2_moveit_config/environment/path.dsv
[0.271s] -- Up-to-date: /home/jandro/ros2_gen2_ws/install/gen2_moveit_config/share/gen2_moveit_config/local_setup.bash
[0.271s] -- Up-to-date: /home/jandro/ros2_gen2_ws/install/gen2_moveit_config/share/gen2_moveit_config/local_setup.sh
[0.271s] -- Up-to-date: /home/jandro/ros2_gen2_ws/install/gen2_moveit_config/share/gen2_moveit_config/local_setup.zsh
[0.271s] -- Up-to-date: /home/jandro/ros2_gen2_ws/install/gen2_moveit_config/share/gen2_moveit_config/local_setup.dsv
[0.272s] -- Installing: /home/jandro/ros2_gen2_ws/install/gen2_moveit_config/share/gen2_moveit_config/package.dsv
[0.272s] -- Up-to-date: /home/jandro/ros2_gen2_ws/install/gen2_moveit_config/share/ament_index/resource_index/packages/gen2_moveit_config
[0.272s] -- Up-to-date: /home/jandro/ros2_gen2_ws/install/gen2_moveit_config/share/gen2_moveit_config/cmake/gen2_moveit_configConfig.cmake
[0.272s] -- Up-to-date: /home/jandro/ros2_gen2_ws/install/gen2_moveit_config/share/gen2_moveit_config/cmake/gen2_moveit_configConfig-version.cmake
[0.272s] -- Up-to-date: /home/jandro/ros2_gen2_ws/install/gen2_moveit_config/share/gen2_moveit_config/package.xml
[0.272s] -- Up-to-date: /home/jandro/ros2_gen2_ws/install/gen2_moveit_config/share/gen2_moveit_config/launch
[0.272s] -- Up-to-date: /home/jandro/ros2_gen2_ws/install/gen2_moveit_config/share/gen2_moveit_config/launch/demo.launch.py
[0.272s] -- Up-to-date: /home/jandro/ros2_gen2_ws/install/gen2_moveit_config/share/gen2_moveit_config/launch/static_virtual_joint_tfs.launch.py
[0.272s] -- Installing: /home/jandro/ros2_gen2_ws/install/gen2_moveit_config/share/gen2_moveit_config/launch/simulation.launch.py
[0.272s] -- Up-to-date: /home/jandro/ros2_gen2_ws/install/gen2_moveit_config/share/gen2_moveit_config/launch/warehouse_db.launch.py
[0.273s] -- Up-to-date: /home/jandro/ros2_gen2_ws/install/gen2_moveit_config/share/gen2_moveit_config/launch/spawn_controllers.launch.py
[0.273s] -- Up-to-date: /home/jandro/ros2_gen2_ws/install/gen2_moveit_config/share/gen2_moveit_config/launch/rsp.launch.py
[0.273s] -- Up-to-date: /home/jandro/ros2_gen2_ws/install/gen2_moveit_config/share/gen2_moveit_config/launch/setup_assistant.launch.py
[0.273s] -- Up-to-date: /home/jandro/ros2_gen2_ws/install/gen2_moveit_config/share/gen2_moveit_config/launch/moveit_rviz.launch.py
[0.273s] -- Up-to-date: /home/jandro/ros2_gen2_ws/install/gen2_moveit_config/share/gen2_moveit_config/launch/move_group.launch.py
[0.273s] -- Up-to-date: /home/jandro/ros2_gen2_ws/install/gen2_moveit_config/share/gen2_moveit_config/config
[0.273s] -- Up-to-date: /home/jandro/ros2_gen2_ws/install/gen2_moveit_config/share/gen2_moveit_config/config/pilz_cartesian_limits.yaml
[0.273s] -- Up-to-date: /home/jandro/ros2_gen2_ws/install/gen2_moveit_config/share/gen2_moveit_config/config/joint_limits.yaml
[0.273s] -- Up-to-date: /home/jandro/ros2_gen2_ws/install/gen2_moveit_config/share/gen2_moveit_config/config/ros2_controllers.yaml
[0.273s] -- Up-to-date: /home/jandro/ros2_gen2_ws/install/gen2_moveit_config/share/gen2_moveit_config/config/moveit.rviz
[0.273s] -- Up-to-date: /home/jandro/ros2_gen2_ws/install/gen2_moveit_config/share/gen2_moveit_config/config/kinematics.yaml
[0.273s] -- Installing: /home/jandro/ros2_gen2_ws/install/gen2_moveit_config/share/gen2_moveit_config/config/moveit_controllers.yaml
[0.273s] -- Installing: /home/jandro/ros2_gen2_ws/install/gen2_moveit_config/share/gen2_moveit_config/config/j2n6s300.srdf
[0.273s] -- Up-to-date: /home/jandro/ros2_gen2_ws/install/gen2_moveit_config/share/gen2_moveit_config/.setup_assistant
[0.274s] Invoked command in '/home/jandro/ros2_gen2_ws/build/gen2_moveit_config' returned '0': AMENT_PREFIX_PATH=/home/jandro/ros2_gen2_ws/install/kinova_description:${AMENT_PREFIX_PATH} CMAKE_PREFIX_PATH=/home/jandro/ros2_gen2_ws/install/kinova_description:/opt/ros/jazzy/opt/gz_sim_vendor:/opt/ros/jazzy/opt/gz_sensors_vendor:/opt/ros/jazzy/opt/gz_physics_vendor:/opt/ros/jazzy/opt/sdformat_vendor:/opt/ros/jazzy/opt/gz_gui_vendor:/opt/ros/jazzy/opt/gz_transport_vendor:/opt/ros/jazzy/opt/gz_rendering_vendor:/opt/ros/jazzy/opt/gz_plugin_vendor:/opt/ros/jazzy/opt/gz_fuel_tools_vendor:/opt/ros/jazzy/opt/gz_msgs_vendor:/opt/ros/jazzy/opt/gz_common_vendor:/opt/ros/jazzy/opt/gz_math_vendor:/opt/ros/jazzy/opt/gz_utils_vendor:/opt/ros/jazzy/opt/gz_tools_vendor:/opt/ros/jazzy/opt/gz_ogre_next_vendor:/opt/ros/jazzy/opt/gz_dartsim_vendor:/opt/ros/jazzy/opt/gz_cmake_vendor:/opt/ros/jazzy DEBUGINFOD_URLS=https://debuginfod.ubuntu.com /usr/bin/cmake --install /home/jandro/ros2_gen2_ws/build/gen2_moveit_config
