[2.137s] DEBUG:colcon:Command line arguments: ['/usr/bin/colcon', 'build', '--packages-select', 'collaborative_gen2']
[2.137s] DEBUG:colcon:Parsed command line arguments: Namespace(log_base=None, log_level=None, verb_name='build', build_base='build', install_base='install', merge_install=False, symlink_install=False, test_result_base=None, continue_on_error=False, executor='parallel', parallel_workers=4, event_handlers=None, ignore_user_meta=False, metas=['./colcon.meta'], base_paths=['.'], packages_ignore=None, packages_ignore_regex=None, paths=None, packages_up_to=None, packages_up_to_regex=None, packages_above=None, packages_above_and_dependencies=None, packages_above_depth=None, packages_select_by_dep=None, packages_skip_by_dep=None, packages_skip_up_to=None, packages_select_build_failed=False, packages_skip_build_finished=False, packages_select_test_failures=False, packages_skip_test_passed=False, packages_select=['collaborative_gen2'], packages_skip=None, packages_select_regex=None, packages_skip_regex=None, packages_start=None, packages_end=None, allow_overriding=[], cmake_args=None, cmake_target=None, cmake_target_skip_unavailable=False, cmake_clean_cache=False, cmake_clean_first=False, cmake_force_configure=False, ament_cmake_args=None, catkin_cmake_args=None, catkin_skip_building_tests=False, mixin_files=None, mixin=None, verb_parser=<colcon_mixin.mixin.mixin_argument.MixinArgumentDecorator object at 0x7a6bce44b080>, verb_extension=<colcon_core.verb.build.BuildVerb object at 0x7a6bce56ee70>, main=<bound method BuildVerb.main of <colcon_core.verb.build.BuildVerb object at 0x7a6bce56ee70>>, mixin_verb=('build',))
[2.367s] Level 1:colcon.colcon_core.package_discovery:discover_packages(colcon_meta) check parameters
[2.367s] Level 1:colcon.colcon_core.package_discovery:discover_packages(recursive) check parameters
[2.367s] Level 1:colcon.colcon_core.package_discovery:discover_packages(ignore) check parameters
[2.367s] Level 1:colcon.colcon_core.package_discovery:discover_packages(path) check parameters
[2.367s] Level 1:colcon.colcon_core.package_discovery:discover_packages(colcon_meta) discover
[2.367s] Level 1:colcon.colcon_core.package_discovery:discover_packages(recursive) discover
[2.367s] INFO:colcon.colcon_core.package_discovery:Crawling recursively for packages in '/home/jandro/ros2_gen2_ws'
[2.367s] Level 1:colcon.colcon_core.package_identification:_identify(.) by extensions ['ignore', 'ignore_ament_install']
[2.368s] Level 1:colcon.colcon_core.package_identification:_identify(.) by extension 'ignore'
[2.368s] Level 1:colcon.colcon_core.package_identification:_identify(.) by extension 'ignore_ament_install'
[2.368s] Level 1:colcon.colcon_core.package_identification:_identify(.) by extensions ['colcon_pkg']
[2.368s] Level 1:colcon.colcon_core.package_identification:_identify(.) by extension 'colcon_pkg'
[2.368s] Level 1:colcon.colcon_core.package_identification:_identify(.) by extensions ['colcon_meta']
[2.368s] Level 1:colcon.colcon_core.package_identification:_identify(.) by extension 'colcon_meta'
[2.368s] Level 1:colcon.colcon_core.package_identification:_identify(.) by extensions ['ros']
[2.368s] Level 1:colcon.colcon_core.package_identification:_identify(.) by extension 'ros'
[2.461s] Level 1:colcon.colcon_core.package_identification:_identify(.) by extensions ['cmake', 'python']
[2.461s] Level 1:colcon.colcon_core.package_identification:_identify(.) by extension 'cmake'
[2.461s] Level 1:colcon.colcon_core.package_identification:_identify(.) by extension 'python'
[2.461s] Level 1:colcon.colcon_core.package_identification:_identify(.) by extensions ['python_setup_py']
[2.461s] Level 1:colcon.colcon_core.package_identification:_identify(.) by extension 'python_setup_py'
[2.461s] Level 1:colcon.colcon_core.package_identification:_identify(build) by extensions ['ignore', 'ignore_ament_install']
[2.461s] Level 1:colcon.colcon_core.package_identification:_identify(build) by extension 'ignore'
[2.461s] Level 1:colcon.colcon_core.package_identification:_identify(build) ignored
[2.461s] Level 1:colcon.colcon_core.package_identification:_identify(install) by extensions ['ignore', 'ignore_ament_install']
[2.461s] Level 1:colcon.colcon_core.package_identification:_identify(install) by extension 'ignore'
[2.461s] Level 1:colcon.colcon_core.package_identification:_identify(install) ignored
[2.461s] Level 1:colcon.colcon_core.package_identification:_identify(log) by extensions ['ignore', 'ignore_ament_install']
[2.462s] Level 1:colcon.colcon_core.package_identification:_identify(log) by extension 'ignore'
[2.462s] Level 1:colcon.colcon_core.package_identification:_identify(log) ignored
[2.462s] Level 1:colcon.colcon_core.package_identification:_identify(src) by extensions ['ignore', 'ignore_ament_install']
[2.462s] Level 1:colcon.colcon_core.package_identification:_identify(src) by extension 'ignore'
[2.462s] Level 1:colcon.colcon_core.package_identification:_identify(src) by extension 'ignore_ament_install'
[2.462s] Level 1:colcon.colcon_core.package_identification:_identify(src) by extensions ['colcon_pkg']
[2.462s] Level 1:colcon.colcon_core.package_identification:_identify(src) by extension 'colcon_pkg'
[2.462s] Level 1:colcon.colcon_core.package_identification:_identify(src) by extensions ['colcon_meta']
[2.462s] Level 1:colcon.colcon_core.package_identification:_identify(src) by extension 'colcon_meta'
[2.462s] Level 1:colcon.colcon_core.package_identification:_identify(src) by extensions ['ros']
[2.462s] Level 1:colcon.colcon_core.package_identification:_identify(src) by extension 'ros'
[2.462s] Level 1:colcon.colcon_core.package_identification:_identify(src) by extensions ['cmake', 'python']
[2.462s] Level 1:colcon.colcon_core.package_identification:_identify(src) by extension 'cmake'
[2.462s] Level 1:colcon.colcon_core.package_identification:_identify(src) by extension 'python'
[2.462s] Level 1:colcon.colcon_core.package_identification:_identify(src) by extensions ['python_setup_py']
[2.462s] Level 1:colcon.colcon_core.package_identification:_identify(src) by extension 'python_setup_py'
[2.462s] Level 1:colcon.colcon_core.package_identification:_identify(src/collaborative_gen2) by extensions ['ignore', 'ignore_ament_install']
[2.462s] Level 1:colcon.colcon_core.package_identification:_identify(src/collaborative_gen2) by extension 'ignore'
[2.462s] Level 1:colcon.colcon_core.package_identification:_identify(src/collaborative_gen2) by extension 'ignore_ament_install'
[2.462s] Level 1:colcon.colcon_core.package_identification:_identify(src/collaborative_gen2) by extensions ['colcon_pkg']
[2.462s] Level 1:colcon.colcon_core.package_identification:_identify(src/collaborative_gen2) by extension 'colcon_pkg'
[2.463s] Level 1:colcon.colcon_core.package_identification:_identify(src/collaborative_gen2) by extensions ['colcon_meta']
[2.463s] Level 1:colcon.colcon_core.package_identification:_identify(src/collaborative_gen2) by extension 'colcon_meta'
[2.463s] Level 1:colcon.colcon_core.package_identification:_identify(src/collaborative_gen2) by extensions ['ros']
[2.463s] Level 1:colcon.colcon_core.package_identification:_identify(src/collaborative_gen2) by extension 'ros'
[2.493s] DEBUG:colcon.colcon_core.package_identification:Package 'src/collaborative_gen2' with type 'ros.ament_cmake' and name 'collaborative_gen2'
[2.493s] Level 1:colcon.colcon_core.package_identification:_identify(src/gen2_moveit_config) by extensions ['ignore', 'ignore_ament_install']
[2.494s] Level 1:colcon.colcon_core.package_identification:_identify(src/gen2_moveit_config) by extension 'ignore'
[2.494s] Level 1:colcon.colcon_core.package_identification:_identify(src/gen2_moveit_config) by extension 'ignore_ament_install'
[2.494s] Level 1:colcon.colcon_core.package_identification:_identify(src/gen2_moveit_config) by extensions ['colcon_pkg']
[2.494s] Level 1:colcon.colcon_core.package_identification:_identify(src/gen2_moveit_config) by extension 'colcon_pkg'
[2.494s] Level 1:colcon.colcon_core.package_identification:_identify(src/gen2_moveit_config) by extensions ['colcon_meta']
[2.494s] Level 1:colcon.colcon_core.package_identification:_identify(src/gen2_moveit_config) by extension 'colcon_meta'
[2.494s] Level 1:colcon.colcon_core.package_identification:_identify(src/gen2_moveit_config) by extensions ['ros']
[2.494s] Level 1:colcon.colcon_core.package_identification:_identify(src/gen2_moveit_config) by extension 'ros'
[2.512s] DEBUG:colcon.colcon_core.package_identification:Package 'src/gen2_moveit_config' with type 'ros.ament_cmake' and name 'gen2_moveit_config'
[2.513s] Level 1:colcon.colcon_core.package_identification:_identify(src/kinova_description) by extensions ['ignore', 'ignore_ament_install']
[2.513s] Level 1:colcon.colcon_core.package_identification:_identify(src/kinova_description) by extension 'ignore'
[2.513s] Level 1:colcon.colcon_core.package_identification:_identify(src/kinova_description) by extension 'ignore_ament_install'
[2.513s] Level 1:colcon.colcon_core.package_identification:_identify(src/kinova_description) by extensions ['colcon_pkg']
[2.513s] Level 1:colcon.colcon_core.package_identification:_identify(src/kinova_description) by extension 'colcon_pkg'
[2.513s] Level 1:colcon.colcon_core.package_identification:_identify(src/kinova_description) by extensions ['colcon_meta']
[2.513s] Level 1:colcon.colcon_core.package_identification:_identify(src/kinova_description) by extension 'colcon_meta'
[2.513s] Level 1:colcon.colcon_core.package_identification:_identify(src/kinova_description) by extensions ['ros']
[2.513s] Level 1:colcon.colcon_core.package_identification:_identify(src/kinova_description) by extension 'ros'
[2.565s] DEBUG:colcon.colcon_core.package_identification:Package 'src/kinova_description' with type 'ros.ament_cmake' and name 'kinova_description'
[2.565s] Level 1:colcon.colcon_core.package_discovery:discover_packages(recursive) using defaults
[2.565s] Level 1:colcon.colcon_core.package_discovery:discover_packages(ignore) discover
[2.565s] Level 1:colcon.colcon_core.package_discovery:discover_packages(ignore) using defaults
[2.565s] Level 1:colcon.colcon_core.package_discovery:discover_packages(path) discover
[2.565s] Level 1:colcon.colcon_core.package_discovery:discover_packages(path) using defaults
[2.657s] INFO:colcon.colcon_core.package_selection:Skipping not selected package 'kinova_description' in 'src/kinova_description'
[2.657s] INFO:colcon.colcon_core.package_selection:Skipping not selected package 'gen2_moveit_config' in 'src/gen2_moveit_config'
[2.658s] Level 1:colcon.colcon_core.package_discovery:discover_packages(prefix_path) check parameters
[2.658s] Level 1:colcon.colcon_core.package_discovery:discover_packages(prefix_path) discover
[2.662s] Level 1:colcon.colcon_core.package_discovery:discover_packages(prefix_path) using defaults
[2.664s] Level 5:colcon.colcon_core.verb:set package 'collaborative_gen2' build argument 'cmake_args' from command line to 'None'
[2.664s] Level 5:colcon.colcon_core.verb:set package 'collaborative_gen2' build argument 'cmake_target' from command line to 'None'
[2.664s] Level 5:colcon.colcon_core.verb:set package 'collaborative_gen2' build argument 'cmake_target_skip_unavailable' from command line to 'False'
[2.664s] Level 5:colcon.colcon_core.verb:set package 'collaborative_gen2' build argument 'cmake_clean_cache' from command line to 'False'
[2.664s] Level 5:colcon.colcon_core.verb:set package 'collaborative_gen2' build argument 'cmake_clean_first' from command line to 'False'
[2.664s] Level 5:colcon.colcon_core.verb:set package 'collaborative_gen2' build argument 'cmake_force_configure' from command line to 'False'
[2.664s] Level 5:colcon.colcon_core.verb:set package 'collaborative_gen2' build argument 'ament_cmake_args' from command line to 'None'
[2.664s] Level 5:colcon.colcon_core.verb:set package 'collaborative_gen2' build argument 'catkin_cmake_args' from command line to 'None'
[2.664s] Level 5:colcon.colcon_core.verb:set package 'collaborative_gen2' build argument 'catkin_skip_building_tests' from command line to 'False'
[2.664s] DEBUG:colcon.colcon_core.verb:Building package 'collaborative_gen2' with the following arguments: {'ament_cmake_args': None, 'build_base': '/home/jandro/ros2_gen2_ws/build/collaborative_gen2', 'catkin_cmake_args': None, 'catkin_skip_building_tests': False, 'cmake_args': None, 'cmake_clean_cache': False, 'cmake_clean_first': False, 'cmake_force_configure': False, 'cmake_target': None, 'cmake_target_skip_unavailable': False, 'install_base': '/home/jandro/ros2_gen2_ws/install/collaborative_gen2', 'merge_install': False, 'path': '/home/jandro/ros2_gen2_ws/src/collaborative_gen2', 'symlink_install': False, 'test_result_base': None}
[2.664s] INFO:colcon.colcon_core.executor:Executing jobs using 'parallel' executor
[2.665s] DEBUG:colcon.colcon_parallel_executor.executor.parallel:run_until_complete
[2.665s] INFO:colcon.colcon_ros.task.ament_cmake.build:Building ROS package in '/home/jandro/ros2_gen2_ws/src/collaborative_gen2' with build type 'ament_cmake'
[2.665s] INFO:colcon.colcon_cmake.task.cmake.build:Building CMake package in '/home/jandro/ros2_gen2_ws/src/collaborative_gen2'
[2.670s] INFO:colcon.colcon_core.plugin_system:Skipping extension 'colcon_core.shell.bat': Not used on non-Windows systems
[2.670s] INFO:colcon.colcon_core.shell:Skip shell extension 'powershell' for command environment: Not usable outside of PowerShell
[2.670s] DEBUG:colcon.colcon_core.shell:Skip shell extension 'dsv' for command environment
[2.697s] DEBUG:colcon.colcon_core.event_handler.log_command:Invoking command in '/home/jandro/ros2_gen2_ws/build/collaborative_gen2': DEBUGINFOD_URLS=https://debuginfod.ubuntu.com /usr/bin/cmake --build /home/jandro/ros2_gen2_ws/build/collaborative_gen2 -- -j4 -l4
[26.604s] DEBUG:colcon.colcon_core.event_handler.log_command:Invoked command in '/home/jandro/ros2_gen2_ws/build/collaborative_gen2' returned '0': DEBUGINFOD_URLS=https://debuginfod.ubuntu.com /usr/bin/cmake --build /home/jandro/ros2_gen2_ws/build/collaborative_gen2 -- -j4 -l4
[26.675s] DEBUG:colcon.colcon_core.event_handler.log_command:Invoking command in '/home/jandro/ros2_gen2_ws/build/collaborative_gen2': DEBUGINFOD_URLS=https://debuginfod.ubuntu.com /usr/bin/cmake --install /home/jandro/ros2_gen2_ws/build/collaborative_gen2
[26.894s] Level 1:colcon.colcon_core.environment:create_environment_scripts_only(collaborative_gen2)
[26.894s] DEBUG:colcon.colcon_core.event_handler.log_command:Invoked command in '/home/jandro/ros2_gen2_ws/build/collaborative_gen2' returned '0': DEBUGINFOD_URLS=https://debuginfod.ubuntu.com /usr/bin/cmake --install /home/jandro/ros2_gen2_ws/build/collaborative_gen2
[26.990s] Level 1:colcon.colcon_core.environment:checking '/home/jandro/ros2_gen2_ws/install/collaborative_gen2' for CMake module files
[26.990s] Level 1:colcon.colcon_core.environment:checking '/home/jandro/ros2_gen2_ws/install/collaborative_gen2' for CMake config files
[26.991s] Level 1:colcon.colcon_core.shell:create_environment_hook('collaborative_gen2', 'cmake_prefix_path')
[26.991s] INFO:colcon.colcon_core.shell:Creating environment hook '/home/jandro/ros2_gen2_ws/install/collaborative_gen2/share/collaborative_gen2/hook/cmake_prefix_path.ps1'
[27.003s] INFO:colcon.colcon_core.shell:Creating environment descriptor '/home/jandro/ros2_gen2_ws/install/collaborative_gen2/share/collaborative_gen2/hook/cmake_prefix_path.dsv'
[27.026s] INFO:colcon.colcon_core.shell:Creating environment hook '/home/jandro/ros2_gen2_ws/install/collaborative_gen2/share/collaborative_gen2/hook/cmake_prefix_path.sh'
[27.029s] Level 1:colcon.colcon_core.environment:checking '/home/jandro/ros2_gen2_ws/install/collaborative_gen2/lib'
[27.029s] Level 1:colcon.colcon_core.environment:checking '/home/jandro/ros2_gen2_ws/install/collaborative_gen2/bin'
[27.029s] Level 1:colcon.colcon_core.environment:checking '/home/jandro/ros2_gen2_ws/install/collaborative_gen2/lib/pkgconfig/collaborative_gen2.pc'
[27.055s] Level 1:colcon.colcon_core.environment:checking '/home/jandro/ros2_gen2_ws/install/collaborative_gen2/lib/python3.12/site-packages'
[27.055s] Level 1:colcon.colcon_core.environment:checking '/home/jandro/ros2_gen2_ws/install/collaborative_gen2/bin'
[27.055s] INFO:colcon.colcon_core.shell:Creating package script '/home/jandro/ros2_gen2_ws/install/collaborative_gen2/share/collaborative_gen2/package.ps1'
[27.056s] INFO:colcon.colcon_core.shell:Creating package descriptor '/home/jandro/ros2_gen2_ws/install/collaborative_gen2/share/collaborative_gen2/package.dsv'
[27.057s] INFO:colcon.colcon_core.shell:Creating package script '/home/jandro/ros2_gen2_ws/install/collaborative_gen2/share/collaborative_gen2/package.sh'
[27.058s] INFO:colcon.colcon_core.shell:Creating package script '/home/jandro/ros2_gen2_ws/install/collaborative_gen2/share/collaborative_gen2/package.bash'
[27.085s] INFO:colcon.colcon_core.shell:Creating package script '/home/jandro/ros2_gen2_ws/install/collaborative_gen2/share/collaborative_gen2/package.zsh'
[27.098s] Level 1:colcon.colcon_core.environment:create_file_with_runtime_dependencies(/home/jandro/ros2_gen2_ws/install/collaborative_gen2/share/colcon-core/packages/collaborative_gen2)
[27.099s] Level 1:colcon.colcon_core.environment:create_environment_scripts_only(collaborative_gen2)
[27.099s] Level 1:colcon.colcon_core.environment:checking '/home/jandro/ros2_gen2_ws/install/collaborative_gen2' for CMake module files
[27.100s] Level 1:colcon.colcon_core.environment:checking '/home/jandro/ros2_gen2_ws/install/collaborative_gen2' for CMake config files
[27.100s] Level 1:colcon.colcon_core.shell:create_environment_hook('collaborative_gen2', 'cmake_prefix_path')
[27.100s] INFO:colcon.colcon_core.shell:Creating environment hook '/home/jandro/ros2_gen2_ws/install/collaborative_gen2/share/collaborative_gen2/hook/cmake_prefix_path.ps1'
[27.100s] INFO:colcon.colcon_core.shell:Creating environment descriptor '/home/jandro/ros2_gen2_ws/install/collaborative_gen2/share/collaborative_gen2/hook/cmake_prefix_path.dsv'
[27.101s] INFO:colcon.colcon_core.shell:Creating environment hook '/home/jandro/ros2_gen2_ws/install/collaborative_gen2/share/collaborative_gen2/hook/cmake_prefix_path.sh'
[27.101s] Level 1:colcon.colcon_core.environment:checking '/home/jandro/ros2_gen2_ws/install/collaborative_gen2/lib'
[27.102s] Level 1:colcon.colcon_core.environment:checking '/home/jandro/ros2_gen2_ws/install/collaborative_gen2/bin'
[27.102s] Level 1:colcon.colcon_core.environment:checking '/home/jandro/ros2_gen2_ws/install/collaborative_gen2/lib/pkgconfig/collaborative_gen2.pc'
[27.102s] Level 1:colcon.colcon_core.environment:checking '/home/jandro/ros2_gen2_ws/install/collaborative_gen2/lib/python3.12/site-packages'
[27.102s] Level 1:colcon.colcon_core.environment:checking '/home/jandro/ros2_gen2_ws/install/collaborative_gen2/bin'
[27.102s] INFO:colcon.colcon_core.shell:Creating package script '/home/jandro/ros2_gen2_ws/install/collaborative_gen2/share/collaborative_gen2/package.ps1'
[27.103s] INFO:colcon.colcon_core.shell:Creating package descriptor '/home/jandro/ros2_gen2_ws/install/collaborative_gen2/share/collaborative_gen2/package.dsv'
[27.103s] INFO:colcon.colcon_core.shell:Creating package script '/home/jandro/ros2_gen2_ws/install/collaborative_gen2/share/collaborative_gen2/package.sh'
[27.104s] INFO:colcon.colcon_core.shell:Creating package script '/home/jandro/ros2_gen2_ws/install/collaborative_gen2/share/collaborative_gen2/package.bash'
[27.104s] INFO:colcon.colcon_core.shell:Creating package script '/home/jandro/ros2_gen2_ws/install/collaborative_gen2/share/collaborative_gen2/package.zsh'
[27.104s] Level 1:colcon.colcon_core.environment:create_file_with_runtime_dependencies(/home/jandro/ros2_gen2_ws/install/collaborative_gen2/share/colcon-core/packages/collaborative_gen2)
[27.104s] DEBUG:colcon.colcon_parallel_executor.executor.parallel:closing loop
[27.105s] DEBUG:colcon.colcon_parallel_executor.executor.parallel:loop closed
[27.105s] DEBUG:colcon.colcon_parallel_executor.executor.parallel:run_until_complete finished with '0'
[27.105s] DEBUG:colcon.colcon_core.event_reactor:joining thread
[27.166s] INFO:colcon.colcon_core.plugin_system:Skipping extension 'colcon_notification.desktop_notification.terminal_notifier': Not used on non-Darwin systems
[27.167s] INFO:colcon.colcon_core.plugin_system:Skipping extension 'colcon_notification.desktop_notification.win32': Not used on non-Windows systems
[27.167s] INFO:colcon.colcon_notification.desktop_notification:Sending desktop notification using 'notify2'
[27.188s] DEBUG:colcon.colcon_core.event_reactor:joined thread
[27.188s] INFO:colcon.colcon_core.shell:Creating prefix script '/home/jandro/ros2_gen2_ws/install/local_setup.ps1'
[27.189s] INFO:colcon.colcon_core.shell:Creating prefix util module '/home/jandro/ros2_gen2_ws/install/_local_setup_util_ps1.py'
[27.192s] INFO:colcon.colcon_core.shell:Creating prefix chain script '/home/jandro/ros2_gen2_ws/install/setup.ps1'
[27.213s] INFO:colcon.colcon_core.shell:Creating prefix script '/home/jandro/ros2_gen2_ws/install/local_setup.sh'
[27.215s] INFO:colcon.colcon_core.shell:Creating prefix util module '/home/jandro/ros2_gen2_ws/install/_local_setup_util_sh.py'
[27.216s] INFO:colcon.colcon_core.shell:Creating prefix chain script '/home/jandro/ros2_gen2_ws/install/setup.sh'
[27.217s] INFO:colcon.colcon_core.shell:Creating prefix script '/home/jandro/ros2_gen2_ws/install/local_setup.bash'
[27.217s] INFO:colcon.colcon_core.shell:Creating prefix chain script '/home/jandro/ros2_gen2_ws/install/setup.bash'
[27.219s] INFO:colcon.colcon_core.shell:Creating prefix script '/home/jandro/ros2_gen2_ws/install/local_setup.zsh'
[27.220s] INFO:colcon.colcon_core.shell:Creating prefix chain script '/home/jandro/ros2_gen2_ws/install/setup.zsh'
