[0.100s] DEBUG:colcon:Command line arguments: ['/usr/bin/colcon', 'build']
[0.100s] DEBUG:colcon:Parsed command line arguments: Namespace(log_base=None, log_level=None, verb_name='build', build_base='build', install_base='install', merge_install=False, symlink_install=False, test_result_base=None, continue_on_error=False, executor='parallel', parallel_workers=4, event_handlers=None, ignore_user_meta=False, metas=['./colcon.meta'], base_paths=['.'], packages_ignore=None, packages_ignore_regex=None, paths=None, packages_up_to=None, packages_up_to_regex=None, packages_above=None, packages_above_and_dependencies=None, packages_above_depth=None, packages_select_by_dep=None, packages_skip_by_dep=None, packages_skip_up_to=None, packages_select_build_failed=False, packages_skip_build_finished=False, packages_select_test_failures=False, packages_skip_test_passed=False, packages_select=None, packages_skip=None, packages_select_regex=None, packages_skip_regex=None, packages_start=None, packages_end=None, allow_overriding=[], cmake_args=None, cmake_target=None, cmake_target_skip_unavailable=False, cmake_clean_cache=False, cmake_clean_first=False, cmake_force_configure=False, ament_cmake_args=None, catkin_cmake_args=None, catkin_skip_building_tests=False, mixin_files=None, mixin=None, verb_parser=<colcon_mixin.mixin.mixin_argument.MixinArgumentDecorator object at 0x7c4a84375e20>, verb_extension=<colcon_core.verb.build.BuildVerb object at 0x7c4a84ca4b60>, main=<bound method BuildVerb.main of <colcon_core.verb.build.BuildVerb object at 0x7c4a84ca4b60>>, mixin_verb=('build',))
[0.378s] Level 1:colcon.colcon_core.package_discovery:discover_packages(colcon_meta) check parameters
[0.378s] Level 1:colcon.colcon_core.package_discovery:discover_packages(recursive) check parameters
[0.378s] Level 1:colcon.colcon_core.package_discovery:discover_packages(ignore) check parameters
[0.378s] Level 1:colcon.colcon_core.package_discovery:discover_packages(path) check parameters
[0.378s] Level 1:colcon.colcon_core.package_discovery:discover_packages(colcon_meta) discover
[0.378s] Level 1:colcon.colcon_core.package_discovery:discover_packages(recursive) discover
[0.378s] INFO:colcon.colcon_core.package_discovery:Crawling recursively for packages in '/home/jandro/ros2_gen2_ws'
[0.378s] Level 1:colcon.colcon_core.package_identification:_identify(.) by extensions ['ignore', 'ignore_ament_install']
[0.379s] Level 1:colcon.colcon_core.package_identification:_identify(.) by extension 'ignore'
[0.379s] Level 1:colcon.colcon_core.package_identification:_identify(.) by extension 'ignore_ament_install'
[0.379s] Level 1:colcon.colcon_core.package_identification:_identify(.) by extensions ['colcon_pkg']
[0.379s] Level 1:colcon.colcon_core.package_identification:_identify(.) by extension 'colcon_pkg'
[0.379s] Level 1:colcon.colcon_core.package_identification:_identify(.) by extensions ['colcon_meta']
[0.379s] Level 1:colcon.colcon_core.package_identification:_identify(.) by extension 'colcon_meta'
[0.379s] Level 1:colcon.colcon_core.package_identification:_identify(.) by extensions ['ros']
[0.379s] Level 1:colcon.colcon_core.package_identification:_identify(.) by extension 'ros'
[0.699s] Level 1:colcon.colcon_core.package_identification:_identify(.) by extensions ['cmake', 'python']
[0.699s] Level 1:colcon.colcon_core.package_identification:_identify(.) by extension 'cmake'
[0.699s] Level 1:colcon.colcon_core.package_identification:_identify(.) by extension 'python'
[0.699s] Level 1:colcon.colcon_core.package_identification:_identify(.) by extensions ['python_setup_py']
[0.699s] Level 1:colcon.colcon_core.package_identification:_identify(.) by extension 'python_setup_py'
[0.699s] Level 1:colcon.colcon_core.package_identification:_identify(build) by extensions ['ignore', 'ignore_ament_install']
[0.700s] Level 1:colcon.colcon_core.package_identification:_identify(build) by extension 'ignore'
[0.700s] Level 1:colcon.colcon_core.package_identification:_identify(build) ignored
[0.700s] Level 1:colcon.colcon_core.package_identification:_identify(install) by extensions ['ignore', 'ignore_ament_install']
[0.700s] Level 1:colcon.colcon_core.package_identification:_identify(install) by extension 'ignore'
[0.700s] Level 1:colcon.colcon_core.package_identification:_identify(install) ignored
[0.700s] Level 1:colcon.colcon_core.package_identification:_identify(log) by extensions ['ignore', 'ignore_ament_install']
[0.700s] Level 1:colcon.colcon_core.package_identification:_identify(log) by extension 'ignore'
[0.700s] Level 1:colcon.colcon_core.package_identification:_identify(log) ignored
[0.700s] Level 1:colcon.colcon_core.package_identification:_identify(src) by extensions ['ignore', 'ignore_ament_install']
[0.700s] Level 1:colcon.colcon_core.package_identification:_identify(src) by extension 'ignore'
[0.700s] Level 1:colcon.colcon_core.package_identification:_identify(src) by extension 'ignore_ament_install'
[0.700s] Level 1:colcon.colcon_core.package_identification:_identify(src) by extensions ['colcon_pkg']
[0.701s] Level 1:colcon.colcon_core.package_identification:_identify(src) by extension 'colcon_pkg'
[0.701s] Level 1:colcon.colcon_core.package_identification:_identify(src) by extensions ['colcon_meta']
[0.701s] Level 1:colcon.colcon_core.package_identification:_identify(src) by extension 'colcon_meta'
[0.701s] Level 1:colcon.colcon_core.package_identification:_identify(src) by extensions ['ros']
[0.701s] Level 1:colcon.colcon_core.package_identification:_identify(src) by extension 'ros'
[0.701s] Level 1:colcon.colcon_core.package_identification:_identify(src) by extensions ['cmake', 'python']
[0.701s] Level 1:colcon.colcon_core.package_identification:_identify(src) by extension 'cmake'
[0.701s] Level 1:colcon.colcon_core.package_identification:_identify(src) by extension 'python'
[0.701s] Level 1:colcon.colcon_core.package_identification:_identify(src) by extensions ['python_setup_py']
[0.701s] Level 1:colcon.colcon_core.package_identification:_identify(src) by extension 'python_setup_py'
[0.722s] Level 1:colcon.colcon_core.package_identification:_identify(src/collaborative_gen2) by extensions ['ignore', 'ignore_ament_install']
[0.722s] Level 1:colcon.colcon_core.package_identification:_identify(src/collaborative_gen2) by extension 'ignore'
[0.722s] Level 1:colcon.colcon_core.package_identification:_identify(src/collaborative_gen2) by extension 'ignore_ament_install'
[0.722s] Level 1:colcon.colcon_core.package_identification:_identify(src/collaborative_gen2) by extensions ['colcon_pkg']
[0.722s] Level 1:colcon.colcon_core.package_identification:_identify(src/collaborative_gen2) by extension 'colcon_pkg'
[0.722s] Level 1:colcon.colcon_core.package_identification:_identify(src/collaborative_gen2) by extensions ['colcon_meta']
[0.722s] Level 1:colcon.colcon_core.package_identification:_identify(src/collaborative_gen2) by extension 'colcon_meta'
[0.723s] Level 1:colcon.colcon_core.package_identification:_identify(src/collaborative_gen2) by extensions ['ros']
[0.723s] Level 1:colcon.colcon_core.package_identification:_identify(src/collaborative_gen2) by extension 'ros'
[0.749s] DEBUG:colcon.colcon_core.package_identification:Package 'src/collaborative_gen2' with type 'ros.ament_cmake' and name 'collaborative_gen2'
[0.749s] Level 1:colcon.colcon_core.package_identification:_identify(src/gen2_moveit_config) by extensions ['ignore', 'ignore_ament_install']
[0.749s] Level 1:colcon.colcon_core.package_identification:_identify(src/gen2_moveit_config) by extension 'ignore'
[0.749s] Level 1:colcon.colcon_core.package_identification:_identify(src/gen2_moveit_config) by extension 'ignore_ament_install'
[0.749s] Level 1:colcon.colcon_core.package_identification:_identify(src/gen2_moveit_config) by extensions ['colcon_pkg']
[0.749s] Level 1:colcon.colcon_core.package_identification:_identify(src/gen2_moveit_config) by extension 'colcon_pkg'
[0.749s] Level 1:colcon.colcon_core.package_identification:_identify(src/gen2_moveit_config) by extensions ['colcon_meta']
[0.749s] Level 1:colcon.colcon_core.package_identification:_identify(src/gen2_moveit_config) by extension 'colcon_meta'
[0.749s] Level 1:colcon.colcon_core.package_identification:_identify(src/gen2_moveit_config) by extensions ['ros']
[0.749s] Level 1:colcon.colcon_core.package_identification:_identify(src/gen2_moveit_config) by extension 'ros'
[0.750s] DEBUG:colcon.colcon_core.package_identification:Package 'src/gen2_moveit_config' with type 'ros.ament_cmake' and name 'gen2_moveit_config'
[0.771s] Level 1:colcon.colcon_core.package_identification:_identify(src/kinova_description) by extensions ['ignore', 'ignore_ament_install']
[0.771s] Level 1:colcon.colcon_core.package_identification:_identify(src/kinova_description) by extension 'ignore'
[0.771s] Level 1:colcon.colcon_core.package_identification:_identify(src/kinova_description) by extension 'ignore_ament_install'
[0.771s] Level 1:colcon.colcon_core.package_identification:_identify(src/kinova_description) by extensions ['colcon_pkg']
[0.771s] Level 1:colcon.colcon_core.package_identification:_identify(src/kinova_description) by extension 'colcon_pkg'
[0.771s] Level 1:colcon.colcon_core.package_identification:_identify(src/kinova_description) by extensions ['colcon_meta']
[0.771s] Level 1:colcon.colcon_core.package_identification:_identify(src/kinova_description) by extension 'colcon_meta'
[0.771s] Level 1:colcon.colcon_core.package_identification:_identify(src/kinova_description) by extensions ['ros']
[0.771s] Level 1:colcon.colcon_core.package_identification:_identify(src/kinova_description) by extension 'ros'
[0.772s] DEBUG:colcon.colcon_core.package_identification:Package 'src/kinova_description' with type 'ros.ament_cmake' and name 'kinova_description'
[0.772s] Level 1:colcon.colcon_core.package_discovery:discover_packages(recursive) using defaults
[0.772s] Level 1:colcon.colcon_core.package_discovery:discover_packages(ignore) discover
[0.772s] Level 1:colcon.colcon_core.package_discovery:discover_packages(ignore) using defaults
[0.772s] Level 1:colcon.colcon_core.package_discovery:discover_packages(path) discover
[0.772s] Level 1:colcon.colcon_core.package_discovery:discover_packages(path) using defaults
[0.846s] Level 1:colcon.colcon_core.package_discovery:discover_packages(prefix_path) check parameters
[0.846s] Level 1:colcon.colcon_core.package_discovery:discover_packages(prefix_path) discover
[0.848s] DEBUG:colcon.colcon_installed_package_information.package_discovery:Found 3 installed packages in /home/jandro/ros2_gen2_ws/install
[0.850s] DEBUG:colcon.colcon_installed_package_information.package_discovery:Found 413 installed packages in /opt/ros/jazzy
[0.851s] Level 1:colcon.colcon_core.package_discovery:discover_packages(prefix_path) using defaults
[0.943s] Level 5:colcon.colcon_core.verb:set package 'collaborative_gen2' build argument 'cmake_args' from command line to 'None'
[0.943s] Level 5:colcon.colcon_core.verb:set package 'collaborative_gen2' build argument 'cmake_target' from command line to 'None'
[0.943s] Level 5:colcon.colcon_core.verb:set package 'collaborative_gen2' build argument 'cmake_target_skip_unavailable' from command line to 'False'
[0.943s] Level 5:colcon.colcon_core.verb:set package 'collaborative_gen2' build argument 'cmake_clean_cache' from command line to 'False'
[0.943s] Level 5:colcon.colcon_core.verb:set package 'collaborative_gen2' build argument 'cmake_clean_first' from command line to 'False'
[0.943s] Level 5:colcon.colcon_core.verb:set package 'collaborative_gen2' build argument 'cmake_force_configure' from command line to 'False'
[0.943s] Level 5:colcon.colcon_core.verb:set package 'collaborative_gen2' build argument 'ament_cmake_args' from command line to 'None'
[0.943s] Level 5:colcon.colcon_core.verb:set package 'collaborative_gen2' build argument 'catkin_cmake_args' from command line to 'None'
[0.943s] Level 5:colcon.colcon_core.verb:set package 'collaborative_gen2' build argument 'catkin_skip_building_tests' from command line to 'False'
[0.943s] DEBUG:colcon.colcon_core.verb:Building package 'collaborative_gen2' with the following arguments: {'ament_cmake_args': None, 'build_base': '/home/jandro/ros2_gen2_ws/build/collaborative_gen2', 'catkin_cmake_args': None, 'catkin_skip_building_tests': False, 'cmake_args': None, 'cmake_clean_cache': False, 'cmake_clean_first': False, 'cmake_force_configure': False, 'cmake_target': None, 'cmake_target_skip_unavailable': False, 'install_base': '/home/jandro/ros2_gen2_ws/install/collaborative_gen2', 'merge_install': False, 'path': '/home/jandro/ros2_gen2_ws/src/collaborative_gen2', 'symlink_install': False, 'test_result_base': None}
[0.943s] Level 5:colcon.colcon_core.verb:set package 'kinova_description' build argument 'cmake_args' from command line to 'None'
[0.943s] Level 5:colcon.colcon_core.verb:set package 'kinova_description' build argument 'cmake_target' from command line to 'None'
[0.943s] Level 5:colcon.colcon_core.verb:set package 'kinova_description' build argument 'cmake_target_skip_unavailable' from command line to 'False'
[0.943s] Level 5:colcon.colcon_core.verb:set package 'kinova_description' build argument 'cmake_clean_cache' from command line to 'False'
[0.944s] Level 5:colcon.colcon_core.verb:set package 'kinova_description' build argument 'cmake_clean_first' from command line to 'False'
[0.944s] Level 5:colcon.colcon_core.verb:set package 'kinova_description' build argument 'cmake_force_configure' from command line to 'False'
[0.944s] Level 5:colcon.colcon_core.verb:set package 'kinova_description' build argument 'ament_cmake_args' from command line to 'None'
[0.944s] Level 5:colcon.colcon_core.verb:set package 'kinova_description' build argument 'catkin_cmake_args' from command line to 'None'
[0.944s] Level 5:colcon.colcon_core.verb:set package 'kinova_description' build argument 'catkin_skip_building_tests' from command line to 'False'
[0.944s] DEBUG:colcon.colcon_core.verb:Building package 'kinova_description' with the following arguments: {'ament_cmake_args': None, 'build_base': '/home/jandro/ros2_gen2_ws/build/kinova_description', 'catkin_cmake_args': None, 'catkin_skip_building_tests': False, 'cmake_args': None, 'cmake_clean_cache': False, 'cmake_clean_first': False, 'cmake_force_configure': False, 'cmake_target': None, 'cmake_target_skip_unavailable': False, 'install_base': '/home/jandro/ros2_gen2_ws/install/kinova_description', 'merge_install': False, 'path': '/home/jandro/ros2_gen2_ws/src/kinova_description', 'symlink_install': False, 'test_result_base': None}
[0.944s] Level 5:colcon.colcon_core.verb:set package 'gen2_moveit_config' build argument 'cmake_args' from command line to 'None'
[0.944s] Level 5:colcon.colcon_core.verb:set package 'gen2_moveit_config' build argument 'cmake_target' from command line to 'None'
[0.944s] Level 5:colcon.colcon_core.verb:set package 'gen2_moveit_config' build argument 'cmake_target_skip_unavailable' from command line to 'False'
[0.944s] Level 5:colcon.colcon_core.verb:set package 'gen2_moveit_config' build argument 'cmake_clean_cache' from command line to 'False'
[0.944s] Level 5:colcon.colcon_core.verb:set package 'gen2_moveit_config' build argument 'cmake_clean_first' from command line to 'False'
[0.944s] Level 5:colcon.colcon_core.verb:set package 'gen2_moveit_config' build argument 'cmake_force_configure' from command line to 'False'
[0.944s] Level 5:colcon.colcon_core.verb:set package 'gen2_moveit_config' build argument 'ament_cmake_args' from command line to 'None'
[0.944s] Level 5:colcon.colcon_core.verb:set package 'gen2_moveit_config' build argument 'catkin_cmake_args' from command line to 'None'
[0.944s] Level 5:colcon.colcon_core.verb:set package 'gen2_moveit_config' build argument 'catkin_skip_building_tests' from command line to 'False'
[0.944s] DEBUG:colcon.colcon_core.verb:Building package 'gen2_moveit_config' with the following arguments: {'ament_cmake_args': None, 'build_base': '/home/jandro/ros2_gen2_ws/build/gen2_moveit_config', 'catkin_cmake_args': None, 'catkin_skip_building_tests': False, 'cmake_args': None, 'cmake_clean_cache': False, 'cmake_clean_first': False, 'cmake_force_configure': False, 'cmake_target': None, 'cmake_target_skip_unavailable': False, 'install_base': '/home/jandro/ros2_gen2_ws/install/gen2_moveit_config', 'merge_install': False, 'path': '/home/jandro/ros2_gen2_ws/src/gen2_moveit_config', 'symlink_install': False, 'test_result_base': None}
[0.944s] INFO:colcon.colcon_core.executor:Executing jobs using 'parallel' executor
[0.945s] DEBUG:colcon.colcon_parallel_executor.executor.parallel:run_until_complete
[0.945s] INFO:colcon.colcon_ros.task.ament_cmake.build:Building ROS package in '/home/jandro/ros2_gen2_ws/src/kinova_description' with build type 'ament_cmake'
[0.945s] INFO:colcon.colcon_cmake.task.cmake.build:Building CMake package in '/home/jandro/ros2_gen2_ws/src/kinova_description'
[0.947s] INFO:colcon.colcon_core.plugin_system:Skipping extension 'colcon_core.shell.bat': Not used on non-Windows systems
[0.947s] INFO:colcon.colcon_core.shell:Skip shell extension 'powershell' for command environment: Not usable outside of PowerShell
[0.948s] DEBUG:colcon.colcon_core.shell:Skip shell extension 'dsv' for command environment
[0.951s] INFO:colcon.colcon_ros.task.ament_cmake.build:Building ROS package in '/home/jandro/ros2_gen2_ws/src/collaborative_gen2' with build type 'ament_cmake'
[0.951s] INFO:colcon.colcon_cmake.task.cmake.build:Building CMake package in '/home/jandro/ros2_gen2_ws/src/collaborative_gen2'
[0.952s] INFO:colcon.colcon_core.shell:Skip shell extension 'powershell' for command environment: Not usable outside of PowerShell
[0.952s] DEBUG:colcon.colcon_core.shell:Skip shell extension 'dsv' for command environment
[0.959s] DEBUG:colcon.colcon_core.event_handler.log_command:Invoking command in '/home/jandro/ros2_gen2_ws/build/kinova_description': CMAKE_PREFIX_PATH=${CMAKE_PREFIX_PATH}:/opt/ros/jazzy DEBUGINFOD_URLS=https://debuginfod.ubuntu.com /usr/bin/cmake --build /home/jandro/ros2_gen2_ws/build/kinova_description -- -j4 -l4
[0.963s] DEBUG:colcon.colcon_core.event_handler.log_command:Invoking command in '/home/jandro/ros2_gen2_ws/build/collaborative_gen2': CMAKE_PREFIX_PATH=${CMAKE_PREFIX_PATH}:/opt/ros/jazzy DEBUGINFOD_URLS=https://debuginfod.ubuntu.com /usr/bin/cmake --build /home/jandro/ros2_gen2_ws/build/collaborative_gen2 -- -j4 -l4
[1.100s] DEBUG:colcon.colcon_core.event_handler.log_command:Invoked command in '/home/jandro/ros2_gen2_ws/build/kinova_description' returned '0': CMAKE_PREFIX_PATH=${CMAKE_PREFIX_PATH}:/opt/ros/jazzy DEBUGINFOD_URLS=https://debuginfod.ubuntu.com /usr/bin/cmake --build /home/jandro/ros2_gen2_ws/build/kinova_description -- -j4 -l4
[1.168s] DEBUG:colcon.colcon_core.event_handler.log_command:Invoking command in '/home/jandro/ros2_gen2_ws/build/kinova_description': CMAKE_PREFIX_PATH=${CMAKE_PREFIX_PATH}:/opt/ros/jazzy DEBUGINFOD_URLS=https://debuginfod.ubuntu.com /usr/bin/cmake --install /home/jandro/ros2_gen2_ws/build/kinova_description
[1.180s] Level 1:colcon.colcon_core.environment:create_environment_scripts_only(kinova_description)
[1.184s] Level 1:colcon.colcon_core.environment:checking '/home/jandro/ros2_gen2_ws/install/kinova_description' for CMake module files
[1.185s] Level 1:colcon.colcon_core.environment:checking '/home/jandro/ros2_gen2_ws/install/kinova_description' for CMake config files
[1.186s] DEBUG:colcon.colcon_core.event_handler.log_command:Invoked command in '/home/jandro/ros2_gen2_ws/build/kinova_description' returned '0': CMAKE_PREFIX_PATH=${CMAKE_PREFIX_PATH}:/opt/ros/jazzy DEBUGINFOD_URLS=https://debuginfod.ubuntu.com /usr/bin/cmake --install /home/jandro/ros2_gen2_ws/build/kinova_description
[1.214s] Level 1:colcon.colcon_core.shell:create_environment_hook('kinova_description', 'cmake_prefix_path')
[1.214s] INFO:colcon.colcon_core.shell:Creating environment hook '/home/jandro/ros2_gen2_ws/install/kinova_description/share/kinova_description/hook/cmake_prefix_path.ps1'
[1.214s] INFO:colcon.colcon_core.shell:Creating environment descriptor '/home/jandro/ros2_gen2_ws/install/kinova_description/share/kinova_description/hook/cmake_prefix_path.dsv'
[1.215s] INFO:colcon.colcon_core.shell:Creating environment hook '/home/jandro/ros2_gen2_ws/install/kinova_description/share/kinova_description/hook/cmake_prefix_path.sh'
[1.215s] Level 1:colcon.colcon_core.environment:checking '/home/jandro/ros2_gen2_ws/install/kinova_description/bin'
[1.215s] Level 1:colcon.colcon_core.environment:checking '/home/jandro/ros2_gen2_ws/install/kinova_description/lib/pkgconfig/kinova_description.pc'
[1.216s] Level 1:colcon.colcon_core.environment:checking '/home/jandro/ros2_gen2_ws/install/kinova_description/lib/python3.12/site-packages'
[1.216s] Level 1:colcon.colcon_core.environment:checking '/home/jandro/ros2_gen2_ws/install/kinova_description/bin'
[1.216s] INFO:colcon.colcon_core.shell:Creating package script '/home/jandro/ros2_gen2_ws/install/kinova_description/share/kinova_description/package.ps1'
[1.217s] INFO:colcon.colcon_core.shell:Creating package descriptor '/home/jandro/ros2_gen2_ws/install/kinova_description/share/kinova_description/package.dsv'
[1.217s] INFO:colcon.colcon_core.shell:Creating package script '/home/jandro/ros2_gen2_ws/install/kinova_description/share/kinova_description/package.sh'
[1.218s] INFO:colcon.colcon_core.shell:Creating package script '/home/jandro/ros2_gen2_ws/install/kinova_description/share/kinova_description/package.bash'
[1.218s] INFO:colcon.colcon_core.shell:Creating package script '/home/jandro/ros2_gen2_ws/install/kinova_description/share/kinova_description/package.zsh'
[1.219s] Level 1:colcon.colcon_core.environment:create_file_with_runtime_dependencies(/home/jandro/ros2_gen2_ws/install/kinova_description/share/colcon-core/packages/kinova_description)
[1.219s] Level 1:colcon.colcon_core.environment:create_environment_scripts_only(kinova_description)
[1.219s] Level 1:colcon.colcon_core.environment:checking '/home/jandro/ros2_gen2_ws/install/kinova_description' for CMake module files
[1.220s] Level 1:colcon.colcon_core.environment:checking '/home/jandro/ros2_gen2_ws/install/kinova_description' for CMake config files
[1.220s] Level 1:colcon.colcon_core.shell:create_environment_hook('kinova_description', 'cmake_prefix_path')
[1.220s] INFO:colcon.colcon_core.shell:Creating environment hook '/home/jandro/ros2_gen2_ws/install/kinova_description/share/kinova_description/hook/cmake_prefix_path.ps1'
[1.221s] INFO:colcon.colcon_core.shell:Creating environment descriptor '/home/jandro/ros2_gen2_ws/install/kinova_description/share/kinova_description/hook/cmake_prefix_path.dsv'
[1.221s] INFO:colcon.colcon_core.shell:Creating environment hook '/home/jandro/ros2_gen2_ws/install/kinova_description/share/kinova_description/hook/cmake_prefix_path.sh'
[1.221s] Level 1:colcon.colcon_core.environment:checking '/home/jandro/ros2_gen2_ws/install/kinova_description/bin'
[1.221s] Level 1:colcon.colcon_core.environment:checking '/home/jandro/ros2_gen2_ws/install/kinova_description/lib/pkgconfig/kinova_description.pc'
[1.222s] Level 1:colcon.colcon_core.environment:checking '/home/jandro/ros2_gen2_ws/install/kinova_description/lib/python3.12/site-packages'
[1.222s] Level 1:colcon.colcon_core.environment:checking '/home/jandro/ros2_gen2_ws/install/kinova_description/bin'
[1.222s] INFO:colcon.colcon_core.shell:Creating package script '/home/jandro/ros2_gen2_ws/install/kinova_description/share/kinova_description/package.ps1'
[1.222s] INFO:colcon.colcon_core.shell:Creating package descriptor '/home/jandro/ros2_gen2_ws/install/kinova_description/share/kinova_description/package.dsv'
[1.223s] INFO:colcon.colcon_core.shell:Creating package script '/home/jandro/ros2_gen2_ws/install/kinova_description/share/kinova_description/package.sh'
[1.223s] INFO:colcon.colcon_core.shell:Creating package script '/home/jandro/ros2_gen2_ws/install/kinova_description/share/kinova_description/package.bash'
[1.224s] INFO:colcon.colcon_core.shell:Creating package script '/home/jandro/ros2_gen2_ws/install/kinova_description/share/kinova_description/package.zsh'
[1.224s] Level 1:colcon.colcon_core.environment:create_file_with_runtime_dependencies(/home/jandro/ros2_gen2_ws/install/kinova_description/share/colcon-core/packages/kinova_description)
[1.224s] INFO:colcon.colcon_ros.task.ament_cmake.build:Building ROS package in '/home/jandro/ros2_gen2_ws/src/gen2_moveit_config' with build type 'ament_cmake'
[1.224s] INFO:colcon.colcon_cmake.task.cmake.build:Building CMake package in '/home/jandro/ros2_gen2_ws/src/gen2_moveit_config'
[1.225s] INFO:colcon.colcon_core.shell:Skip shell extension 'powershell' for command environment: Not usable outside of PowerShell
[1.225s] DEBUG:colcon.colcon_core.shell:Skip shell extension 'dsv' for command environment
[1.229s] DEBUG:colcon.colcon_core.event_handler.log_command:Invoked command in '/home/jandro/ros2_gen2_ws/build/collaborative_gen2' returned '0': CMAKE_PREFIX_PATH=${CMAKE_PREFIX_PATH}:/opt/ros/jazzy DEBUGINFOD_URLS=https://debuginfod.ubuntu.com /usr/bin/cmake --build /home/jandro/ros2_gen2_ws/build/collaborative_gen2 -- -j4 -l4
[1.232s] DEBUG:colcon.colcon_core.event_handler.log_command:Invoking command in '/home/jandro/ros2_gen2_ws/build/collaborative_gen2': CMAKE_PREFIX_PATH=${CMAKE_PREFIX_PATH}:/opt/ros/jazzy DEBUGINFOD_URLS=https://debuginfod.ubuntu.com /usr/bin/cmake --install /home/jandro/ros2_gen2_ws/build/collaborative_gen2
[1.247s] DEBUG:colcon.colcon_core.event_handler.log_command:Invoking command in '/home/jandro/ros2_gen2_ws/build/gen2_moveit_config': CMAKE_PREFIX_PATH=/home/jandro/ros2_gen2_ws/install/kinova_description:/home/jandro/ros2_gen2_ws/install/gen2_moveit_config:/home/jandro/ros2_gen2_ws/install/collaborative_gen2:/opt/ros/jazzy/opt/gz_sim_vendor:/opt/ros/jazzy/opt/gz_sensors_vendor:/opt/ros/jazzy/opt/gz_physics_vendor:/opt/ros/jazzy/opt/sdformat_vendor:/opt/ros/jazzy/opt/gz_gui_vendor:/opt/ros/jazzy/opt/gz_transport_vendor:/opt/ros/jazzy/opt/gz_rendering_vendor:/opt/ros/jazzy/opt/gz_plugin_vendor:/opt/ros/jazzy/opt/gz_fuel_tools_vendor:/opt/ros/jazzy/opt/gz_msgs_vendor:/opt/ros/jazzy/opt/gz_common_vendor:/opt/ros/jazzy/opt/gz_math_vendor:/opt/ros/jazzy/opt/gz_utils_vendor:/opt/ros/jazzy/opt/gz_tools_vendor:/opt/ros/jazzy/opt/gz_ogre_next_vendor:/opt/ros/jazzy/opt/gz_dartsim_vendor:/opt/ros/jazzy/opt/gz_cmake_vendor:/opt/ros/jazzy DEBUGINFOD_URLS=https://debuginfod.ubuntu.com /usr/bin/cmake --build /home/jandro/ros2_gen2_ws/build/gen2_moveit_config -- -j4 -l4
[1.247s] Level 1:colcon.colcon_core.environment:create_environment_scripts_only(collaborative_gen2)
[1.248s] Level 1:colcon.colcon_core.environment:checking '/home/jandro/ros2_gen2_ws/install/collaborative_gen2' for CMake module files
[1.248s] DEBUG:colcon.colcon_core.event_handler.log_command:Invoked command in '/home/jandro/ros2_gen2_ws/build/collaborative_gen2' returned '0': CMAKE_PREFIX_PATH=${CMAKE_PREFIX_PATH}:/opt/ros/jazzy DEBUGINFOD_URLS=https://debuginfod.ubuntu.com /usr/bin/cmake --install /home/jandro/ros2_gen2_ws/build/collaborative_gen2
[1.248s] Level 1:colcon.colcon_core.environment:checking '/home/jandro/ros2_gen2_ws/install/collaborative_gen2' for CMake config files
[1.249s] Level 1:colcon.colcon_core.shell:create_environment_hook('collaborative_gen2', 'cmake_prefix_path')
[1.250s] INFO:colcon.colcon_core.shell:Creating environment hook '/home/jandro/ros2_gen2_ws/install/collaborative_gen2/share/collaborative_gen2/hook/cmake_prefix_path.ps1'
[1.250s] INFO:colcon.colcon_core.shell:Creating environment descriptor '/home/jandro/ros2_gen2_ws/install/collaborative_gen2/share/collaborative_gen2/hook/cmake_prefix_path.dsv'
[1.250s] INFO:colcon.colcon_core.shell:Creating environment hook '/home/jandro/ros2_gen2_ws/install/collaborative_gen2/share/collaborative_gen2/hook/cmake_prefix_path.sh'
[1.251s] Level 1:colcon.colcon_core.environment:checking '/home/jandro/ros2_gen2_ws/install/collaborative_gen2/lib'
[1.251s] Level 1:colcon.colcon_core.environment:checking '/home/jandro/ros2_gen2_ws/install/collaborative_gen2/bin'
[1.251s] Level 1:colcon.colcon_core.environment:checking '/home/jandro/ros2_gen2_ws/install/collaborative_gen2/lib/pkgconfig/collaborative_gen2.pc'
[1.251s] Level 1:colcon.colcon_core.environment:checking '/home/jandro/ros2_gen2_ws/install/collaborative_gen2/lib/python3.12/site-packages'
[1.252s] Level 1:colcon.colcon_core.environment:checking '/home/jandro/ros2_gen2_ws/install/collaborative_gen2/bin'
[1.252s] INFO:colcon.colcon_core.shell:Creating package script '/home/jandro/ros2_gen2_ws/install/collaborative_gen2/share/collaborative_gen2/package.ps1'
[1.252s] INFO:colcon.colcon_core.shell:Creating package descriptor '/home/jandro/ros2_gen2_ws/install/collaborative_gen2/share/collaborative_gen2/package.dsv'
[1.252s] INFO:colcon.colcon_core.shell:Creating package script '/home/jandro/ros2_gen2_ws/install/collaborative_gen2/share/collaborative_gen2/package.sh'
[1.253s] INFO:colcon.colcon_core.shell:Creating package script '/home/jandro/ros2_gen2_ws/install/collaborative_gen2/share/collaborative_gen2/package.bash'
[1.253s] INFO:colcon.colcon_core.shell:Creating package script '/home/jandro/ros2_gen2_ws/install/collaborative_gen2/share/collaborative_gen2/package.zsh'
[1.253s] Level 1:colcon.colcon_core.environment:create_file_with_runtime_dependencies(/home/jandro/ros2_gen2_ws/install/collaborative_gen2/share/colcon-core/packages/collaborative_gen2)
[1.254s] Level 1:colcon.colcon_core.environment:create_environment_scripts_only(collaborative_gen2)
[1.254s] Level 1:colcon.colcon_core.environment:checking '/home/jandro/ros2_gen2_ws/install/collaborative_gen2' for CMake module files
[1.254s] Level 1:colcon.colcon_core.environment:checking '/home/jandro/ros2_gen2_ws/install/collaborative_gen2' for CMake config files
[1.255s] Level 1:colcon.colcon_core.shell:create_environment_hook('collaborative_gen2', 'cmake_prefix_path')
[1.255s] INFO:colcon.colcon_core.shell:Creating environment hook '/home/jandro/ros2_gen2_ws/install/collaborative_gen2/share/collaborative_gen2/hook/cmake_prefix_path.ps1'
[1.255s] INFO:colcon.colcon_core.shell:Creating environment descriptor '/home/jandro/ros2_gen2_ws/install/collaborative_gen2/share/collaborative_gen2/hook/cmake_prefix_path.dsv'
[1.255s] INFO:colcon.colcon_core.shell:Creating environment hook '/home/jandro/ros2_gen2_ws/install/collaborative_gen2/share/collaborative_gen2/hook/cmake_prefix_path.sh'
[1.256s] Level 1:colcon.colcon_core.environment:checking '/home/jandro/ros2_gen2_ws/install/collaborative_gen2/lib'
[1.256s] Level 1:colcon.colcon_core.environment:checking '/home/jandro/ros2_gen2_ws/install/collaborative_gen2/bin'
[1.256s] Level 1:colcon.colcon_core.environment:checking '/home/jandro/ros2_gen2_ws/install/collaborative_gen2/lib/pkgconfig/collaborative_gen2.pc'
[1.256s] Level 1:colcon.colcon_core.environment:checking '/home/jandro/ros2_gen2_ws/install/collaborative_gen2/lib/python3.12/site-packages'
[1.257s] Level 1:colcon.colcon_core.environment:checking '/home/jandro/ros2_gen2_ws/install/collaborative_gen2/bin'
[1.257s] INFO:colcon.colcon_core.shell:Creating package script '/home/jandro/ros2_gen2_ws/install/collaborative_gen2/share/collaborative_gen2/package.ps1'
[1.257s] INFO:colcon.colcon_core.shell:Creating package descriptor '/home/jandro/ros2_gen2_ws/install/collaborative_gen2/share/collaborative_gen2/package.dsv'
[1.258s] INFO:colcon.colcon_core.shell:Creating package script '/home/jandro/ros2_gen2_ws/install/collaborative_gen2/share/collaborative_gen2/package.sh'
[1.258s] INFO:colcon.colcon_core.shell:Creating package script '/home/jandro/ros2_gen2_ws/install/collaborative_gen2/share/collaborative_gen2/package.bash'
[1.258s] INFO:colcon.colcon_core.shell:Creating package script '/home/jandro/ros2_gen2_ws/install/collaborative_gen2/share/collaborative_gen2/package.zsh'
[1.259s] Level 1:colcon.colcon_core.environment:create_file_with_runtime_dependencies(/home/jandro/ros2_gen2_ws/install/collaborative_gen2/share/colcon-core/packages/collaborative_gen2)
[1.286s] DEBUG:colcon.colcon_core.event_handler.log_command:Invoked command in '/home/jandro/ros2_gen2_ws/build/gen2_moveit_config' returned '0': CMAKE_PREFIX_PATH=/home/jandro/ros2_gen2_ws/install/kinova_description:/home/jandro/ros2_gen2_ws/install/gen2_moveit_config:/home/jandro/ros2_gen2_ws/install/collaborative_gen2:/opt/ros/jazzy/opt/gz_sim_vendor:/opt/ros/jazzy/opt/gz_sensors_vendor:/opt/ros/jazzy/opt/gz_physics_vendor:/opt/ros/jazzy/opt/sdformat_vendor:/opt/ros/jazzy/opt/gz_gui_vendor:/opt/ros/jazzy/opt/gz_transport_vendor:/opt/ros/jazzy/opt/gz_rendering_vendor:/opt/ros/jazzy/opt/gz_plugin_vendor:/opt/ros/jazzy/opt/gz_fuel_tools_vendor:/opt/ros/jazzy/opt/gz_msgs_vendor:/opt/ros/jazzy/opt/gz_common_vendor:/opt/ros/jazzy/opt/gz_math_vendor:/opt/ros/jazzy/opt/gz_utils_vendor:/opt/ros/jazzy/opt/gz_tools_vendor:/opt/ros/jazzy/opt/gz_ogre_next_vendor:/opt/ros/jazzy/opt/gz_dartsim_vendor:/opt/ros/jazzy/opt/gz_cmake_vendor:/opt/ros/jazzy DEBUGINFOD_URLS=https://debuginfod.ubuntu.com /usr/bin/cmake --build /home/jandro/ros2_gen2_ws/build/gen2_moveit_config -- -j4 -l4
[1.305s] DEBUG:colcon.colcon_core.event_handler.log_command:Invoking command in '/home/jandro/ros2_gen2_ws/build/gen2_moveit_config': CMAKE_PREFIX_PATH=/home/jandro/ros2_gen2_ws/install/kinova_description:/home/jandro/ros2_gen2_ws/install/gen2_moveit_config:/home/jandro/ros2_gen2_ws/install/collaborative_gen2:/opt/ros/jazzy/opt/gz_sim_vendor:/opt/ros/jazzy/opt/gz_sensors_vendor:/opt/ros/jazzy/opt/gz_physics_vendor:/opt/ros/jazzy/opt/sdformat_vendor:/opt/ros/jazzy/opt/gz_gui_vendor:/opt/ros/jazzy/opt/gz_transport_vendor:/opt/ros/jazzy/opt/gz_rendering_vendor:/opt/ros/jazzy/opt/gz_plugin_vendor:/opt/ros/jazzy/opt/gz_fuel_tools_vendor:/opt/ros/jazzy/opt/gz_msgs_vendor:/opt/ros/jazzy/opt/gz_common_vendor:/opt/ros/jazzy/opt/gz_math_vendor:/opt/ros/jazzy/opt/gz_utils_vendor:/opt/ros/jazzy/opt/gz_tools_vendor:/opt/ros/jazzy/opt/gz_ogre_next_vendor:/opt/ros/jazzy/opt/gz_dartsim_vendor:/opt/ros/jazzy/opt/gz_cmake_vendor:/opt/ros/jazzy DEBUGINFOD_URLS=https://debuginfod.ubuntu.com /usr/bin/cmake --install /home/jandro/ros2_gen2_ws/build/gen2_moveit_config
[1.316s] Level 1:colcon.colcon_core.environment:create_environment_scripts_only(gen2_moveit_config)
[1.316s] Level 1:colcon.colcon_core.environment:checking '/home/jandro/ros2_gen2_ws/install/gen2_moveit_config' for CMake module files
[1.317s] Level 1:colcon.colcon_core.environment:checking '/home/jandro/ros2_gen2_ws/install/gen2_moveit_config' for CMake config files
[1.317s] DEBUG:colcon.colcon_core.event_handler.log_command:Invoked command in '/home/jandro/ros2_gen2_ws/build/gen2_moveit_config' returned '0': CMAKE_PREFIX_PATH=/home/jandro/ros2_gen2_ws/install/kinova_description:/home/jandro/ros2_gen2_ws/install/gen2_moveit_config:/home/jandro/ros2_gen2_ws/install/collaborative_gen2:/opt/ros/jazzy/opt/gz_sim_vendor:/opt/ros/jazzy/opt/gz_sensors_vendor:/opt/ros/jazzy/opt/gz_physics_vendor:/opt/ros/jazzy/opt/sdformat_vendor:/opt/ros/jazzy/opt/gz_gui_vendor:/opt/ros/jazzy/opt/gz_transport_vendor:/opt/ros/jazzy/opt/gz_rendering_vendor:/opt/ros/jazzy/opt/gz_plugin_vendor:/opt/ros/jazzy/opt/gz_fuel_tools_vendor:/opt/ros/jazzy/opt/gz_msgs_vendor:/opt/ros/jazzy/opt/gz_common_vendor:/opt/ros/jazzy/opt/gz_math_vendor:/opt/ros/jazzy/opt/gz_utils_vendor:/opt/ros/jazzy/opt/gz_tools_vendor:/opt/ros/jazzy/opt/gz_ogre_next_vendor:/opt/ros/jazzy/opt/gz_dartsim_vendor:/opt/ros/jazzy/opt/gz_cmake_vendor:/opt/ros/jazzy DEBUGINFOD_URLS=https://debuginfod.ubuntu.com /usr/bin/cmake --install /home/jandro/ros2_gen2_ws/build/gen2_moveit_config
[1.320s] Level 1:colcon.colcon_core.shell:create_environment_hook('gen2_moveit_config', 'cmake_prefix_path')
[1.320s] INFO:colcon.colcon_core.shell:Creating environment hook '/home/jandro/ros2_gen2_ws/install/gen2_moveit_config/share/gen2_moveit_config/hook/cmake_prefix_path.ps1'
[1.320s] INFO:colcon.colcon_core.shell:Creating environment descriptor '/home/jandro/ros2_gen2_ws/install/gen2_moveit_config/share/gen2_moveit_config/hook/cmake_prefix_path.dsv'
[1.320s] INFO:colcon.colcon_core.shell:Creating environment hook '/home/jandro/ros2_gen2_ws/install/gen2_moveit_config/share/gen2_moveit_config/hook/cmake_prefix_path.sh'
[1.321s] Level 1:colcon.colcon_core.environment:checking '/home/jandro/ros2_gen2_ws/install/gen2_moveit_config/bin'
[1.321s] Level 1:colcon.colcon_core.environment:checking '/home/jandro/ros2_gen2_ws/install/gen2_moveit_config/lib/pkgconfig/gen2_moveit_config.pc'
[1.321s] Level 1:colcon.colcon_core.environment:checking '/home/jandro/ros2_gen2_ws/install/gen2_moveit_config/lib/python3.12/site-packages'
[1.321s] Level 1:colcon.colcon_core.environment:checking '/home/jandro/ros2_gen2_ws/install/gen2_moveit_config/bin'
[1.322s] INFO:colcon.colcon_core.shell:Creating package script '/home/jandro/ros2_gen2_ws/install/gen2_moveit_config/share/gen2_moveit_config/package.ps1'
[1.322s] INFO:colcon.colcon_core.shell:Creating package descriptor '/home/jandro/ros2_gen2_ws/install/gen2_moveit_config/share/gen2_moveit_config/package.dsv'
[1.322s] INFO:colcon.colcon_core.shell:Creating package script '/home/jandro/ros2_gen2_ws/install/gen2_moveit_config/share/gen2_moveit_config/package.sh'
[1.323s] INFO:colcon.colcon_core.shell:Creating package script '/home/jandro/ros2_gen2_ws/install/gen2_moveit_config/share/gen2_moveit_config/package.bash'
[1.323s] INFO:colcon.colcon_core.shell:Creating package script '/home/jandro/ros2_gen2_ws/install/gen2_moveit_config/share/gen2_moveit_config/package.zsh'
[1.323s] Level 1:colcon.colcon_core.environment:create_file_with_runtime_dependencies(/home/jandro/ros2_gen2_ws/install/gen2_moveit_config/share/colcon-core/packages/gen2_moveit_config)
[1.324s] Level 1:colcon.colcon_core.environment:create_environment_scripts_only(gen2_moveit_config)
[1.324s] Level 1:colcon.colcon_core.environment:checking '/home/jandro/ros2_gen2_ws/install/gen2_moveit_config' for CMake module files
[1.324s] Level 1:colcon.colcon_core.environment:checking '/home/jandro/ros2_gen2_ws/install/gen2_moveit_config' for CMake config files
[1.324s] Level 1:colcon.colcon_core.shell:create_environment_hook('gen2_moveit_config', 'cmake_prefix_path')
[1.325s] INFO:colcon.colcon_core.shell:Creating environment hook '/home/jandro/ros2_gen2_ws/install/gen2_moveit_config/share/gen2_moveit_config/hook/cmake_prefix_path.ps1'
[1.325s] INFO:colcon.colcon_core.shell:Creating environment descriptor '/home/jandro/ros2_gen2_ws/install/gen2_moveit_config/share/gen2_moveit_config/hook/cmake_prefix_path.dsv'
[1.325s] INFO:colcon.colcon_core.shell:Creating environment hook '/home/jandro/ros2_gen2_ws/install/gen2_moveit_config/share/gen2_moveit_config/hook/cmake_prefix_path.sh'
[1.326s] Level 1:colcon.colcon_core.environment:checking '/home/jandro/ros2_gen2_ws/install/gen2_moveit_config/bin'
[1.326s] Level 1:colcon.colcon_core.environment:checking '/home/jandro/ros2_gen2_ws/install/gen2_moveit_config/lib/pkgconfig/gen2_moveit_config.pc'
[1.326s] Level 1:colcon.colcon_core.environment:checking '/home/jandro/ros2_gen2_ws/install/gen2_moveit_config/lib/python3.12/site-packages'
[1.326s] Level 1:colcon.colcon_core.environment:checking '/home/jandro/ros2_gen2_ws/install/gen2_moveit_config/bin'
[1.326s] INFO:colcon.colcon_core.shell:Creating package script '/home/jandro/ros2_gen2_ws/install/gen2_moveit_config/share/gen2_moveit_config/package.ps1'
[1.327s] INFO:colcon.colcon_core.shell:Creating package descriptor '/home/jandro/ros2_gen2_ws/install/gen2_moveit_config/share/gen2_moveit_config/package.dsv'
[1.327s] INFO:colcon.colcon_core.shell:Creating package script '/home/jandro/ros2_gen2_ws/install/gen2_moveit_config/share/gen2_moveit_config/package.sh'
[1.327s] INFO:colcon.colcon_core.shell:Creating package script '/home/jandro/ros2_gen2_ws/install/gen2_moveit_config/share/gen2_moveit_config/package.bash'
[1.328s] INFO:colcon.colcon_core.shell:Creating package script '/home/jandro/ros2_gen2_ws/install/gen2_moveit_config/share/gen2_moveit_config/package.zsh'
[1.328s] Level 1:colcon.colcon_core.environment:create_file_with_runtime_dependencies(/home/jandro/ros2_gen2_ws/install/gen2_moveit_config/share/colcon-core/packages/gen2_moveit_config)
[1.328s] DEBUG:colcon.colcon_parallel_executor.executor.parallel:closing loop
[1.329s] DEBUG:colcon.colcon_parallel_executor.executor.parallel:loop closed
[1.329s] DEBUG:colcon.colcon_parallel_executor.executor.parallel:run_until_complete finished with '0'
[1.329s] DEBUG:colcon.colcon_core.event_reactor:joining thread
[1.365s] INFO:colcon.colcon_core.plugin_system:Skipping extension 'colcon_notification.desktop_notification.terminal_notifier': Not used on non-Darwin systems
[1.365s] INFO:colcon.colcon_core.plugin_system:Skipping extension 'colcon_notification.desktop_notification.win32': Not used on non-Windows systems
[1.365s] INFO:colcon.colcon_notification.desktop_notification:Sending desktop notification using 'notify2'
[1.376s] DEBUG:colcon.colcon_core.event_reactor:joined thread
[1.377s] INFO:colcon.colcon_core.shell:Creating prefix script '/home/jandro/ros2_gen2_ws/install/local_setup.ps1'
[1.377s] INFO:colcon.colcon_core.shell:Creating prefix util module '/home/jandro/ros2_gen2_ws/install/_local_setup_util_ps1.py'
[1.378s] INFO:colcon.colcon_core.shell:Creating prefix chain script '/home/jandro/ros2_gen2_ws/install/setup.ps1'
[1.379s] INFO:colcon.colcon_core.shell:Creating prefix script '/home/jandro/ros2_gen2_ws/install/local_setup.sh'
[1.380s] INFO:colcon.colcon_core.shell:Creating prefix util module '/home/jandro/ros2_gen2_ws/install/_local_setup_util_sh.py'
[1.380s] INFO:colcon.colcon_core.shell:Creating prefix chain script '/home/jandro/ros2_gen2_ws/install/setup.sh'
[1.381s] INFO:colcon.colcon_core.shell:Creating prefix script '/home/jandro/ros2_gen2_ws/install/local_setup.bash'
[1.382s] INFO:colcon.colcon_core.shell:Creating prefix chain script '/home/jandro/ros2_gen2_ws/install/setup.bash'
[1.382s] INFO:colcon.colcon_core.shell:Creating prefix script '/home/jandro/ros2_gen2_ws/install/local_setup.zsh'
[1.383s] INFO:colcon.colcon_core.shell:Creating prefix chain script '/home/jandro/ros2_gen2_ws/install/setup.zsh'
