[0.011s] Invoking command in '/home/jandro/ros2_gen2_ws/build/kinova_description': CMAKE_PREFIX_PATH=${CMAKE_PREFIX_PATH}:/opt/ros/jazzy DEBUGINFOD_URLS=https://debuginfod.ubuntu.com /usr/bin/cmake --build /home/jandro/ros2_gen2_ws/build/kinova_description -- -j4 -l4
[0.038s] -- Found ament_cmake: 2.5.4 (/opt/ros/jazzy/share/ament_cmake/cmake)
[0.343s] -- Configuring done (0.3s)
[0.345s] -- Generating done (0.0s)
[0.347s] -- Build files have been written to: /home/jandro/ros2_gen2_ws/build/kinova_description
[0.370s] Invoked command in '/home/jandro/ros2_gen2_ws/build/kinova_description' returned '0': CMAKE_PREFIX_PATH=${CMAKE_PREFIX_PATH}:/opt/ros/jazzy DEBUGINFOD_URLS=https://debuginfod.ubuntu.com /usr/bin/cmake --build /home/jandro/ros2_gen2_ws/build/kinova_description -- -j4 -l4
[0.381s] Invoking command in '/home/jandro/ros2_gen2_ws/build/kinova_description': CMAKE_PREFIX_PATH=${CMAKE_PREFIX_PATH}:/opt/ros/jazzy DEBUGINFOD_URLS=https://debuginfod.ubuntu.com /usr/bin/cmake --install /home/jandro/ros2_gen2_ws/build/kinova_description
[0.390s] -- Install configuration: ""
[0.390s] -- Installing: /home/jandro/ros2_gen2_ws/install/kinova_description/share/kinova_description/meshes
[0.390s] -- Installing: /home/jandro/ros2_gen2_ws/install/kinova_description/share/kinova_description/meshes/wrist_spherical_1.dae
[0.390s] -- Installing: /home/jandro/ros2_gen2_ws/install/kinova_description/share/kinova_description/meshes/finger_proximal.STL
[0.391s] -- Installing: /home/jandro/ros2_gen2_ws/install/kinova_description/share/kinova_description/meshes/hand_3finger.dae
[0.393s] -- Installing: /home/jandro/ros2_gen2_ws/install/kinova_description/share/kinova_description/meshes/hand_2finger.STL
[0.395s] -- Installing: /home/jandro/ros2_gen2_ws/install/kinova_description/share/kinova_description/meshes/shoulder.dae
[0.395s] -- Installing: /home/jandro/ros2_gen2_ws/install/kinova_description/share/kinova_description/meshes/arm_half_2.STL
[0.396s] -- Installing: /home/jandro/ros2_gen2_ws/install/kinova_description/share/kinova_description/meshes/wrist.STL
[0.396s] -- Installing: /home/jandro/ros2_gen2_ws/install/kinova_description/share/kinova_description/meshes/arm_mico.STL
[0.396s] -- Installing: /home/jandro/ros2_gen2_ws/install/kinova_description/share/kinova_description/meshes/arm_half_1.STL
[0.397s] -- Installing: /home/jandro/ros2_gen2_ws/install/kinova_description/share/kinova_description/meshes/ring_small.dae
[0.397s] -- Installing: /home/jandro/ros2_gen2_ws/install/kinova_description/share/kinova_description/meshes/wrist_spherical_2.dae
[0.397s] -- Installing: /home/jandro/ros2_gen2_ws/install/kinova_description/share/kinova_description/meshes/hand_2finger.dae
[0.400s] -- Installing: /home/jandro/ros2_gen2_ws/install/kinova_description/share/kinova_description/meshes/ring_big.dae
[0.401s] -- Installing: /home/jandro/ros2_gen2_ws/install/kinova_description/share/kinova_description/meshes/ring_big.STL
[0.401s] -- Installing: /home/jandro/ros2_gen2_ws/install/kinova_description/share/kinova_description/meshes/wrist_spherical_1.STL
[0.401s] -- Installing: /home/jandro/ros2_gen2_ws/install/kinova_description/share/kinova_description/meshes/ring_small.STL
[0.401s] -- Installing: /home/jandro/ros2_gen2_ws/install/kinova_description/share/kinova_description/meshes/base.STL
[0.402s] -- Installing: /home/jandro/ros2_gen2_ws/install/kinova_description/share/kinova_description/meshes/arm.SLDPRT
[0.402s] -- Installing: /home/jandro/ros2_gen2_ws/install/kinova_description/share/kinova_description/meshes/arm_mico.dae
[0.403s] -- Installing: /home/jandro/ros2_gen2_ws/install/kinova_description/share/kinova_description/meshes/arm_half_1.dae
[0.403s] -- Installing: /home/jandro/ros2_gen2_ws/install/kinova_description/share/kinova_description/meshes/base.dae
[0.405s] -- Installing: /home/jandro/ros2_gen2_ws/install/kinova_description/share/kinova_description/meshes/shoulder.STL
[0.405s] -- Installing: /home/jandro/ros2_gen2_ws/install/kinova_description/share/kinova_description/meshes/hand_3finger.STL
[0.406s] -- Installing: /home/jandro/ros2_gen2_ws/install/kinova_description/share/kinova_description/meshes/arm.STL
[0.407s] -- Installing: /home/jandro/ros2_gen2_ws/install/kinova_description/share/kinova_description/meshes/wrist_spherical_2.STL
[0.407s] -- Installing: /home/jandro/ros2_gen2_ws/install/kinova_description/share/kinova_description/meshes/finger_distal.STL
[0.408s] -- Installing: /home/jandro/ros2_gen2_ws/install/kinova_description/share/kinova_description/meshes/forearm.STL
[0.408s] -- Installing: /home/jandro/ros2_gen2_ws/install/kinova_description/share/kinova_description/meshes/arm.dae
[0.409s] -- Installing: /home/jandro/ros2_gen2_ws/install/kinova_description/share/kinova_description/meshes/forearm_mico.STL
[0.410s] -- Installing: /home/jandro/ros2_gen2_ws/install/kinova_description/share/kinova_description/meshes/forearm.dae
[0.410s] -- Installing: /home/jandro/ros2_gen2_ws/install/kinova_description/share/kinova_description/meshes/forearm_mico.dae
[0.410s] -- Installing: /home/jandro/ros2_gen2_ws/install/kinova_description/share/kinova_description/meshes/wrist.dae
[0.410s] -- Installing: /home/jandro/ros2_gen2_ws/install/kinova_description/share/kinova_description/meshes/finger_distal.dae
[0.410s] -- Installing: /home/jandro/ros2_gen2_ws/install/kinova_description/share/kinova_description/meshes/finger_proximal.dae
[0.411s] -- Installing: /home/jandro/ros2_gen2_ws/install/kinova_description/share/kinova_description/meshes/arm_half_2.dae
[0.411s] -- Installing: /home/jandro/ros2_gen2_ws/install/kinova_description/share/kinova_description/urdf
[0.411s] -- Installing: /home/jandro/ros2_gen2_ws/install/kinova_description/share/kinova_description/urdf/j2s6s200_integration.xacro
[0.411s] -- Installing: /home/jandro/ros2_gen2_ws/install/kinova_description/share/kinova_description/urdf/m1n6s300_standalone.xacro
[0.411s] -- Installing: /home/jandro/ros2_gen2_ws/install/kinova_description/share/kinova_description/urdf/j2s6s300_standalone.xacro
[0.412s] -- Installing: /home/jandro/ros2_gen2_ws/install/kinova_description/share/kinova_description/urdf/j2n6s300_standalone.xacro
[0.412s] -- Installing: /home/jandro/ros2_gen2_ws/install/kinova_description/share/kinova_description/urdf/j2n7s300_standalone.xacro
[0.412s] -- Installing: /home/jandro/ros2_gen2_ws/install/kinova_description/share/kinova_description/urdf/j2s7s300.xacro
[0.412s] -- Installing: /home/jandro/ros2_gen2_ws/install/kinova_description/share/kinova_description/urdf/kinova.gazebo
[0.412s] -- Installing: /home/jandro/ros2_gen2_ws/install/kinova_description/share/kinova_description/urdf/j2s7s300_standalone.xacro
[0.412s] -- Installing: /home/jandro/ros2_gen2_ws/install/kinova_description/share/kinova_description/urdf/j2n6s200.xacro
[0.412s] -- Installing: /home/jandro/ros2_gen2_ws/install/kinova_description/share/kinova_description/urdf/j2s6s300.xacro
[0.412s] -- Installing: /home/jandro/ros2_gen2_ws/install/kinova_description/share/kinova_description/urdf/j2n7s300.xacro
[0.412s] -- Installing: /home/jandro/ros2_gen2_ws/install/kinova_description/share/kinova_description/urdf/m1n6s300.xacro
[0.412s] -- Installing: /home/jandro/ros2_gen2_ws/install/kinova_description/share/kinova_description/urdf/m1n4s200_standalone.xacro
[0.413s] -- Installing: /home/jandro/ros2_gen2_ws/install/kinova_description/share/kinova_description/urdf/kinova_finger_set.xacro
[0.413s] -- Installing: /home/jandro/ros2_gen2_ws/install/kinova_description/share/kinova_description/urdf/m1n6s200_standalone.xacro
[0.413s] -- Installing: /home/jandro/ros2_gen2_ws/install/kinova_description/share/kinova_description/urdf/j2n4s300_standalone.xacro
[0.413s] -- Installing: /home/jandro/ros2_gen2_ws/install/kinova_description/share/kinova_description/urdf/j2s6s200.xacro
[0.413s] -- Installing: /home/jandro/ros2_gen2_ws/install/kinova_description/share/kinova_description/urdf/j2s6s300_integration.xacro
[0.413s] -- Installing: /home/jandro/ros2_gen2_ws/install/kinova_description/share/kinova_description/urdf/m1n6s200.xacro
[0.413s] -- Installing: /home/jandro/ros2_gen2_ws/install/kinova_description/share/kinova_description/urdf/j2n4s300.xacro
[0.413s] -- Installing: /home/jandro/ros2_gen2_ws/install/kinova_description/share/kinova_description/urdf/two_arm_robot_example_standalone.xacro
[0.413s] -- Installing: /home/jandro/ros2_gen2_ws/install/kinova_description/share/kinova_description/urdf/kinova_common.xacro
[0.413s] -- Installing: /home/jandro/ros2_gen2_ws/install/kinova_description/share/kinova_description/urdf/j2s6s200_standalone.xacro
[0.413s] -- Installing: /home/jandro/ros2_gen2_ws/install/kinova_description/share/kinova_description/urdf/kinova_inertial.xacro
[0.414s] -- Installing: /home/jandro/ros2_gen2_ws/install/kinova_description/share/kinova_description/urdf/j2n6s300.xacro
[0.414s] -- Installing: /home/jandro/ros2_gen2_ws/install/kinova_description/share/kinova_description/urdf/m1n4s200.xacro
[0.414s] -- Installing: /home/jandro/ros2_gen2_ws/install/kinova_description/share/kinova_description/urdf/j2n6s200_standalone.xacro
[0.414s] -- Installing: /home/jandro/ros2_gen2_ws/install/kinova_description/share/ament_index/resource_index/package_run_dependencies/kinova_description
[0.414s] -- Installing: /home/jandro/ros2_gen2_ws/install/kinova_description/share/ament_index/resource_index/parent_prefix_path/kinova_description
[0.414s] -- Installing: /home/jandro/ros2_gen2_ws/install/kinova_description/share/kinova_description/environment/ament_prefix_path.sh
[0.414s] -- Installing: /home/jandro/ros2_gen2_ws/install/kinova_description/share/kinova_description/environment/ament_prefix_path.dsv
[0.414s] -- Installing: /home/jandro/ros2_gen2_ws/install/kinova_description/share/kinova_description/environment/path.sh
[0.414s] -- Installing: /home/jandro/ros2_gen2_ws/install/kinova_description/share/kinova_description/environment/path.dsv
[0.414s] -- Installing: /home/jandro/ros2_gen2_ws/install/kinova_description/share/kinova_description/local_setup.bash
[0.415s] -- Installing: /home/jandro/ros2_gen2_ws/install/kinova_description/share/kinova_description/local_setup.sh
[0.415s] -- Installing: /home/jandro/ros2_gen2_ws/install/kinova_description/share/kinova_description/local_setup.zsh
[0.415s] -- Installing: /home/jandro/ros2_gen2_ws/install/kinova_description/share/kinova_description/local_setup.dsv
[0.415s] -- Up-to-date: /home/jandro/ros2_gen2_ws/install/kinova_description/share/kinova_description/package.dsv
[0.415s] -- Installing: /home/jandro/ros2_gen2_ws/install/kinova_description/share/ament_index/resource_index/packages/kinova_description
[0.415s] -- Installing: /home/jandro/ros2_gen2_ws/install/kinova_description/share/kinova_description/cmake/kinova_descriptionConfig.cmake
[0.415s] -- Installing: /home/jandro/ros2_gen2_ws/install/kinova_description/share/kinova_description/cmake/kinova_descriptionConfig-version.cmake
[0.415s] -- Installing: /home/jandro/ros2_gen2_ws/install/kinova_description/share/kinova_description/package.xml
[0.417s] Invoked command in '/home/jandro/ros2_gen2_ws/build/kinova_description' returned '0': CMAKE_PREFIX_PATH=${CMAKE_PREFIX_PATH}:/opt/ros/jazzy DEBUGINFOD_URLS=https://debuginfod.ubuntu.com /usr/bin/cmake --install /home/jandro/ros2_gen2_ws/build/kinova_description
