[0.008s] Invoking command in '/home/jandro/ros2_gen2_ws/build/gen2_moveit_config': CMAKE_PREFIX_PATH=${CMAKE_PREFIX_PATH}:/opt/ros/jazzy DEBUGINFOD_URLS=https://debuginfod.ubuntu.com /usr/bin/cmake /home/jandro/ros2_gen2_ws/src/gen2_moveit_config -DCMAKE_INSTALL_PREFIX=/home/jandro/ros2_gen2_ws/install/gen2_moveit_config
[0.069s] -- The C compiler identification is GNU 13.3.0
[0.128s] -- The CXX compiler identification is GNU 13.3.0
[0.145s] -- Detecting C compiler ABI info
[0.244s] -- Detecting C compiler ABI info - done
[0.253s] -- Check for working C compiler: /usr/bin/cc - skipped
[0.254s] -- Detecting C compile features
[0.254s] -- Detecting C compile features - done
[0.264s] -- Detecting CXX compiler ABI info
[0.369s] -- Detecting CXX compiler ABI info - done
[0.379s] -- Check for working CXX compiler: /usr/bin/c++ - skipped
[0.379s] -- Detecting CXX compile features
[0.380s] -- Detecting CXX compile features - done
[0.399s] -- Found ament_cmake: 2.5.4 (/opt/ros/jazzy/share/ament_cmake/cmake)
[0.561s] -- Found Python3: /usr/bin/python3 (found version "3.12.3") found components: Interpreter 
[0.781s] -- Configuring done (0.8s)
[0.784s] -- Generating done (0.0s)
[0.786s] -- Build files have been written to: /home/jandro/ros2_gen2_ws/build/gen2_moveit_config
[0.792s] Invoked command in '/home/jandro/ros2_gen2_ws/build/gen2_moveit_config' returned '0': CMAKE_PREFIX_PATH=${CMAKE_PREFIX_PATH}:/opt/ros/jazzy DEBUGINFOD_URLS=https://debuginfod.ubuntu.com /usr/bin/cmake /home/jandro/ros2_gen2_ws/src/gen2_moveit_config -DCMAKE_INSTALL_PREFIX=/home/jandro/ros2_gen2_ws/install/gen2_moveit_config
[0.793s] Invoking command in '/home/jandro/ros2_gen2_ws/build/gen2_moveit_config': CMAKE_PREFIX_PATH=${CMAKE_PREFIX_PATH}:/opt/ros/jazzy DEBUGINFOD_URLS=https://debuginfod.ubuntu.com /usr/bin/cmake --build /home/jandro/ros2_gen2_ws/build/gen2_moveit_config -- -j4 -l4
[0.837s] Invoked command in '/home/jandro/ros2_gen2_ws/build/gen2_moveit_config' returned '0': CMAKE_PREFIX_PATH=${CMAKE_PREFIX_PATH}:/opt/ros/jazzy DEBUGINFOD_URLS=https://debuginfod.ubuntu.com /usr/bin/cmake --build /home/jandro/ros2_gen2_ws/build/gen2_moveit_config -- -j4 -l4
[0.838s] Invoking command in '/home/jandro/ros2_gen2_ws/build/gen2_moveit_config': CMAKE_PREFIX_PATH=${CMAKE_PREFIX_PATH}:/opt/ros/jazzy DEBUGINFOD_URLS=https://debuginfod.ubuntu.com /usr/bin/cmake --install /home/jandro/ros2_gen2_ws/build/gen2_moveit_config
[0.847s] -- Install configuration: ""
[0.848s] -- Installing: /home/jandro/ros2_gen2_ws/install/gen2_moveit_config/share/ament_index/resource_index/package_run_dependencies/gen2_moveit_config
[0.848s] -- Installing: /home/jandro/ros2_gen2_ws/install/gen2_moveit_config/share/ament_index/resource_index/parent_prefix_path/gen2_moveit_config
[0.848s] -- Installing: /home/jandro/ros2_gen2_ws/install/gen2_moveit_config/share/gen2_moveit_config/environment/ament_prefix_path.sh
[0.848s] -- Installing: /home/jandro/ros2_gen2_ws/install/gen2_moveit_config/share/gen2_moveit_config/environment/ament_prefix_path.dsv
[0.848s] -- Installing: /home/jandro/ros2_gen2_ws/install/gen2_moveit_config/share/gen2_moveit_config/environment/path.sh
[0.848s] -- Installing: /home/jandro/ros2_gen2_ws/install/gen2_moveit_config/share/gen2_moveit_config/environment/path.dsv
[0.848s] -- Installing: /home/jandro/ros2_gen2_ws/install/gen2_moveit_config/share/gen2_moveit_config/local_setup.bash
[0.848s] -- Installing: /home/jandro/ros2_gen2_ws/install/gen2_moveit_config/share/gen2_moveit_config/local_setup.sh
[0.848s] -- Installing: /home/jandro/ros2_gen2_ws/install/gen2_moveit_config/share/gen2_moveit_config/local_setup.zsh
[0.849s] -- Installing: /home/jandro/ros2_gen2_ws/install/gen2_moveit_config/share/gen2_moveit_config/local_setup.dsv
[0.849s] -- Installing: /home/jandro/ros2_gen2_ws/install/gen2_moveit_config/share/gen2_moveit_config/package.dsv
[0.849s] -- Installing: /home/jandro/ros2_gen2_ws/install/gen2_moveit_config/share/ament_index/resource_index/packages/gen2_moveit_config
[0.849s] -- Installing: /home/jandro/ros2_gen2_ws/install/gen2_moveit_config/share/gen2_moveit_config/cmake/gen2_moveit_configConfig.cmake
[0.849s] -- Installing: /home/jandro/ros2_gen2_ws/install/gen2_moveit_config/share/gen2_moveit_config/cmake/gen2_moveit_configConfig-version.cmake
[0.849s] -- Installing: /home/jandro/ros2_gen2_ws/install/gen2_moveit_config/share/gen2_moveit_config/package.xml
[0.849s] -- Installing: /home/jandro/ros2_gen2_ws/install/gen2_moveit_config/share/gen2_moveit_config/launch
[0.849s] -- Installing: /home/jandro/ros2_gen2_ws/install/gen2_moveit_config/share/gen2_moveit_config/launch/demo.launch.py
[0.849s] -- Installing: /home/jandro/ros2_gen2_ws/install/gen2_moveit_config/share/gen2_moveit_config/launch/static_virtual_joint_tfs.launch.py
[0.850s] -- Installing: /home/jandro/ros2_gen2_ws/install/gen2_moveit_config/share/gen2_moveit_config/launch/warehouse_db.launch.py
[0.850s] -- Installing: /home/jandro/ros2_gen2_ws/install/gen2_moveit_config/share/gen2_moveit_config/launch/spawn_controllers.launch.py
[0.850s] -- Installing: /home/jandro/ros2_gen2_ws/install/gen2_moveit_config/share/gen2_moveit_config/launch/rsp.launch.py
[0.850s] -- Installing: /home/jandro/ros2_gen2_ws/install/gen2_moveit_config/share/gen2_moveit_config/launch/setup_assistant.launch.py
[0.850s] -- Installing: /home/jandro/ros2_gen2_ws/install/gen2_moveit_config/share/gen2_moveit_config/launch/moveit_rviz.launch.py
[0.850s] -- Installing: /home/jandro/ros2_gen2_ws/install/gen2_moveit_config/share/gen2_moveit_config/launch/move_group.launch.py
[0.850s] -- Installing: /home/jandro/ros2_gen2_ws/install/gen2_moveit_config/share/gen2_moveit_config/config
[0.850s] -- Installing: /home/jandro/ros2_gen2_ws/install/gen2_moveit_config/share/gen2_moveit_config/config/pilz_cartesian_limits.yaml
[0.850s] -- Installing: /home/jandro/ros2_gen2_ws/install/gen2_moveit_config/share/gen2_moveit_config/config/joint_limits.yaml
[0.850s] -- Installing: /home/jandro/ros2_gen2_ws/install/gen2_moveit_config/share/gen2_moveit_config/config/ros2_controllers.yaml
[0.850s] -- Installing: /home/jandro/ros2_gen2_ws/install/gen2_moveit_config/share/gen2_moveit_config/config/moveit.rviz
[0.851s] -- Installing: /home/jandro/ros2_gen2_ws/install/gen2_moveit_config/share/gen2_moveit_config/config/kinematics.yaml
[0.851s] -- Installing: /home/jandro/ros2_gen2_ws/install/gen2_moveit_config/share/gen2_moveit_config/config/j2n6s300.srdf
[0.851s] -- Installing: /home/jandro/ros2_gen2_ws/install/gen2_moveit_config/share/gen2_moveit_config/.setup_assistant
[0.853s] Invoked command in '/home/jandro/ros2_gen2_ws/build/gen2_moveit_config' returned '0': CMAKE_PREFIX_PATH=${CMAKE_PREFIX_PATH}:/opt/ros/jazzy DEBUGINFOD_URLS=https://debuginfod.ubuntu.com /usr/bin/cmake --install /home/jandro/ros2_gen2_ws/build/gen2_moveit_config
