[0.128s] DEBUG:colcon:Command line arguments: ['/usr/bin/colcon', 'build', '--packages-select', 'collaborative_gen2']
[0.128s] DEBUG:colcon:Parsed command line arguments: Namespace(log_base=None, log_level=None, verb_name='build', build_base='build', install_base='install', merge_install=False, symlink_install=False, test_result_base=None, continue_on_error=False, executor='parallel', parallel_workers=4, event_handlers=None, ignore_user_meta=False, metas=['./colcon.meta'], base_paths=['.'], packages_ignore=None, packages_ignore_regex=None, paths=None, packages_up_to=None, packages_up_to_regex=None, packages_above=None, packages_above_and_dependencies=None, packages_above_depth=None, packages_select_by_dep=None, packages_skip_by_dep=None, packages_skip_up_to=None, packages_select_build_failed=False, packages_skip_build_finished=False, packages_select_test_failures=False, packages_skip_test_passed=False, packages_select=['collaborative_gen2'], packages_skip=None, packages_select_regex=None, packages_skip_regex=None, packages_start=None, packages_end=None, allow_overriding=[], cmake_args=None, cmake_target=None, cmake_target_skip_unavailable=False, cmake_clean_cache=False, cmake_clean_first=False, cmake_force_configure=False, ament_cmake_args=None, catkin_cmake_args=None, catkin_skip_building_tests=False, mixin_files=None, mixin=None, verb_parser=<colcon_mixin.mixin.mixin_argument.MixinArgumentDecorator object at 0x705c1cdaa780>, verb_extension=<colcon_core.verb.build.BuildVerb object at 0x705c1cecacf0>, main=<bound method BuildVerb.main of <colcon_core.verb.build.BuildVerb object at 0x705c1cecacf0>>, mixin_verb=('build',))
[0.172s] Level 1:colcon.colcon_core.package_discovery:discover_packages(colcon_meta) check parameters
[0.172s] Level 1:colcon.colcon_core.package_discovery:discover_packages(recursive) check parameters
[0.172s] Level 1:colcon.colcon_core.package_discovery:discover_packages(ignore) check parameters
[0.172s] Level 1:colcon.colcon_core.package_discovery:discover_packages(path) check parameters
[0.172s] Level 1:colcon.colcon_core.package_discovery:discover_packages(colcon_meta) discover
[0.172s] Level 1:colcon.colcon_core.package_discovery:discover_packages(recursive) discover
[0.172s] INFO:colcon.colcon_core.package_discovery:Crawling recursively for packages in '/home/jandro/ros2_gen2_ws'
[0.172s] Level 1:colcon.colcon_core.package_identification:_identify(.) by extensions ['ignore', 'ignore_ament_install']
[0.173s] Level 1:colcon.colcon_core.package_identification:_identify(.) by extension 'ignore'
[0.173s] Level 1:colcon.colcon_core.package_identification:_identify(.) by extension 'ignore_ament_install'
[0.173s] Level 1:colcon.colcon_core.package_identification:_identify(.) by extensions ['colcon_pkg']
[0.173s] Level 1:colcon.colcon_core.package_identification:_identify(.) by extension 'colcon_pkg'
[0.173s] Level 1:colcon.colcon_core.package_identification:_identify(.) by extensions ['colcon_meta']
[0.173s] Level 1:colcon.colcon_core.package_identification:_identify(.) by extension 'colcon_meta'
[0.173s] Level 1:colcon.colcon_core.package_identification:_identify(.) by extensions ['ros']
[0.173s] Level 1:colcon.colcon_core.package_identification:_identify(.) by extension 'ros'
[0.201s] Level 1:colcon.colcon_core.package_identification:_identify(.) by extensions ['cmake', 'python']
[0.201s] Level 1:colcon.colcon_core.package_identification:_identify(.) by extension 'cmake'
[0.201s] Level 1:colcon.colcon_core.package_identification:_identify(.) by extension 'python'
[0.201s] Level 1:colcon.colcon_core.package_identification:_identify(.) by extensions ['python_setup_py']
[0.201s] Level 1:colcon.colcon_core.package_identification:_identify(.) by extension 'python_setup_py'
[0.201s] Level 1:colcon.colcon_core.package_identification:_identify(build) by extensions ['ignore', 'ignore_ament_install']
[0.201s] Level 1:colcon.colcon_core.package_identification:_identify(build) by extension 'ignore'
[0.201s] Level 1:colcon.colcon_core.package_identification:_identify(build) ignored
[0.201s] Level 1:colcon.colcon_core.package_identification:_identify(install) by extensions ['ignore', 'ignore_ament_install']
[0.202s] Level 1:colcon.colcon_core.package_identification:_identify(install) by extension 'ignore'
[0.202s] Level 1:colcon.colcon_core.package_identification:_identify(install) ignored
[0.202s] Level 1:colcon.colcon_core.package_identification:_identify(log) by extensions ['ignore', 'ignore_ament_install']
[0.202s] Level 1:colcon.colcon_core.package_identification:_identify(log) by extension 'ignore'
[0.202s] Level 1:colcon.colcon_core.package_identification:_identify(log) ignored
[0.202s] Level 1:colcon.colcon_core.package_identification:_identify(src) by extensions ['ignore', 'ignore_ament_install']
[0.202s] Level 1:colcon.colcon_core.package_identification:_identify(src) by extension 'ignore'
[0.202s] Level 1:colcon.colcon_core.package_identification:_identify(src) by extension 'ignore_ament_install'
[0.202s] Level 1:colcon.colcon_core.package_identification:_identify(src) by extensions ['colcon_pkg']
[0.202s] Level 1:colcon.colcon_core.package_identification:_identify(src) by extension 'colcon_pkg'
[0.202s] Level 1:colcon.colcon_core.package_identification:_identify(src) by extensions ['colcon_meta']
[0.202s] Level 1:colcon.colcon_core.package_identification:_identify(src) by extension 'colcon_meta'
[0.202s] Level 1:colcon.colcon_core.package_identification:_identify(src) by extensions ['ros']
[0.202s] Level 1:colcon.colcon_core.package_identification:_identify(src) by extension 'ros'
[0.202s] Level 1:colcon.colcon_core.package_identification:_identify(src) by extensions ['cmake', 'python']
[0.202s] Level 1:colcon.colcon_core.package_identification:_identify(src) by extension 'cmake'
[0.202s] Level 1:colcon.colcon_core.package_identification:_identify(src) by extension 'python'
[0.203s] Level 1:colcon.colcon_core.package_identification:_identify(src) by extensions ['python_setup_py']
[0.203s] Level 1:colcon.colcon_core.package_identification:_identify(src) by extension 'python_setup_py'
[0.203s] Level 1:colcon.colcon_core.package_identification:_identify(src/collaborative_gen2) by extensions ['ignore', 'ignore_ament_install']
[0.203s] Level 1:colcon.colcon_core.package_identification:_identify(src/collaborative_gen2) by extension 'ignore'
[0.203s] Level 1:colcon.colcon_core.package_identification:_identify(src/collaborative_gen2) by extension 'ignore_ament_install'
[0.203s] Level 1:colcon.colcon_core.package_identification:_identify(src/collaborative_gen2) by extensions ['colcon_pkg']
[0.203s] Level 1:colcon.colcon_core.package_identification:_identify(src/collaborative_gen2) by extension 'colcon_pkg'
[0.203s] Level 1:colcon.colcon_core.package_identification:_identify(src/collaborative_gen2) by extensions ['colcon_meta']
[0.203s] Level 1:colcon.colcon_core.package_identification:_identify(src/collaborative_gen2) by extension 'colcon_meta'
[0.203s] Level 1:colcon.colcon_core.package_identification:_identify(src/collaborative_gen2) by extensions ['ros']
[0.203s] Level 1:colcon.colcon_core.package_identification:_identify(src/collaborative_gen2) by extension 'ros'
[0.207s] DEBUG:colcon.colcon_core.package_identification:Package 'src/collaborative_gen2' with type 'ros.ament_cmake' and name 'collaborative_gen2'
[0.207s] Level 1:colcon.colcon_core.package_identification:_identify(src/gen2_moveit_config) by extensions ['ignore', 'ignore_ament_install']
[0.208s] Level 1:colcon.colcon_core.package_identification:_identify(src/gen2_moveit_config) by extension 'ignore'
[0.208s] Level 1:colcon.colcon_core.package_identification:_identify(src/gen2_moveit_config) by extension 'ignore_ament_install'
[0.208s] Level 1:colcon.colcon_core.package_identification:_identify(src/gen2_moveit_config) by extensions ['colcon_pkg']
[0.208s] Level 1:colcon.colcon_core.package_identification:_identify(src/gen2_moveit_config) by extension 'colcon_pkg'
[0.208s] Level 1:colcon.colcon_core.package_identification:_identify(src/gen2_moveit_config) by extensions ['colcon_meta']
[0.208s] Level 1:colcon.colcon_core.package_identification:_identify(src/gen2_moveit_config) by extension 'colcon_meta'
[0.208s] Level 1:colcon.colcon_core.package_identification:_identify(src/gen2_moveit_config) by extensions ['ros']
[0.208s] Level 1:colcon.colcon_core.package_identification:_identify(src/gen2_moveit_config) by extension 'ros'
[0.209s] DEBUG:colcon.colcon_core.package_identification:Package 'src/gen2_moveit_config' with type 'ros.ament_cmake' and name 'gen2_moveit_config'
[0.209s] Level 1:colcon.colcon_core.package_identification:_identify(src/kinova_description) by extensions ['ignore', 'ignore_ament_install']
[0.209s] Level 1:colcon.colcon_core.package_identification:_identify(src/kinova_description) by extension 'ignore'
[0.209s] Level 1:colcon.colcon_core.package_identification:_identify(src/kinova_description) by extension 'ignore_ament_install'
[0.209s] Level 1:colcon.colcon_core.package_identification:_identify(src/kinova_description) by extensions ['colcon_pkg']
[0.209s] Level 1:colcon.colcon_core.package_identification:_identify(src/kinova_description) by extension 'colcon_pkg'
[0.209s] Level 1:colcon.colcon_core.package_identification:_identify(src/kinova_description) by extensions ['colcon_meta']
[0.209s] Level 1:colcon.colcon_core.package_identification:_identify(src/kinova_description) by extension 'colcon_meta'
[0.210s] Level 1:colcon.colcon_core.package_identification:_identify(src/kinova_description) by extensions ['ros']
[0.210s] Level 1:colcon.colcon_core.package_identification:_identify(src/kinova_description) by extension 'ros'
[0.210s] DEBUG:colcon.colcon_core.package_identification:Package 'src/kinova_description' with type 'ros.ament_cmake' and name 'kinova_description'
[0.210s] Level 1:colcon.colcon_core.package_discovery:discover_packages(recursive) using defaults
[0.210s] Level 1:colcon.colcon_core.package_discovery:discover_packages(ignore) discover
[0.210s] Level 1:colcon.colcon_core.package_discovery:discover_packages(ignore) using defaults
[0.210s] Level 1:colcon.colcon_core.package_discovery:discover_packages(path) discover
[0.210s] Level 1:colcon.colcon_core.package_discovery:discover_packages(path) using defaults
[0.230s] INFO:colcon.colcon_core.package_selection:Skipping not selected package 'kinova_description' in 'src/kinova_description'
[0.230s] INFO:colcon.colcon_core.package_selection:Skipping not selected package 'gen2_moveit_config' in 'src/gen2_moveit_config'
[0.230s] Level 1:colcon.colcon_core.package_discovery:discover_packages(prefix_path) check parameters
[0.230s] Level 1:colcon.colcon_core.package_discovery:discover_packages(prefix_path) discover
[0.712s] DEBUG:colcon.colcon_installed_package_information.package_discovery:Found 3 installed packages in /home/jandro/ros2_gen2_ws/install
[0.715s] DEBUG:colcon.colcon_installed_package_information.package_discovery:Found 73 installed packages in /home/jandro/workspace/ros2_kortex_ws/install
[0.718s] DEBUG:colcon.colcon_installed_package_information.package_discovery:Found 413 installed packages in /opt/ros/jazzy
[0.725s] Level 1:colcon.colcon_core.package_discovery:discover_packages(prefix_path) using defaults
[2.111s] Level 5:colcon.colcon_core.verb:set package 'collaborative_gen2' build argument 'cmake_args' from command line to 'None'
[2.111s] Level 5:colcon.colcon_core.verb:set package 'collaborative_gen2' build argument 'cmake_target' from command line to 'None'
[2.111s] Level 5:colcon.colcon_core.verb:set package 'collaborative_gen2' build argument 'cmake_target_skip_unavailable' from command line to 'False'
[2.111s] Level 5:colcon.colcon_core.verb:set package 'collaborative_gen2' build argument 'cmake_clean_cache' from command line to 'False'
[2.111s] Level 5:colcon.colcon_core.verb:set package 'collaborative_gen2' build argument 'cmake_clean_first' from command line to 'False'
[2.111s] Level 5:colcon.colcon_core.verb:set package 'collaborative_gen2' build argument 'cmake_force_configure' from command line to 'False'
[2.111s] Level 5:colcon.colcon_core.verb:set package 'collaborative_gen2' build argument 'ament_cmake_args' from command line to 'None'
[2.111s] Level 5:colcon.colcon_core.verb:set package 'collaborative_gen2' build argument 'catkin_cmake_args' from command line to 'None'
[2.111s] Level 5:colcon.colcon_core.verb:set package 'collaborative_gen2' build argument 'catkin_skip_building_tests' from command line to 'False'
[2.111s] DEBUG:colcon.colcon_core.verb:Building package 'collaborative_gen2' with the following arguments: {'ament_cmake_args': None, 'build_base': '/home/jandro/ros2_gen2_ws/build/collaborative_gen2', 'catkin_cmake_args': None, 'catkin_skip_building_tests': False, 'cmake_args': None, 'cmake_clean_cache': False, 'cmake_clean_first': False, 'cmake_force_configure': False, 'cmake_target': None, 'cmake_target_skip_unavailable': False, 'install_base': '/home/jandro/ros2_gen2_ws/install/collaborative_gen2', 'merge_install': False, 'path': '/home/jandro/ros2_gen2_ws/src/collaborative_gen2', 'symlink_install': False, 'test_result_base': None}
[2.111s] INFO:colcon.colcon_core.executor:Executing jobs using 'parallel' executor
[2.112s] DEBUG:colcon.colcon_parallel_executor.executor.parallel:run_until_complete
[2.112s] INFO:colcon.colcon_ros.task.ament_cmake.build:Building ROS package in '/home/jandro/ros2_gen2_ws/src/collaborative_gen2' with build type 'ament_cmake'
[2.113s] INFO:colcon.colcon_cmake.task.cmake.build:Building CMake package in '/home/jandro/ros2_gen2_ws/src/collaborative_gen2'
[2.115s] INFO:colcon.colcon_core.plugin_system:Skipping extension 'colcon_core.shell.bat': Not used on non-Windows systems
[2.115s] INFO:colcon.colcon_core.shell:Skip shell extension 'powershell' for command environment: Not usable outside of PowerShell
[2.115s] DEBUG:colcon.colcon_core.shell:Skip shell extension 'dsv' for command environment
[2.133s] DEBUG:colcon.colcon_core.event_handler.log_command:Invoking command in '/home/jandro/ros2_gen2_ws/build/collaborative_gen2': CMAKE_PREFIX_PATH=${CMAKE_PREFIX_PATH}:/home/jandro/workspace/ros2_kortex_ws/install/rqt_joint_trajectory_controller:/home/jandro/workspace/ros2_kortex_ws/install/rqt_controller_manager:/home/jandro/workspace/ros2_kortex_ws/install/ros2controlcli:/home/jandro/workspace/ros2_kortex_ws/install/ros2_controllers_test_nodes:/home/jandro/workspace/ros2_kortex_ws/install/generate_parameter_module_example:/home/jandro/workspace/ros2_kortex_ws/install/generate_parameter_library_py:/opt/ros/jazzy DEBUGINFOD_URLS=https://debuginfod.ubuntu.com /usr/bin/cmake --build /home/jandro/ros2_gen2_ws/build/collaborative_gen2 -- -j4 -l4
[6.833s] DEBUG:colcon.colcon_core.event_handler.log_command:Invoked command in '/home/jandro/ros2_gen2_ws/build/collaborative_gen2' returned '0': CMAKE_PREFIX_PATH=${CMAKE_PREFIX_PATH}:/home/jandro/workspace/ros2_kortex_ws/install/rqt_joint_trajectory_controller:/home/jandro/workspace/ros2_kortex_ws/install/rqt_controller_manager:/home/jandro/workspace/ros2_kortex_ws/install/ros2controlcli:/home/jandro/workspace/ros2_kortex_ws/install/ros2_controllers_test_nodes:/home/jandro/workspace/ros2_kortex_ws/install/generate_parameter_module_example:/home/jandro/workspace/ros2_kortex_ws/install/generate_parameter_library_py:/opt/ros/jazzy DEBUGINFOD_URLS=https://debuginfod.ubuntu.com /usr/bin/cmake --build /home/jandro/ros2_gen2_ws/build/collaborative_gen2 -- -j4 -l4
[6.850s] DEBUG:colcon.colcon_core.event_handler.log_command:Invoking command in '/home/jandro/ros2_gen2_ws/build/collaborative_gen2': CMAKE_PREFIX_PATH=${CMAKE_PREFIX_PATH}:/home/jandro/workspace/ros2_kortex_ws/install/rqt_joint_trajectory_controller:/home/jandro/workspace/ros2_kortex_ws/install/rqt_controller_manager:/home/jandro/workspace/ros2_kortex_ws/install/ros2controlcli:/home/jandro/workspace/ros2_kortex_ws/install/ros2_controllers_test_nodes:/home/jandro/workspace/ros2_kortex_ws/install/generate_parameter_module_example:/home/jandro/workspace/ros2_kortex_ws/install/generate_parameter_library_py:/opt/ros/jazzy DEBUGINFOD_URLS=https://debuginfod.ubuntu.com /usr/bin/cmake --install /home/jandro/ros2_gen2_ws/build/collaborative_gen2
[6.867s] Level 1:colcon.colcon_core.environment:create_environment_scripts_only(collaborative_gen2)
[6.868s] DEBUG:colcon.colcon_core.event_handler.log_command:Invoked command in '/home/jandro/ros2_gen2_ws/build/collaborative_gen2' returned '0': CMAKE_PREFIX_PATH=${CMAKE_PREFIX_PATH}:/home/jandro/workspace/ros2_kortex_ws/install/rqt_joint_trajectory_controller:/home/jandro/workspace/ros2_kortex_ws/install/rqt_controller_manager:/home/jandro/workspace/ros2_kortex_ws/install/ros2controlcli:/home/jandro/workspace/ros2_kortex_ws/install/ros2_controllers_test_nodes:/home/jandro/workspace/ros2_kortex_ws/install/generate_parameter_module_example:/home/jandro/workspace/ros2_kortex_ws/install/generate_parameter_library_py:/opt/ros/jazzy DEBUGINFOD_URLS=https://debuginfod.ubuntu.com /usr/bin/cmake --install /home/jandro/ros2_gen2_ws/build/collaborative_gen2
[6.870s] Level 1:colcon.colcon_core.environment:checking '/home/jandro/ros2_gen2_ws/install/collaborative_gen2' for CMake module files
[6.870s] Level 1:colcon.colcon_core.environment:checking '/home/jandro/ros2_gen2_ws/install/collaborative_gen2' for CMake config files
[6.871s] Level 1:colcon.colcon_core.shell:create_environment_hook('collaborative_gen2', 'cmake_prefix_path')
[6.871s] INFO:colcon.colcon_core.shell:Creating environment hook '/home/jandro/ros2_gen2_ws/install/collaborative_gen2/share/collaborative_gen2/hook/cmake_prefix_path.ps1'
[6.871s] INFO:colcon.colcon_core.shell:Creating environment descriptor '/home/jandro/ros2_gen2_ws/install/collaborative_gen2/share/collaborative_gen2/hook/cmake_prefix_path.dsv'
[6.872s] INFO:colcon.colcon_core.shell:Creating environment hook '/home/jandro/ros2_gen2_ws/install/collaborative_gen2/share/collaborative_gen2/hook/cmake_prefix_path.sh'
[6.873s] Level 1:colcon.colcon_core.environment:checking '/home/jandro/ros2_gen2_ws/install/collaborative_gen2/lib'
[6.873s] Level 1:colcon.colcon_core.environment:checking '/home/jandro/ros2_gen2_ws/install/collaborative_gen2/bin'
[6.873s] Level 1:colcon.colcon_core.environment:checking '/home/jandro/ros2_gen2_ws/install/collaborative_gen2/lib/pkgconfig/collaborative_gen2.pc'
[6.873s] Level 1:colcon.colcon_core.environment:checking '/home/jandro/ros2_gen2_ws/install/collaborative_gen2/lib/python3.12/site-packages'
[6.874s] Level 1:colcon.colcon_core.environment:checking '/home/jandro/ros2_gen2_ws/install/collaborative_gen2/bin'
[6.874s] INFO:colcon.colcon_core.shell:Creating package script '/home/jandro/ros2_gen2_ws/install/collaborative_gen2/share/collaborative_gen2/package.ps1'
[6.876s] INFO:colcon.colcon_core.shell:Creating package descriptor '/home/jandro/ros2_gen2_ws/install/collaborative_gen2/share/collaborative_gen2/package.dsv'
[6.876s] INFO:colcon.colcon_core.shell:Creating package script '/home/jandro/ros2_gen2_ws/install/collaborative_gen2/share/collaborative_gen2/package.sh'
[6.877s] INFO:colcon.colcon_core.shell:Creating package script '/home/jandro/ros2_gen2_ws/install/collaborative_gen2/share/collaborative_gen2/package.bash'
[6.878s] INFO:colcon.colcon_core.shell:Creating package script '/home/jandro/ros2_gen2_ws/install/collaborative_gen2/share/collaborative_gen2/package.zsh'
[6.878s] Level 1:colcon.colcon_core.environment:create_file_with_runtime_dependencies(/home/jandro/ros2_gen2_ws/install/collaborative_gen2/share/colcon-core/packages/collaborative_gen2)
[6.879s] Level 1:colcon.colcon_core.environment:create_environment_scripts_only(collaborative_gen2)
[6.879s] Level 1:colcon.colcon_core.environment:checking '/home/jandro/ros2_gen2_ws/install/collaborative_gen2' for CMake module files
[6.880s] Level 1:colcon.colcon_core.environment:checking '/home/jandro/ros2_gen2_ws/install/collaborative_gen2' for CMake config files
[6.880s] Level 1:colcon.colcon_core.shell:create_environment_hook('collaborative_gen2', 'cmake_prefix_path')
[6.880s] INFO:colcon.colcon_core.shell:Creating environment hook '/home/jandro/ros2_gen2_ws/install/collaborative_gen2/share/collaborative_gen2/hook/cmake_prefix_path.ps1'
[6.881s] INFO:colcon.colcon_core.shell:Creating environment descriptor '/home/jandro/ros2_gen2_ws/install/collaborative_gen2/share/collaborative_gen2/hook/cmake_prefix_path.dsv'
[6.881s] INFO:colcon.colcon_core.shell:Creating environment hook '/home/jandro/ros2_gen2_ws/install/collaborative_gen2/share/collaborative_gen2/hook/cmake_prefix_path.sh'
[6.882s] Level 1:colcon.colcon_core.environment:checking '/home/jandro/ros2_gen2_ws/install/collaborative_gen2/lib'
[6.882s] Level 1:colcon.colcon_core.environment:checking '/home/jandro/ros2_gen2_ws/install/collaborative_gen2/bin'
[6.882s] Level 1:colcon.colcon_core.environment:checking '/home/jandro/ros2_gen2_ws/install/collaborative_gen2/lib/pkgconfig/collaborative_gen2.pc'
[6.882s] Level 1:colcon.colcon_core.environment:checking '/home/jandro/ros2_gen2_ws/install/collaborative_gen2/lib/python3.12/site-packages'
[6.882s] Level 1:colcon.colcon_core.environment:checking '/home/jandro/ros2_gen2_ws/install/collaborative_gen2/bin'
[6.883s] INFO:colcon.colcon_core.shell:Creating package script '/home/jandro/ros2_gen2_ws/install/collaborative_gen2/share/collaborative_gen2/package.ps1'
[6.883s] INFO:colcon.colcon_core.shell:Creating package descriptor '/home/jandro/ros2_gen2_ws/install/collaborative_gen2/share/collaborative_gen2/package.dsv'
[6.883s] INFO:colcon.colcon_core.shell:Creating package script '/home/jandro/ros2_gen2_ws/install/collaborative_gen2/share/collaborative_gen2/package.sh'
[6.884s] INFO:colcon.colcon_core.shell:Creating package script '/home/jandro/ros2_gen2_ws/install/collaborative_gen2/share/collaborative_gen2/package.bash'
[6.884s] INFO:colcon.colcon_core.shell:Creating package script '/home/jandro/ros2_gen2_ws/install/collaborative_gen2/share/collaborative_gen2/package.zsh'
[6.899s] Level 1:colcon.colcon_core.environment:create_file_with_runtime_dependencies(/home/jandro/ros2_gen2_ws/install/collaborative_gen2/share/colcon-core/packages/collaborative_gen2)
[6.900s] DEBUG:colcon.colcon_parallel_executor.executor.parallel:closing loop
[6.900s] DEBUG:colcon.colcon_parallel_executor.executor.parallel:loop closed
[6.900s] DEBUG:colcon.colcon_parallel_executor.executor.parallel:run_until_complete finished with '0'
[6.900s] DEBUG:colcon.colcon_core.event_reactor:joining thread
[6.913s] INFO:colcon.colcon_core.plugin_system:Skipping extension 'colcon_notification.desktop_notification.terminal_notifier': Not used on non-Darwin systems
[6.913s] INFO:colcon.colcon_core.plugin_system:Skipping extension 'colcon_notification.desktop_notification.win32': Not used on non-Windows systems
[6.913s] INFO:colcon.colcon_notification.desktop_notification:Sending desktop notification using 'notify2'
[6.931s] DEBUG:colcon.colcon_core.event_reactor:joined thread
[6.932s] INFO:colcon.colcon_core.shell:Creating prefix script '/home/jandro/ros2_gen2_ws/install/local_setup.ps1'
[6.933s] INFO:colcon.colcon_core.shell:Creating prefix util module '/home/jandro/ros2_gen2_ws/install/_local_setup_util_ps1.py'
[6.934s] INFO:colcon.colcon_core.shell:Creating prefix chain script '/home/jandro/ros2_gen2_ws/install/setup.ps1'
[6.939s] INFO:colcon.colcon_core.shell:Creating prefix script '/home/jandro/ros2_gen2_ws/install/local_setup.sh'
[6.940s] INFO:colcon.colcon_core.shell:Creating prefix util module '/home/jandro/ros2_gen2_ws/install/_local_setup_util_sh.py'
[6.941s] INFO:colcon.colcon_core.shell:Creating prefix chain script '/home/jandro/ros2_gen2_ws/install/setup.sh'
[6.945s] INFO:colcon.colcon_core.shell:Creating prefix script '/home/jandro/ros2_gen2_ws/install/local_setup.bash'
[6.946s] INFO:colcon.colcon_core.shell:Creating prefix chain script '/home/jandro/ros2_gen2_ws/install/setup.bash'
[6.950s] INFO:colcon.colcon_core.shell:Creating prefix script '/home/jandro/ros2_gen2_ws/install/local_setup.zsh'
[6.951s] INFO:colcon.colcon_core.shell:Creating prefix chain script '/home/jandro/ros2_gen2_ws/install/setup.zsh'
